2022-04-23 12:38:52.923 [main] INFO  com.zd.esearch.EsearchApplication - Starting EsearchApplication using Java 11.0.12 on ZDSH with PID 2240 (D:\ideaworkspace\esearch\target\classes started by ZD in D:\ideaworkspace\esearch)
2022-04-23 12:38:52.925 [main] INFO  com.zd.esearch.EsearchApplication - No active profile set, falling back to default profiles: default
2022-04-23 12:38:54.178 [main] INFO  o.s.boot.web.embedded.tomcat.TomcatWebServer - Tomcat initialized with port(s): 10086 (http)
2022-04-23 12:38:54.194 [main] INFO  org.apache.coyote.http11.Http11NioProtocol - Initializing ProtocolHandler ["http-nio-10086"]
2022-04-23 12:38:54.195 [main] INFO  org.apache.catalina.core.StandardService - Starting service [Tomcat]
2022-04-23 12:38:54.196 [main] INFO  org.apache.catalina.core.StandardEngine - Starting Servlet engine: [Apache Tomcat/9.0.56]
2022-04-23 12:38:54.410 [main] INFO  o.a.c.core.ContainerBase.[Tomcat].[localhost].[/] - Initializing Spring embedded WebApplicationContext
2022-04-23 12:38:54.411 [main] INFO  o.s.b.w.s.c.ServletWebServerApplicationContext - Root WebApplicationContext: initialization completed in 1415 ms
2022-04-23 12:38:55.230 [main] INFO  o.s.b.a.web.servlet.WelcomePageHandlerMapping - Adding welcome page template: index
2022-04-23 12:38:55.482 [main] INFO  org.apache.coyote.http11.Http11NioProtocol - Starting ProtocolHandler ["http-nio-10086"]
2022-04-23 12:38:55.509 [main] INFO  o.s.boot.web.embedded.tomcat.TomcatWebServer - Tomcat started on port(s): 10086 (http) with context path ''
2022-04-23 12:38:55.529 [main] INFO  com.zd.esearch.EsearchApplication - Started EsearchApplication in 3.429 seconds (JVM running for 8.491)
2022-04-23 14:33:39.602 [http-nio-10086-exec-1] INFO  o.a.c.core.ContainerBase.[Tomcat].[localhost].[/] - Initializing Spring DispatcherServlet 'dispatcherServlet'
2022-04-23 14:33:39.604 [http-nio-10086-exec-1] INFO  org.springframework.web.servlet.DispatcherServlet - Initializing Servlet 'dispatcherServlet'
2022-04-23 14:33:39.605 [http-nio-10086-exec-1] INFO  org.springframework.web.servlet.DispatcherServlet - Completed initialization in 1 ms
2022-04-23 14:33:39.656 [http-nio-10086-exec-1] INFO  com.zaxxer.hikari.HikariDataSource - HikariPool-1 - Starting...
2022-04-23 14:33:39.775 [http-nio-10086-exec-1] INFO  com.zaxxer.hikari.HikariDataSource - HikariPool-1 - Start completed.
2022-04-23 14:33:39.781 [http-nio-10086-exec-1] DEBUG com.zd.esearch.mapper.UserMapper.selectByExample - ==>  Preparing: select ID, ACCOUNT_ID, NAME, TOKEN, GMT_CREATE, GMT_MODIFIED, AVATAR_URL from USER WHERE ( TOKEN = ? )
2022-04-23 14:33:39.793 [http-nio-10086-exec-1] DEBUG com.zd.esearch.mapper.UserMapper.selectByExample - ==> Parameters: e7e17001-5079-4c5a-b971-e0ed058f196b(String)
2022-04-23 14:33:39.803 [http-nio-10086-exec-1] DEBUG com.zd.esearch.mapper.UserMapper.selectByExample - <==      Total: 1
2022-04-23 14:33:40.156 [http-nio-10086-exec-1] WARN  org.apache.catalina.util.SessionIdGeneratorBase - Creation of SecureRandom instance for session ID generation using [SHA1PRNG] took [347] milliseconds.
2022-04-23 14:33:40.169 [http-nio-10086-exec-1] DEBUG c.z.e.mapper.QuestionMapper.selectByPrimaryKey - ==>  Preparing: select ID, TITLE, GMT_CREATE, GMT_MODIFIED, CREATOR, COMMENT_COUNT, VIEW_COUNT, LIKE_COUNT, TAG , DESCRIPTION from QUESTION where ID = ?
2022-04-23 14:33:40.169 [http-nio-10086-exec-1] DEBUG c.z.e.mapper.QuestionMapper.selectByPrimaryKey - ==> Parameters: 1974(Long)
2022-04-23 14:33:40.171 [http-nio-10086-exec-1] DEBUG c.z.e.mapper.QuestionMapper.selectByPrimaryKey - <==      Total: 1
2022-04-23 14:33:40.177 [http-nio-10086-exec-1] DEBUG c.zd.esearch.mapper.UserMapper.selectByPrimaryKey - ==>  Preparing: select ID, ACCOUNT_ID, NAME, TOKEN, GMT_CREATE, GMT_MODIFIED, AVATAR_URL from USER where ID = ?
2022-04-23 14:33:40.177 [http-nio-10086-exec-1] DEBUG c.zd.esearch.mapper.UserMapper.selectByPrimaryKey - ==> Parameters: 3733(Long)
2022-04-23 14:33:40.178 [http-nio-10086-exec-1] DEBUG c.zd.esearch.mapper.UserMapper.selectByPrimaryKey - <==      Total: 1
2022-04-23 14:33:40.178 [http-nio-10086-exec-1] DEBUG com.zd.esearch.mapper.QuestionExtMapper.incView - ==>  Preparing: update QUESTION set VIEW_COUNT = VIEW_COUNT + ? where id = ?
2022-04-23 14:33:40.180 [http-nio-10086-exec-1] DEBUG com.zd.esearch.mapper.QuestionExtMapper.incView - ==> Parameters: 1(Integer), 1974(Long)
2022-04-23 14:33:40.183 [http-nio-10086-exec-1] DEBUG com.zd.esearch.mapper.QuestionExtMapper.incView - <==    Updates: 1
2022-04-23 14:33:42.370 [http-nio-10086-exec-2] DEBUG com.zd.esearch.mapper.UserMapper.selectByExample - ==>  Preparing: select ID, ACCOUNT_ID, NAME, TOKEN, GMT_CREATE, GMT_MODIFIED, AVATAR_URL from USER WHERE ( TOKEN = ? )
2022-04-23 14:33:42.370 [http-nio-10086-exec-2] DEBUG com.zd.esearch.mapper.UserMapper.selectByExample - ==> Parameters: e7e17001-5079-4c5a-b971-e0ed058f196b(String)
2022-04-23 14:33:42.371 [http-nio-10086-exec-2] DEBUG com.zd.esearch.mapper.UserMapper.selectByExample - <==      Total: 1
2022-04-23 14:33:42.375 [http-nio-10086-exec-2] DEBUG c.zd.esearch.mapper.QuestionMapper.countByExample - ==>  Preparing: select count(*) from QUESTION
2022-04-23 14:33:42.375 [http-nio-10086-exec-2] DEBUG c.zd.esearch.mapper.QuestionMapper.countByExample - ==> Parameters: 
2022-04-23 14:33:42.376 [http-nio-10086-exec-2] DEBUG c.zd.esearch.mapper.QuestionMapper.countByExample - <==      Total: 1
2022-04-23 14:33:42.380 [http-nio-10086-exec-2] DEBUG c.z.e.m.Q.selectByExampleWithRowbounds - ==>  Preparing: select ID, TITLE, GMT_CREATE, GMT_MODIFIED, CREATOR, COMMENT_COUNT, VIEW_COUNT, LIKE_COUNT, TAG from QUESTION LIMIT ?
2022-04-23 14:33:42.381 [http-nio-10086-exec-2] DEBUG c.z.e.m.Q.selectByExampleWithRowbounds - ==> Parameters: 3(Integer)
2022-04-23 14:33:42.382 [http-nio-10086-exec-2] DEBUG c.z.e.m.Q.selectByExampleWithRowbounds - <==      Total: 3
2022-04-23 14:33:42.382 [http-nio-10086-exec-2] DEBUG c.zd.esearch.mapper.UserMapper.selectByPrimaryKey - ==>  Preparing: select ID, ACCOUNT_ID, NAME, TOKEN, GMT_CREATE, GMT_MODIFIED, AVATAR_URL from USER where ID = ?
2022-04-23 14:33:42.382 [http-nio-10086-exec-2] DEBUG c.zd.esearch.mapper.UserMapper.selectByPrimaryKey - ==> Parameters: 3733(Long)
2022-04-23 14:33:42.383 [http-nio-10086-exec-2] DEBUG c.zd.esearch.mapper.UserMapper.selectByPrimaryKey - <==      Total: 1
2022-04-23 14:33:42.383 [http-nio-10086-exec-2] DEBUG c.zd.esearch.mapper.UserMapper.selectByPrimaryKey - ==>  Preparing: select ID, ACCOUNT_ID, NAME, TOKEN, GMT_CREATE, GMT_MODIFIED, AVATAR_URL from USER where ID = ?
2022-04-23 14:33:42.383 [http-nio-10086-exec-2] DEBUG c.zd.esearch.mapper.UserMapper.selectByPrimaryKey - ==> Parameters: 3733(Long)
2022-04-23 14:33:42.383 [http-nio-10086-exec-2] DEBUG c.zd.esearch.mapper.UserMapper.selectByPrimaryKey - <==      Total: 1
2022-04-23 14:33:42.384 [http-nio-10086-exec-2] DEBUG c.zd.esearch.mapper.UserMapper.selectByPrimaryKey - ==>  Preparing: select ID, ACCOUNT_ID, NAME, TOKEN, GMT_CREATE, GMT_MODIFIED, AVATAR_URL from USER where ID = ?
2022-04-23 14:33:42.384 [http-nio-10086-exec-2] DEBUG c.zd.esearch.mapper.UserMapper.selectByPrimaryKey - ==> Parameters: 3733(Long)
2022-04-23 14:33:42.384 [http-nio-10086-exec-2] DEBUG c.zd.esearch.mapper.UserMapper.selectByPrimaryKey - <==      Total: 1
2022-04-24 09:33:16.572 [HikariPool-1 housekeeper] WARN  com.zaxxer.hikari.pool.HikariPool - HikariPool-1 - Thread starvation or clock leap detected (housekeeper delta=14h57m4s728ms613µs700ns).
