2022-02-25 15:28:32.501 [main] INFO  com.zd.esearch.EsearchApplication - Starting EsearchApplication using Java 11.0.12 on ZDSH with PID 17508 (D:\ideaworkspace\esearch\target\classes started by ZD in D:\ideaworkspace\esearch)
2022-02-25 15:28:32.502 [main] INFO  com.zd.esearch.EsearchApplication - No active profile set, falling back to default profiles: default
2022-02-25 15:28:33.291 [main] INFO  o.s.boot.web.embedded.tomcat.TomcatWebServer - Tomcat initialized with port(s): 10086 (http)
2022-02-25 15:28:33.299 [main] INFO  org.apache.coyote.http11.Http11NioProtocol - Initializing ProtocolHandler ["http-nio-10086"]
2022-02-25 15:28:33.299 [main] INFO  org.apache.catalina.core.StandardService - Starting service [Tomcat]
2022-02-25 15:28:33.300 [main] INFO  org.apache.catalina.core.StandardEngine - Starting Servlet engine: [Apache Tomcat/9.0.56]
2022-02-25 15:28:33.371 [main] INFO  o.a.c.core.ContainerBase.[Tomcat].[localhost].[/] - Initializing Spring embedded WebApplicationContext
2022-02-25 15:28:33.371 [main] INFO  o.s.b.w.s.c.ServletWebServerApplicationContext - Root WebApplicationContext: initialization completed in 835 ms
2022-02-25 15:28:33.753 [main] INFO  o.s.b.a.web.servlet.WelcomePageHandlerMapping - Adding welcome page template: index
2022-02-25 15:28:33.884 [main] INFO  org.apache.coyote.http11.Http11NioProtocol - Starting ProtocolHandler ["http-nio-10086"]
2022-02-25 15:28:33.897 [main] INFO  o.s.boot.web.embedded.tomcat.TomcatWebServer - Tomcat started on port(s): 10086 (http) with context path ''
2022-02-25 15:28:33.906 [main] INFO  com.zd.esearch.EsearchApplication - Started EsearchApplication in 1.752 seconds (JVM running for 2.957)
2022-02-25 15:28:45.388 [http-nio-10086-exec-1] INFO  o.a.c.core.ContainerBase.[Tomcat].[localhost].[/] - Initializing Spring DispatcherServlet 'dispatcherServlet'
2022-02-25 15:28:45.388 [http-nio-10086-exec-1] INFO  org.springframework.web.servlet.DispatcherServlet - Initializing Servlet 'dispatcherServlet'
2022-02-25 15:28:45.389 [http-nio-10086-exec-1] INFO  org.springframework.web.servlet.DispatcherServlet - Completed initialization in 1 ms
2022-02-25 15:28:45.431 [http-nio-10086-exec-1] INFO  com.zaxxer.hikari.HikariDataSource - HikariPool-1 - Starting...
2022-02-25 15:28:45.545 [http-nio-10086-exec-1] INFO  com.zaxxer.hikari.HikariDataSource - HikariPool-1 - Start completed.
2022-02-25 15:28:45.550 [http-nio-10086-exec-1] DEBUG c.zd.esearch.mapper.QuestionMapper.countByExample - ==>  Preparing: select count(*) from QUESTION
2022-02-25 15:28:45.561 [http-nio-10086-exec-1] DEBUG c.zd.esearch.mapper.QuestionMapper.countByExample - ==> Parameters: 
2022-02-25 15:28:45.571 [http-nio-10086-exec-1] DEBUG c.zd.esearch.mapper.QuestionMapper.countByExample - <==      Total: 1
2022-02-25 15:28:45.578 [http-nio-10086-exec-1] DEBUG c.z.e.m.Q.selectByExampleWithRowbounds - ==>  Preparing: select ID, TITLE, GMT_CREATE, GMT_MODIFIED, CREATOR, COMMENT_COUNT, VIEW_COUNT, LIKE_COUNT, TAG from QUESTION LIMIT ?
2022-02-25 15:28:45.580 [http-nio-10086-exec-1] DEBUG c.z.e.m.Q.selectByExampleWithRowbounds - ==> Parameters: 3(Integer)
2022-02-25 15:28:45.581 [http-nio-10086-exec-1] DEBUG c.z.e.m.Q.selectByExampleWithRowbounds - <==      Total: 3
2022-02-25 15:28:45.581 [http-nio-10086-exec-1] DEBUG c.zd.esearch.mapper.UserMapper.selectByPrimaryKey - ==>  Preparing: select ID, ACCOUNT_ID, NAME, TOKEN, GMT_CREATE, GMT_MODIFIED, AVATAR_URL from USER where ID = ?
2022-02-25 15:28:45.583 [http-nio-10086-exec-1] DEBUG c.zd.esearch.mapper.UserMapper.selectByPrimaryKey - ==> Parameters: 3733(Long)
2022-02-25 15:28:45.584 [http-nio-10086-exec-1] DEBUG c.zd.esearch.mapper.UserMapper.selectByPrimaryKey - <==      Total: 1
2022-02-25 15:28:45.589 [http-nio-10086-exec-1] DEBUG c.zd.esearch.mapper.UserMapper.selectByPrimaryKey - ==>  Preparing: select ID, ACCOUNT_ID, NAME, TOKEN, GMT_CREATE, GMT_MODIFIED, AVATAR_URL from USER where ID = ?
2022-02-25 15:28:45.589 [http-nio-10086-exec-1] DEBUG c.zd.esearch.mapper.UserMapper.selectByPrimaryKey - ==> Parameters: 3733(Long)
2022-02-25 15:28:45.589 [http-nio-10086-exec-1] DEBUG c.zd.esearch.mapper.UserMapper.selectByPrimaryKey - <==      Total: 1
2022-02-25 15:28:45.590 [http-nio-10086-exec-1] DEBUG c.zd.esearch.mapper.UserMapper.selectByPrimaryKey - ==>  Preparing: select ID, ACCOUNT_ID, NAME, TOKEN, GMT_CREATE, GMT_MODIFIED, AVATAR_URL from USER where ID = ?
2022-02-25 15:28:45.590 [http-nio-10086-exec-1] DEBUG c.zd.esearch.mapper.UserMapper.selectByPrimaryKey - ==> Parameters: 3733(Long)
2022-02-25 15:28:45.590 [http-nio-10086-exec-1] DEBUG c.zd.esearch.mapper.UserMapper.selectByPrimaryKey - <==      Total: 1
2022-02-25 15:30:12.451 [http-nio-10086-exec-4] DEBUG com.zd.esearch.mapper.UserMapper.selectByExample - ==>  Preparing: select ID, ACCOUNT_ID, NAME, TOKEN, GMT_CREATE, GMT_MODIFIED, AVATAR_URL from USER WHERE ( ACCOUNT_ID = ? )
2022-02-25 15:30:12.452 [http-nio-10086-exec-4] DEBUG com.zd.esearch.mapper.UserMapper.selectByExample - ==> Parameters: 61382702(String)
2022-02-25 15:30:12.453 [http-nio-10086-exec-4] DEBUG com.zd.esearch.mapper.UserMapper.selectByExample - <==      Total: 1
2022-02-25 15:30:12.455 [http-nio-10086-exec-4] DEBUG c.z.e.mapper.UserMapper.updateByExampleSelective - ==>  Preparing: update USER SET NAME = ?, TOKEN = ?, GMT_MODIFIED = ?, AVATAR_URL = ? WHERE ( ID = ? )
2022-02-25 15:30:12.456 [http-nio-10086-exec-4] DEBUG c.z.e.mapper.UserMapper.updateByExampleSelective - ==> Parameters: LC溪苏(String), 92e9a019-01d9-4af5-837a-8ba83733ffe1(String), 1645774212453(Long), https://avatars.githubusercontent.com/u/61382702?v=4(String), 3733(Long)
2022-02-25 15:30:12.459 [http-nio-10086-exec-4] DEBUG c.z.e.mapper.UserMapper.updateByExampleSelective - <==    Updates: 1
2022-02-25 15:30:12.471 [http-nio-10086-exec-5] DEBUG com.zd.esearch.mapper.UserMapper.selectByExample - ==>  Preparing: select ID, ACCOUNT_ID, NAME, TOKEN, GMT_CREATE, GMT_MODIFIED, AVATAR_URL from USER WHERE ( TOKEN = ? )
2022-02-25 15:30:12.471 [http-nio-10086-exec-5] DEBUG com.zd.esearch.mapper.UserMapper.selectByExample - ==> Parameters: 92e9a019-01d9-4af5-837a-8ba83733ffe1(String)
2022-02-25 15:30:12.472 [http-nio-10086-exec-5] DEBUG com.zd.esearch.mapper.UserMapper.selectByExample - <==      Total: 1
2022-02-25 15:30:12.767 [http-nio-10086-exec-5] WARN  org.apache.catalina.util.SessionIdGeneratorBase - Creation of SecureRandom instance for session ID generation using [SHA1PRNG] took [291] milliseconds.
2022-02-25 15:30:12.768 [http-nio-10086-exec-5] DEBUG c.zd.esearch.mapper.QuestionMapper.countByExample - ==>  Preparing: select count(*) from QUESTION
2022-02-25 15:30:12.769 [http-nio-10086-exec-5] DEBUG c.zd.esearch.mapper.QuestionMapper.countByExample - ==> Parameters: 
2022-02-25 15:30:12.769 [http-nio-10086-exec-5] DEBUG c.zd.esearch.mapper.QuestionMapper.countByExample - <==      Total: 1
2022-02-25 15:30:12.769 [http-nio-10086-exec-5] DEBUG c.z.e.m.Q.selectByExampleWithRowbounds - ==>  Preparing: select ID, TITLE, GMT_CREATE, GMT_MODIFIED, CREATOR, COMMENT_COUNT, VIEW_COUNT, LIKE_COUNT, TAG from QUESTION LIMIT ?
2022-02-25 15:30:12.769 [http-nio-10086-exec-5] DEBUG c.z.e.m.Q.selectByExampleWithRowbounds - ==> Parameters: 3(Integer)
2022-02-25 15:30:12.770 [http-nio-10086-exec-5] DEBUG c.z.e.m.Q.selectByExampleWithRowbounds - <==      Total: 3
2022-02-25 15:30:12.770 [http-nio-10086-exec-5] DEBUG c.zd.esearch.mapper.UserMapper.selectByPrimaryKey - ==>  Preparing: select ID, ACCOUNT_ID, NAME, TOKEN, GMT_CREATE, GMT_MODIFIED, AVATAR_URL from USER where ID = ?
2022-02-25 15:30:12.770 [http-nio-10086-exec-5] DEBUG c.zd.esearch.mapper.UserMapper.selectByPrimaryKey - ==> Parameters: 3733(Long)
2022-02-25 15:30:12.771 [http-nio-10086-exec-5] DEBUG c.zd.esearch.mapper.UserMapper.selectByPrimaryKey - <==      Total: 1
2022-02-25 15:30:12.771 [http-nio-10086-exec-5] DEBUG c.zd.esearch.mapper.UserMapper.selectByPrimaryKey - ==>  Preparing: select ID, ACCOUNT_ID, NAME, TOKEN, GMT_CREATE, GMT_MODIFIED, AVATAR_URL from USER where ID = ?
2022-02-25 15:30:12.771 [http-nio-10086-exec-5] DEBUG c.zd.esearch.mapper.UserMapper.selectByPrimaryKey - ==> Parameters: 3733(Long)
2022-02-25 15:30:12.771 [http-nio-10086-exec-5] DEBUG c.zd.esearch.mapper.UserMapper.selectByPrimaryKey - <==      Total: 1
2022-02-25 15:30:12.772 [http-nio-10086-exec-5] DEBUG c.zd.esearch.mapper.UserMapper.selectByPrimaryKey - ==>  Preparing: select ID, ACCOUNT_ID, NAME, TOKEN, GMT_CREATE, GMT_MODIFIED, AVATAR_URL from USER where ID = ?
2022-02-25 15:30:12.772 [http-nio-10086-exec-5] DEBUG c.zd.esearch.mapper.UserMapper.selectByPrimaryKey - ==> Parameters: 3733(Long)
2022-02-25 15:30:12.772 [http-nio-10086-exec-5] DEBUG c.zd.esearch.mapper.UserMapper.selectByPrimaryKey - <==      Total: 1
2022-02-25 15:33:34.716 [http-nio-10086-exec-2] DEBUG com.zd.esearch.mapper.UserMapper.selectByExample - ==>  Preparing: select ID, ACCOUNT_ID, NAME, TOKEN, GMT_CREATE, GMT_MODIFIED, AVATAR_URL from USER WHERE ( TOKEN = ? )
2022-02-25 15:33:34.717 [http-nio-10086-exec-2] DEBUG com.zd.esearch.mapper.UserMapper.selectByExample - ==> Parameters: 92e9a019-01d9-4af5-837a-8ba83733ffe1(String)
2022-02-25 15:33:34.718 [http-nio-10086-exec-2] DEBUG com.zd.esearch.mapper.UserMapper.selectByExample - <==      Total: 1
2022-02-25 15:33:34.723 [http-nio-10086-exec-2] DEBUG c.z.e.mapper.QuestionMapper.selectByPrimaryKey - ==>  Preparing: select ID, TITLE, GMT_CREATE, GMT_MODIFIED, CREATOR, COMMENT_COUNT, VIEW_COUNT, LIKE_COUNT, TAG , DESCRIPTION from QUESTION where ID = ?
2022-02-25 15:33:34.724 [http-nio-10086-exec-2] DEBUG c.z.e.mapper.QuestionMapper.selectByPrimaryKey - ==> Parameters: 1332(Long)
2022-02-25 15:33:34.726 [http-nio-10086-exec-2] DEBUG c.z.e.mapper.QuestionMapper.selectByPrimaryKey - <==      Total: 1
2022-02-25 15:33:34.727 [http-nio-10086-exec-2] DEBUG c.zd.esearch.mapper.UserMapper.selectByPrimaryKey - ==>  Preparing: select ID, ACCOUNT_ID, NAME, TOKEN, GMT_CREATE, GMT_MODIFIED, AVATAR_URL from USER where ID = ?
2022-02-25 15:33:34.728 [http-nio-10086-exec-2] DEBUG c.zd.esearch.mapper.UserMapper.selectByPrimaryKey - ==> Parameters: 3733(Long)
2022-02-25 15:33:34.728 [http-nio-10086-exec-2] DEBUG c.zd.esearch.mapper.UserMapper.selectByPrimaryKey - <==      Total: 1
2022-02-25 15:33:34.729 [http-nio-10086-exec-2] DEBUG com.zd.esearch.mapper.QuestionExtMapper.incView - ==>  Preparing: update QUESTION set VIEW_COUNT = VIEW_COUNT + ? where id = ?
2022-02-25 15:33:34.731 [http-nio-10086-exec-2] DEBUG com.zd.esearch.mapper.QuestionExtMapper.incView - ==> Parameters: 1(Integer), 1332(Long)
2022-02-25 15:33:34.732 [http-nio-10086-exec-2] DEBUG com.zd.esearch.mapper.QuestionExtMapper.incView - <==    Updates: 1
2022-02-25 15:33:36.760 [http-nio-10086-exec-7] DEBUG com.zd.esearch.mapper.UserMapper.selectByExample - ==>  Preparing: select ID, ACCOUNT_ID, NAME, TOKEN, GMT_CREATE, GMT_MODIFIED, AVATAR_URL from USER WHERE ( TOKEN = ? )
2022-02-25 15:33:36.761 [http-nio-10086-exec-7] DEBUG com.zd.esearch.mapper.UserMapper.selectByExample - ==> Parameters: 92e9a019-01d9-4af5-837a-8ba83733ffe1(String)
2022-02-25 15:33:36.761 [http-nio-10086-exec-7] DEBUG com.zd.esearch.mapper.UserMapper.selectByExample - <==      Total: 1
2022-02-25 15:33:36.762 [http-nio-10086-exec-7] DEBUG c.z.e.mapper.QuestionMapper.selectByPrimaryKey - ==>  Preparing: select ID, TITLE, GMT_CREATE, GMT_MODIFIED, CREATOR, COMMENT_COUNT, VIEW_COUNT, LIKE_COUNT, TAG , DESCRIPTION from QUESTION where ID = ?
2022-02-25 15:33:36.762 [http-nio-10086-exec-7] DEBUG c.z.e.mapper.QuestionMapper.selectByPrimaryKey - ==> Parameters: 1332(Long)
2022-02-25 15:33:36.763 [http-nio-10086-exec-7] DEBUG c.z.e.mapper.QuestionMapper.selectByPrimaryKey - <==      Total: 1
2022-02-25 15:33:36.763 [http-nio-10086-exec-7] DEBUG c.zd.esearch.mapper.UserMapper.selectByPrimaryKey - ==>  Preparing: select ID, ACCOUNT_ID, NAME, TOKEN, GMT_CREATE, GMT_MODIFIED, AVATAR_URL from USER where ID = ?
2022-02-25 15:33:36.763 [http-nio-10086-exec-7] DEBUG c.zd.esearch.mapper.UserMapper.selectByPrimaryKey - ==> Parameters: 3733(Long)
2022-02-25 15:33:36.763 [http-nio-10086-exec-7] DEBUG c.zd.esearch.mapper.UserMapper.selectByPrimaryKey - <==      Total: 1
2022-02-25 15:33:36.763 [http-nio-10086-exec-7] DEBUG com.zd.esearch.mapper.QuestionExtMapper.incView - ==>  Preparing: update QUESTION set VIEW_COUNT = VIEW_COUNT + ? where id = ?
2022-02-25 15:33:36.764 [http-nio-10086-exec-7] DEBUG com.zd.esearch.mapper.QuestionExtMapper.incView - ==> Parameters: 1(Integer), 1332(Long)
2022-02-25 15:33:36.765 [http-nio-10086-exec-7] DEBUG com.zd.esearch.mapper.QuestionExtMapper.incView - <==    Updates: 1
2022-02-25 15:33:37.726 [http-nio-10086-exec-8] DEBUG com.zd.esearch.mapper.UserMapper.selectByExample - ==>  Preparing: select ID, ACCOUNT_ID, NAME, TOKEN, GMT_CREATE, GMT_MODIFIED, AVATAR_URL from USER WHERE ( TOKEN = ? )
2022-02-25 15:33:37.727 [http-nio-10086-exec-8] DEBUG com.zd.esearch.mapper.UserMapper.selectByExample - ==> Parameters: 92e9a019-01d9-4af5-837a-8ba83733ffe1(String)
2022-02-25 15:33:37.727 [http-nio-10086-exec-8] DEBUG com.zd.esearch.mapper.UserMapper.selectByExample - <==      Total: 1
2022-02-25 15:33:37.727 [http-nio-10086-exec-8] DEBUG c.z.e.mapper.QuestionMapper.selectByPrimaryKey - ==>  Preparing: select ID, TITLE, GMT_CREATE, GMT_MODIFIED, CREATOR, COMMENT_COUNT, VIEW_COUNT, LIKE_COUNT, TAG , DESCRIPTION from QUESTION where ID = ?
2022-02-25 15:33:37.727 [http-nio-10086-exec-8] DEBUG c.z.e.mapper.QuestionMapper.selectByPrimaryKey - ==> Parameters: 1332(Long)
2022-02-25 15:33:37.728 [http-nio-10086-exec-8] DEBUG c.z.e.mapper.QuestionMapper.selectByPrimaryKey - <==      Total: 1
2022-02-25 15:33:37.728 [http-nio-10086-exec-8] DEBUG c.zd.esearch.mapper.UserMapper.selectByPrimaryKey - ==>  Preparing: select ID, ACCOUNT_ID, NAME, TOKEN, GMT_CREATE, GMT_MODIFIED, AVATAR_URL from USER where ID = ?
2022-02-25 15:33:37.728 [http-nio-10086-exec-8] DEBUG c.zd.esearch.mapper.UserMapper.selectByPrimaryKey - ==> Parameters: 3733(Long)
2022-02-25 15:33:37.729 [http-nio-10086-exec-8] DEBUG c.zd.esearch.mapper.UserMapper.selectByPrimaryKey - <==      Total: 1
2022-02-25 15:33:37.729 [http-nio-10086-exec-8] DEBUG com.zd.esearch.mapper.QuestionExtMapper.incView - ==>  Preparing: update QUESTION set VIEW_COUNT = VIEW_COUNT + ? where id = ?
2022-02-25 15:33:37.729 [http-nio-10086-exec-8] DEBUG com.zd.esearch.mapper.QuestionExtMapper.incView - ==> Parameters: 1(Integer), 1332(Long)
2022-02-25 15:33:37.729 [http-nio-10086-exec-8] DEBUG com.zd.esearch.mapper.QuestionExtMapper.incView - <==    Updates: 1
2022-02-25 15:33:38.183 [http-nio-10086-exec-6] DEBUG com.zd.esearch.mapper.UserMapper.selectByExample - ==>  Preparing: select ID, ACCOUNT_ID, NAME, TOKEN, GMT_CREATE, GMT_MODIFIED, AVATAR_URL from USER WHERE ( TOKEN = ? )
2022-02-25 15:33:38.184 [http-nio-10086-exec-6] DEBUG com.zd.esearch.mapper.UserMapper.selectByExample - ==> Parameters: 92e9a019-01d9-4af5-837a-8ba83733ffe1(String)
2022-02-25 15:33:38.184 [http-nio-10086-exec-6] DEBUG com.zd.esearch.mapper.UserMapper.selectByExample - <==      Total: 1
2022-02-25 15:33:38.185 [http-nio-10086-exec-6] DEBUG c.z.e.mapper.QuestionMapper.selectByPrimaryKey - ==>  Preparing: select ID, TITLE, GMT_CREATE, GMT_MODIFIED, CREATOR, COMMENT_COUNT, VIEW_COUNT, LIKE_COUNT, TAG , DESCRIPTION from QUESTION where ID = ?
2022-02-25 15:33:38.185 [http-nio-10086-exec-6] DEBUG c.z.e.mapper.QuestionMapper.selectByPrimaryKey - ==> Parameters: 1332(Long)
2022-02-25 15:33:38.185 [http-nio-10086-exec-6] DEBUG c.z.e.mapper.QuestionMapper.selectByPrimaryKey - <==      Total: 1
2022-02-25 15:33:38.186 [http-nio-10086-exec-6] DEBUG c.zd.esearch.mapper.UserMapper.selectByPrimaryKey - ==>  Preparing: select ID, ACCOUNT_ID, NAME, TOKEN, GMT_CREATE, GMT_MODIFIED, AVATAR_URL from USER where ID = ?
2022-02-25 15:33:38.186 [http-nio-10086-exec-6] DEBUG c.zd.esearch.mapper.UserMapper.selectByPrimaryKey - ==> Parameters: 3733(Long)
2022-02-25 15:33:38.187 [http-nio-10086-exec-6] DEBUG c.zd.esearch.mapper.UserMapper.selectByPrimaryKey - <==      Total: 1
2022-02-25 15:33:38.188 [http-nio-10086-exec-6] DEBUG com.zd.esearch.mapper.QuestionExtMapper.incView - ==>  Preparing: update QUESTION set VIEW_COUNT = VIEW_COUNT + ? where id = ?
2022-02-25 15:33:38.188 [http-nio-10086-exec-6] DEBUG com.zd.esearch.mapper.QuestionExtMapper.incView - ==> Parameters: 1(Integer), 1332(Long)
2022-02-25 15:33:38.188 [http-nio-10086-exec-6] DEBUG com.zd.esearch.mapper.QuestionExtMapper.incView - <==    Updates: 1
2022-02-25 15:33:38.324 [http-nio-10086-exec-1] DEBUG com.zd.esearch.mapper.UserMapper.selectByExample - ==>  Preparing: select ID, ACCOUNT_ID, NAME, TOKEN, GMT_CREATE, GMT_MODIFIED, AVATAR_URL from USER WHERE ( TOKEN = ? )
2022-02-25 15:33:38.325 [http-nio-10086-exec-1] DEBUG com.zd.esearch.mapper.UserMapper.selectByExample - ==> Parameters: 92e9a019-01d9-4af5-837a-8ba83733ffe1(String)
2022-02-25 15:33:38.325 [http-nio-10086-exec-1] DEBUG com.zd.esearch.mapper.UserMapper.selectByExample - <==      Total: 1
2022-02-25 15:33:38.325 [http-nio-10086-exec-1] DEBUG c.z.e.mapper.QuestionMapper.selectByPrimaryKey - ==>  Preparing: select ID, TITLE, GMT_CREATE, GMT_MODIFIED, CREATOR, COMMENT_COUNT, VIEW_COUNT, LIKE_COUNT, TAG , DESCRIPTION from QUESTION where ID = ?
2022-02-25 15:33:38.326 [http-nio-10086-exec-1] DEBUG c.z.e.mapper.QuestionMapper.selectByPrimaryKey - ==> Parameters: 1332(Long)
2022-02-25 15:33:38.326 [http-nio-10086-exec-1] DEBUG c.z.e.mapper.QuestionMapper.selectByPrimaryKey - <==      Total: 1
2022-02-25 15:33:38.326 [http-nio-10086-exec-1] DEBUG c.zd.esearch.mapper.UserMapper.selectByPrimaryKey - ==>  Preparing: select ID, ACCOUNT_ID, NAME, TOKEN, GMT_CREATE, GMT_MODIFIED, AVATAR_URL from USER where ID = ?
2022-02-25 15:33:38.326 [http-nio-10086-exec-1] DEBUG c.zd.esearch.mapper.UserMapper.selectByPrimaryKey - ==> Parameters: 3733(Long)
2022-02-25 15:33:38.327 [http-nio-10086-exec-1] DEBUG c.zd.esearch.mapper.UserMapper.selectByPrimaryKey - <==      Total: 1
2022-02-25 15:33:38.327 [http-nio-10086-exec-1] DEBUG com.zd.esearch.mapper.QuestionExtMapper.incView - ==>  Preparing: update QUESTION set VIEW_COUNT = VIEW_COUNT + ? where id = ?
2022-02-25 15:33:38.327 [http-nio-10086-exec-1] DEBUG com.zd.esearch.mapper.QuestionExtMapper.incView - ==> Parameters: 1(Integer), 1332(Long)
2022-02-25 15:33:38.327 [http-nio-10086-exec-1] DEBUG com.zd.esearch.mapper.QuestionExtMapper.incView - <==    Updates: 1
2022-02-25 15:33:38.501 [http-nio-10086-exec-10] DEBUG com.zd.esearch.mapper.UserMapper.selectByExample - ==>  Preparing: select ID, ACCOUNT_ID, NAME, TOKEN, GMT_CREATE, GMT_MODIFIED, AVATAR_URL from USER WHERE ( TOKEN = ? )
2022-02-25 15:33:38.501 [http-nio-10086-exec-10] DEBUG com.zd.esearch.mapper.UserMapper.selectByExample - ==> Parameters: 92e9a019-01d9-4af5-837a-8ba83733ffe1(String)
2022-02-25 15:33:38.501 [http-nio-10086-exec-10] DEBUG com.zd.esearch.mapper.UserMapper.selectByExample - <==      Total: 1
2022-02-25 15:33:38.501 [http-nio-10086-exec-10] DEBUG c.z.e.mapper.QuestionMapper.selectByPrimaryKey - ==>  Preparing: select ID, TITLE, GMT_CREATE, GMT_MODIFIED, CREATOR, COMMENT_COUNT, VIEW_COUNT, LIKE_COUNT, TAG , DESCRIPTION from QUESTION where ID = ?
2022-02-25 15:33:38.502 [http-nio-10086-exec-10] DEBUG c.z.e.mapper.QuestionMapper.selectByPrimaryKey - ==> Parameters: 1332(Long)
2022-02-25 15:33:38.502 [http-nio-10086-exec-10] DEBUG c.z.e.mapper.QuestionMapper.selectByPrimaryKey - <==      Total: 1
2022-02-25 15:33:38.502 [http-nio-10086-exec-10] DEBUG c.zd.esearch.mapper.UserMapper.selectByPrimaryKey - ==>  Preparing: select ID, ACCOUNT_ID, NAME, TOKEN, GMT_CREATE, GMT_MODIFIED, AVATAR_URL from USER where ID = ?
2022-02-25 15:33:38.502 [http-nio-10086-exec-10] DEBUG c.zd.esearch.mapper.UserMapper.selectByPrimaryKey - ==> Parameters: 3733(Long)
2022-02-25 15:33:38.503 [http-nio-10086-exec-10] DEBUG c.zd.esearch.mapper.UserMapper.selectByPrimaryKey - <==      Total: 1
2022-02-25 15:33:38.503 [http-nio-10086-exec-10] DEBUG com.zd.esearch.mapper.QuestionExtMapper.incView - ==>  Preparing: update QUESTION set VIEW_COUNT = VIEW_COUNT + ? where id = ?
2022-02-25 15:33:38.503 [http-nio-10086-exec-10] DEBUG com.zd.esearch.mapper.QuestionExtMapper.incView - ==> Parameters: 1(Integer), 1332(Long)
2022-02-25 15:33:38.503 [http-nio-10086-exec-10] DEBUG com.zd.esearch.mapper.QuestionExtMapper.incView - <==    Updates: 1
2022-02-25 15:33:38.646 [http-nio-10086-exec-9] DEBUG com.zd.esearch.mapper.UserMapper.selectByExample - ==>  Preparing: select ID, ACCOUNT_ID, NAME, TOKEN, GMT_CREATE, GMT_MODIFIED, AVATAR_URL from USER WHERE ( TOKEN = ? )
2022-02-25 15:33:38.647 [http-nio-10086-exec-9] DEBUG com.zd.esearch.mapper.UserMapper.selectByExample - ==> Parameters: 92e9a019-01d9-4af5-837a-8ba83733ffe1(String)
2022-02-25 15:33:38.647 [http-nio-10086-exec-9] DEBUG com.zd.esearch.mapper.UserMapper.selectByExample - <==      Total: 1
2022-02-25 15:33:38.648 [http-nio-10086-exec-9] DEBUG c.z.e.mapper.QuestionMapper.selectByPrimaryKey - ==>  Preparing: select ID, TITLE, GMT_CREATE, GMT_MODIFIED, CREATOR, COMMENT_COUNT, VIEW_COUNT, LIKE_COUNT, TAG , DESCRIPTION from QUESTION where ID = ?
2022-02-25 15:33:38.648 [http-nio-10086-exec-9] DEBUG c.z.e.mapper.QuestionMapper.selectByPrimaryKey - ==> Parameters: 1332(Long)
2022-02-25 15:33:38.648 [http-nio-10086-exec-9] DEBUG c.z.e.mapper.QuestionMapper.selectByPrimaryKey - <==      Total: 1
2022-02-25 15:33:38.649 [http-nio-10086-exec-9] DEBUG c.zd.esearch.mapper.UserMapper.selectByPrimaryKey - ==>  Preparing: select ID, ACCOUNT_ID, NAME, TOKEN, GMT_CREATE, GMT_MODIFIED, AVATAR_URL from USER where ID = ?
2022-02-25 15:33:38.649 [http-nio-10086-exec-9] DEBUG c.zd.esearch.mapper.UserMapper.selectByPrimaryKey - ==> Parameters: 3733(Long)
2022-02-25 15:33:38.649 [http-nio-10086-exec-9] DEBUG c.zd.esearch.mapper.UserMapper.selectByPrimaryKey - <==      Total: 1
2022-02-25 15:33:38.649 [http-nio-10086-exec-9] DEBUG com.zd.esearch.mapper.QuestionExtMapper.incView - ==>  Preparing: update QUESTION set VIEW_COUNT = VIEW_COUNT + ? where id = ?
2022-02-25 15:33:38.649 [http-nio-10086-exec-9] DEBUG com.zd.esearch.mapper.QuestionExtMapper.incView - ==> Parameters: 1(Integer), 1332(Long)
2022-02-25 15:33:38.649 [http-nio-10086-exec-9] DEBUG com.zd.esearch.mapper.QuestionExtMapper.incView - <==    Updates: 1
2022-02-25 15:33:38.808 [http-nio-10086-exec-4] DEBUG com.zd.esearch.mapper.UserMapper.selectByExample - ==>  Preparing: select ID, ACCOUNT_ID, NAME, TOKEN, GMT_CREATE, GMT_MODIFIED, AVATAR_URL from USER WHERE ( TOKEN = ? )
2022-02-25 15:33:38.808 [http-nio-10086-exec-4] DEBUG com.zd.esearch.mapper.UserMapper.selectByExample - ==> Parameters: 92e9a019-01d9-4af5-837a-8ba83733ffe1(String)
2022-02-25 15:33:38.809 [http-nio-10086-exec-4] DEBUG com.zd.esearch.mapper.UserMapper.selectByExample - <==      Total: 1
2022-02-25 15:33:38.809 [http-nio-10086-exec-4] DEBUG c.z.e.mapper.QuestionMapper.selectByPrimaryKey - ==>  Preparing: select ID, TITLE, GMT_CREATE, GMT_MODIFIED, CREATOR, COMMENT_COUNT, VIEW_COUNT, LIKE_COUNT, TAG , DESCRIPTION from QUESTION where ID = ?
2022-02-25 15:33:38.809 [http-nio-10086-exec-4] DEBUG c.z.e.mapper.QuestionMapper.selectByPrimaryKey - ==> Parameters: 1332(Long)
2022-02-25 15:33:38.810 [http-nio-10086-exec-4] DEBUG c.z.e.mapper.QuestionMapper.selectByPrimaryKey - <==      Total: 1
2022-02-25 15:33:38.810 [http-nio-10086-exec-4] DEBUG c.zd.esearch.mapper.UserMapper.selectByPrimaryKey - ==>  Preparing: select ID, ACCOUNT_ID, NAME, TOKEN, GMT_CREATE, GMT_MODIFIED, AVATAR_URL from USER where ID = ?
2022-02-25 15:33:38.810 [http-nio-10086-exec-4] DEBUG c.zd.esearch.mapper.UserMapper.selectByPrimaryKey - ==> Parameters: 3733(Long)
2022-02-25 15:33:38.810 [http-nio-10086-exec-4] DEBUG c.zd.esearch.mapper.UserMapper.selectByPrimaryKey - <==      Total: 1
2022-02-25 15:33:38.811 [http-nio-10086-exec-4] DEBUG com.zd.esearch.mapper.QuestionExtMapper.incView - ==>  Preparing: update QUESTION set VIEW_COUNT = VIEW_COUNT + ? where id = ?
2022-02-25 15:33:38.811 [http-nio-10086-exec-4] DEBUG com.zd.esearch.mapper.QuestionExtMapper.incView - ==> Parameters: 1(Integer), 1332(Long)
2022-02-25 15:33:38.811 [http-nio-10086-exec-4] DEBUG com.zd.esearch.mapper.QuestionExtMapper.incView - <==    Updates: 1
2022-02-25 15:33:39.703 [http-nio-10086-exec-5] DEBUG com.zd.esearch.mapper.UserMapper.selectByExample - ==>  Preparing: select ID, ACCOUNT_ID, NAME, TOKEN, GMT_CREATE, GMT_MODIFIED, AVATAR_URL from USER WHERE ( TOKEN = ? )
2022-02-25 15:33:39.703 [http-nio-10086-exec-5] DEBUG com.zd.esearch.mapper.UserMapper.selectByExample - ==> Parameters: 92e9a019-01d9-4af5-837a-8ba83733ffe1(String)
2022-02-25 15:33:39.703 [http-nio-10086-exec-5] DEBUG com.zd.esearch.mapper.UserMapper.selectByExample - <==      Total: 1
2022-02-25 15:33:39.704 [http-nio-10086-exec-5] DEBUG c.z.e.mapper.QuestionMapper.selectByPrimaryKey - ==>  Preparing: select ID, TITLE, GMT_CREATE, GMT_MODIFIED, CREATOR, COMMENT_COUNT, VIEW_COUNT, LIKE_COUNT, TAG , DESCRIPTION from QUESTION where ID = ?
2022-02-25 15:33:39.704 [http-nio-10086-exec-5] DEBUG c.z.e.mapper.QuestionMapper.selectByPrimaryKey - ==> Parameters: 1332(Long)
2022-02-25 15:33:39.704 [http-nio-10086-exec-5] DEBUG c.z.e.mapper.QuestionMapper.selectByPrimaryKey - <==      Total: 1
2022-02-25 15:33:39.704 [http-nio-10086-exec-5] DEBUG c.zd.esearch.mapper.UserMapper.selectByPrimaryKey - ==>  Preparing: select ID, ACCOUNT_ID, NAME, TOKEN, GMT_CREATE, GMT_MODIFIED, AVATAR_URL from USER where ID = ?
2022-02-25 15:33:39.704 [http-nio-10086-exec-5] DEBUG c.zd.esearch.mapper.UserMapper.selectByPrimaryKey - ==> Parameters: 3733(Long)
2022-02-25 15:33:39.705 [http-nio-10086-exec-5] DEBUG c.zd.esearch.mapper.UserMapper.selectByPrimaryKey - <==      Total: 1
2022-02-25 15:33:39.705 [http-nio-10086-exec-5] DEBUG com.zd.esearch.mapper.QuestionExtMapper.incView - ==>  Preparing: update QUESTION set VIEW_COUNT = VIEW_COUNT + ? where id = ?
2022-02-25 15:33:39.705 [http-nio-10086-exec-5] DEBUG com.zd.esearch.mapper.QuestionExtMapper.incView - ==> Parameters: 1(Integer), 1332(Long)
2022-02-25 15:33:39.705 [http-nio-10086-exec-5] DEBUG com.zd.esearch.mapper.QuestionExtMapper.incView - <==    Updates: 1
2022-02-25 15:33:40.318 [http-nio-10086-exec-3] DEBUG com.zd.esearch.mapper.UserMapper.selectByExample - ==>  Preparing: select ID, ACCOUNT_ID, NAME, TOKEN, GMT_CREATE, GMT_MODIFIED, AVATAR_URL from USER WHERE ( TOKEN = ? )
2022-02-25 15:33:40.319 [http-nio-10086-exec-3] DEBUG com.zd.esearch.mapper.UserMapper.selectByExample - ==> Parameters: 92e9a019-01d9-4af5-837a-8ba83733ffe1(String)
2022-02-25 15:33:40.319 [http-nio-10086-exec-3] DEBUG com.zd.esearch.mapper.UserMapper.selectByExample - <==      Total: 1
2022-02-25 15:33:40.319 [http-nio-10086-exec-3] DEBUG c.z.e.mapper.QuestionMapper.selectByPrimaryKey - ==>  Preparing: select ID, TITLE, GMT_CREATE, GMT_MODIFIED, CREATOR, COMMENT_COUNT, VIEW_COUNT, LIKE_COUNT, TAG , DESCRIPTION from QUESTION where ID = ?
2022-02-25 15:33:40.319 [http-nio-10086-exec-3] DEBUG c.z.e.mapper.QuestionMapper.selectByPrimaryKey - ==> Parameters: 1332(Long)
2022-02-25 15:33:40.321 [http-nio-10086-exec-3] DEBUG c.z.e.mapper.QuestionMapper.selectByPrimaryKey - <==      Total: 1
2022-02-25 15:33:40.322 [http-nio-10086-exec-3] DEBUG c.zd.esearch.mapper.UserMapper.selectByPrimaryKey - ==>  Preparing: select ID, ACCOUNT_ID, NAME, TOKEN, GMT_CREATE, GMT_MODIFIED, AVATAR_URL from USER where ID = ?
2022-02-25 15:33:40.322 [http-nio-10086-exec-3] DEBUG c.zd.esearch.mapper.UserMapper.selectByPrimaryKey - ==> Parameters: 3733(Long)
2022-02-25 15:33:40.322 [http-nio-10086-exec-3] DEBUG c.zd.esearch.mapper.UserMapper.selectByPrimaryKey - <==      Total: 1
2022-02-25 15:33:40.323 [http-nio-10086-exec-3] DEBUG com.zd.esearch.mapper.QuestionExtMapper.incView - ==>  Preparing: update QUESTION set VIEW_COUNT = VIEW_COUNT + ? where id = ?
2022-02-25 15:33:40.323 [http-nio-10086-exec-3] DEBUG com.zd.esearch.mapper.QuestionExtMapper.incView - ==> Parameters: 1(Integer), 1332(Long)
2022-02-25 15:33:40.323 [http-nio-10086-exec-3] DEBUG com.zd.esearch.mapper.QuestionExtMapper.incView - <==    Updates: 1
2022-02-25 15:33:50.472 [http-nio-10086-exec-2] DEBUG com.zd.esearch.mapper.UserMapper.selectByExample - ==>  Preparing: select ID, ACCOUNT_ID, NAME, TOKEN, GMT_CREATE, GMT_MODIFIED, AVATAR_URL from USER WHERE ( TOKEN = ? )
2022-02-25 15:33:50.472 [http-nio-10086-exec-2] DEBUG com.zd.esearch.mapper.UserMapper.selectByExample - ==> Parameters: 92e9a019-01d9-4af5-837a-8ba83733ffe1(String)
2022-02-25 15:33:50.473 [http-nio-10086-exec-2] DEBUG com.zd.esearch.mapper.UserMapper.selectByExample - <==      Total: 1
2022-02-25 15:33:50.473 [http-nio-10086-exec-2] DEBUG c.z.e.mapper.QuestionMapper.selectByPrimaryKey - ==>  Preparing: select ID, TITLE, GMT_CREATE, GMT_MODIFIED, CREATOR, COMMENT_COUNT, VIEW_COUNT, LIKE_COUNT, TAG , DESCRIPTION from QUESTION where ID = ?
2022-02-25 15:33:50.473 [http-nio-10086-exec-2] DEBUG c.z.e.mapper.QuestionMapper.selectByPrimaryKey - ==> Parameters: 1332(Long)
2022-02-25 15:33:50.474 [http-nio-10086-exec-2] DEBUG c.z.e.mapper.QuestionMapper.selectByPrimaryKey - <==      Total: 1
2022-02-25 15:33:50.475 [http-nio-10086-exec-2] DEBUG c.zd.esearch.mapper.UserMapper.selectByPrimaryKey - ==>  Preparing: select ID, ACCOUNT_ID, NAME, TOKEN, GMT_CREATE, GMT_MODIFIED, AVATAR_URL from USER where ID = ?
2022-02-25 15:33:50.475 [http-nio-10086-exec-2] DEBUG c.zd.esearch.mapper.UserMapper.selectByPrimaryKey - ==> Parameters: 3733(Long)
2022-02-25 15:33:50.475 [http-nio-10086-exec-2] DEBUG c.zd.esearch.mapper.UserMapper.selectByPrimaryKey - <==      Total: 1
2022-02-25 15:33:50.476 [http-nio-10086-exec-2] DEBUG com.zd.esearch.mapper.QuestionExtMapper.incView - ==>  Preparing: update QUESTION set VIEW_COUNT = VIEW_COUNT + ? where id = ?
2022-02-25 15:33:50.476 [http-nio-10086-exec-2] DEBUG com.zd.esearch.mapper.QuestionExtMapper.incView - ==> Parameters: 1(Integer), 1332(Long)
2022-02-25 15:33:50.476 [http-nio-10086-exec-2] DEBUG com.zd.esearch.mapper.QuestionExtMapper.incView - <==    Updates: 1
2022-02-25 15:33:55.480 [http-nio-10086-exec-7] DEBUG com.zd.esearch.mapper.UserMapper.selectByExample - ==>  Preparing: select ID, ACCOUNT_ID, NAME, TOKEN, GMT_CREATE, GMT_MODIFIED, AVATAR_URL from USER WHERE ( TOKEN = ? )
2022-02-25 15:33:55.481 [http-nio-10086-exec-7] DEBUG com.zd.esearch.mapper.UserMapper.selectByExample - ==> Parameters: 92e9a019-01d9-4af5-837a-8ba83733ffe1(String)
2022-02-25 15:33:55.481 [http-nio-10086-exec-7] DEBUG com.zd.esearch.mapper.UserMapper.selectByExample - <==      Total: 1
2022-02-25 15:33:55.482 [http-nio-10086-exec-7] DEBUG c.zd.esearch.mapper.QuestionMapper.countByExample - ==>  Preparing: select count(*) from QUESTION
2022-02-25 15:33:55.482 [http-nio-10086-exec-7] DEBUG c.zd.esearch.mapper.QuestionMapper.countByExample - ==> Parameters: 
2022-02-25 15:33:55.482 [http-nio-10086-exec-7] DEBUG c.zd.esearch.mapper.QuestionMapper.countByExample - <==      Total: 1
2022-02-25 15:33:55.483 [http-nio-10086-exec-7] DEBUG c.z.e.m.Q.selectByExampleWithRowbounds - ==>  Preparing: select ID, TITLE, GMT_CREATE, GMT_MODIFIED, CREATOR, COMMENT_COUNT, VIEW_COUNT, LIKE_COUNT, TAG from QUESTION LIMIT ?
2022-02-25 15:33:55.483 [http-nio-10086-exec-7] DEBUG c.z.e.m.Q.selectByExampleWithRowbounds - ==> Parameters: 3(Integer)
2022-02-25 15:33:55.483 [http-nio-10086-exec-7] DEBUG c.z.e.m.Q.selectByExampleWithRowbounds - <==      Total: 3
2022-02-25 15:33:55.484 [http-nio-10086-exec-7] DEBUG c.zd.esearch.mapper.UserMapper.selectByPrimaryKey - ==>  Preparing: select ID, ACCOUNT_ID, NAME, TOKEN, GMT_CREATE, GMT_MODIFIED, AVATAR_URL from USER where ID = ?
2022-02-25 15:33:55.484 [http-nio-10086-exec-7] DEBUG c.zd.esearch.mapper.UserMapper.selectByPrimaryKey - ==> Parameters: 3733(Long)
2022-02-25 15:33:55.484 [http-nio-10086-exec-7] DEBUG c.zd.esearch.mapper.UserMapper.selectByPrimaryKey - <==      Total: 1
2022-02-25 15:33:55.485 [http-nio-10086-exec-7] DEBUG c.zd.esearch.mapper.UserMapper.selectByPrimaryKey - ==>  Preparing: select ID, ACCOUNT_ID, NAME, TOKEN, GMT_CREATE, GMT_MODIFIED, AVATAR_URL from USER where ID = ?
2022-02-25 15:33:55.485 [http-nio-10086-exec-7] DEBUG c.zd.esearch.mapper.UserMapper.selectByPrimaryKey - ==> Parameters: 3733(Long)
2022-02-25 15:33:55.485 [http-nio-10086-exec-7] DEBUG c.zd.esearch.mapper.UserMapper.selectByPrimaryKey - <==      Total: 1
2022-02-25 15:33:55.485 [http-nio-10086-exec-7] DEBUG c.zd.esearch.mapper.UserMapper.selectByPrimaryKey - ==>  Preparing: select ID, ACCOUNT_ID, NAME, TOKEN, GMT_CREATE, GMT_MODIFIED, AVATAR_URL from USER where ID = ?
2022-02-25 15:33:55.486 [http-nio-10086-exec-7] DEBUG c.zd.esearch.mapper.UserMapper.selectByPrimaryKey - ==> Parameters: 3733(Long)
2022-02-25 15:33:55.486 [http-nio-10086-exec-7] DEBUG c.zd.esearch.mapper.UserMapper.selectByPrimaryKey - <==      Total: 1
2022-02-25 15:33:58.424 [http-nio-10086-exec-8] DEBUG com.zd.esearch.mapper.UserMapper.selectByExample - ==>  Preparing: select ID, ACCOUNT_ID, NAME, TOKEN, GMT_CREATE, GMT_MODIFIED, AVATAR_URL from USER WHERE ( TOKEN = ? )
2022-02-25 15:33:58.424 [http-nio-10086-exec-8] DEBUG com.zd.esearch.mapper.UserMapper.selectByExample - ==> Parameters: 92e9a019-01d9-4af5-837a-8ba83733ffe1(String)
2022-02-25 15:33:58.425 [http-nio-10086-exec-8] DEBUG com.zd.esearch.mapper.UserMapper.selectByExample - <==      Total: 1
2022-02-25 15:33:58.425 [http-nio-10086-exec-8] DEBUG c.z.e.mapper.QuestionMapper.selectByPrimaryKey - ==>  Preparing: select ID, TITLE, GMT_CREATE, GMT_MODIFIED, CREATOR, COMMENT_COUNT, VIEW_COUNT, LIKE_COUNT, TAG , DESCRIPTION from QUESTION where ID = ?
2022-02-25 15:33:58.425 [http-nio-10086-exec-8] DEBUG c.z.e.mapper.QuestionMapper.selectByPrimaryKey - ==> Parameters: 1332(Long)
2022-02-25 15:33:58.426 [http-nio-10086-exec-8] DEBUG c.z.e.mapper.QuestionMapper.selectByPrimaryKey - <==      Total: 1
2022-02-25 15:33:58.426 [http-nio-10086-exec-8] DEBUG c.zd.esearch.mapper.UserMapper.selectByPrimaryKey - ==>  Preparing: select ID, ACCOUNT_ID, NAME, TOKEN, GMT_CREATE, GMT_MODIFIED, AVATAR_URL from USER where ID = ?
2022-02-25 15:33:58.426 [http-nio-10086-exec-8] DEBUG c.zd.esearch.mapper.UserMapper.selectByPrimaryKey - ==> Parameters: 3733(Long)
2022-02-25 15:33:58.426 [http-nio-10086-exec-8] DEBUG c.zd.esearch.mapper.UserMapper.selectByPrimaryKey - <==      Total: 1
2022-02-25 15:33:58.427 [http-nio-10086-exec-8] DEBUG com.zd.esearch.mapper.QuestionExtMapper.incView - ==>  Preparing: update QUESTION set VIEW_COUNT = VIEW_COUNT + ? where id = ?
2022-02-25 15:33:58.427 [http-nio-10086-exec-8] DEBUG com.zd.esearch.mapper.QuestionExtMapper.incView - ==> Parameters: 1(Integer), 1332(Long)
2022-02-25 15:33:58.427 [http-nio-10086-exec-8] DEBUG com.zd.esearch.mapper.QuestionExtMapper.incView - <==    Updates: 1
2022-02-25 15:35:11.196 [http-nio-10086-exec-10] DEBUG com.zd.esearch.mapper.UserMapper.selectByExample - ==>  Preparing: select ID, ACCOUNT_ID, NAME, TOKEN, GMT_CREATE, GMT_MODIFIED, AVATAR_URL from USER WHERE ( TOKEN = ? )
2022-02-25 15:35:11.196 [http-nio-10086-exec-10] DEBUG com.zd.esearch.mapper.UserMapper.selectByExample - ==> Parameters: 92e9a019-01d9-4af5-837a-8ba83733ffe1(String)
2022-02-25 15:35:11.197 [http-nio-10086-exec-10] DEBUG com.zd.esearch.mapper.UserMapper.selectByExample - <==      Total: 1
2022-02-25 15:35:11.197 [http-nio-10086-exec-10] DEBUG c.zd.esearch.mapper.QuestionMapper.countByExample - ==>  Preparing: select count(*) from QUESTION
2022-02-25 15:35:11.198 [http-nio-10086-exec-10] DEBUG c.zd.esearch.mapper.QuestionMapper.countByExample - ==> Parameters: 
2022-02-25 15:35:11.198 [http-nio-10086-exec-10] DEBUG c.zd.esearch.mapper.QuestionMapper.countByExample - <==      Total: 1
2022-02-25 15:35:11.199 [http-nio-10086-exec-10] DEBUG c.z.e.m.Q.selectByExampleWithRowbounds - ==>  Preparing: select ID, TITLE, GMT_CREATE, GMT_MODIFIED, CREATOR, COMMENT_COUNT, VIEW_COUNT, LIKE_COUNT, TAG from QUESTION LIMIT ? OFFSET ?
2022-02-25 15:35:11.200 [http-nio-10086-exec-10] DEBUG c.z.e.m.Q.selectByExampleWithRowbounds - ==> Parameters: 3(Integer), 42(Long)
2022-02-25 15:35:11.201 [http-nio-10086-exec-10] DEBUG c.z.e.m.Q.selectByExampleWithRowbounds - <==      Total: 1
2022-02-25 15:35:11.201 [http-nio-10086-exec-10] DEBUG c.zd.esearch.mapper.UserMapper.selectByPrimaryKey - ==>  Preparing: select ID, ACCOUNT_ID, NAME, TOKEN, GMT_CREATE, GMT_MODIFIED, AVATAR_URL from USER where ID = ?
2022-02-25 15:35:11.202 [http-nio-10086-exec-10] DEBUG c.zd.esearch.mapper.UserMapper.selectByPrimaryKey - ==> Parameters: 3734(Long)
2022-02-25 15:35:11.202 [http-nio-10086-exec-10] DEBUG c.zd.esearch.mapper.UserMapper.selectByPrimaryKey - <==      Total: 1
2022-02-25 15:35:12.745 [http-nio-10086-exec-9] DEBUG com.zd.esearch.mapper.UserMapper.selectByExample - ==>  Preparing: select ID, ACCOUNT_ID, NAME, TOKEN, GMT_CREATE, GMT_MODIFIED, AVATAR_URL from USER WHERE ( TOKEN = ? )
2022-02-25 15:35:12.745 [http-nio-10086-exec-9] DEBUG com.zd.esearch.mapper.UserMapper.selectByExample - ==> Parameters: 92e9a019-01d9-4af5-837a-8ba83733ffe1(String)
2022-02-25 15:35:12.746 [http-nio-10086-exec-9] DEBUG com.zd.esearch.mapper.UserMapper.selectByExample - <==      Total: 1
2022-02-25 15:35:12.747 [http-nio-10086-exec-9] DEBUG c.zd.esearch.mapper.QuestionMapper.countByExample - ==>  Preparing: select count(*) from QUESTION
2022-02-25 15:35:12.747 [http-nio-10086-exec-9] DEBUG c.zd.esearch.mapper.QuestionMapper.countByExample - ==> Parameters: 
2022-02-25 15:35:12.747 [http-nio-10086-exec-9] DEBUG c.zd.esearch.mapper.QuestionMapper.countByExample - <==      Total: 1
2022-02-25 15:35:12.747 [http-nio-10086-exec-9] DEBUG c.z.e.m.Q.selectByExampleWithRowbounds - ==>  Preparing: select ID, TITLE, GMT_CREATE, GMT_MODIFIED, CREATOR, COMMENT_COUNT, VIEW_COUNT, LIKE_COUNT, TAG from QUESTION LIMIT ? OFFSET ?
2022-02-25 15:35:12.747 [http-nio-10086-exec-9] DEBUG c.z.e.m.Q.selectByExampleWithRowbounds - ==> Parameters: 3(Integer), 36(Long)
2022-02-25 15:35:12.748 [http-nio-10086-exec-9] DEBUG c.z.e.m.Q.selectByExampleWithRowbounds - <==      Total: 3
2022-02-25 15:35:12.748 [http-nio-10086-exec-9] DEBUG c.zd.esearch.mapper.UserMapper.selectByPrimaryKey - ==>  Preparing: select ID, ACCOUNT_ID, NAME, TOKEN, GMT_CREATE, GMT_MODIFIED, AVATAR_URL from USER where ID = ?
2022-02-25 15:35:12.748 [http-nio-10086-exec-9] DEBUG c.zd.esearch.mapper.UserMapper.selectByPrimaryKey - ==> Parameters: 3733(Long)
2022-02-25 15:35:12.749 [http-nio-10086-exec-9] DEBUG c.zd.esearch.mapper.UserMapper.selectByPrimaryKey - <==      Total: 1
2022-02-25 15:35:12.749 [http-nio-10086-exec-9] DEBUG c.zd.esearch.mapper.UserMapper.selectByPrimaryKey - ==>  Preparing: select ID, ACCOUNT_ID, NAME, TOKEN, GMT_CREATE, GMT_MODIFIED, AVATAR_URL from USER where ID = ?
2022-02-25 15:35:12.749 [http-nio-10086-exec-9] DEBUG c.zd.esearch.mapper.UserMapper.selectByPrimaryKey - ==> Parameters: 3733(Long)
2022-02-25 15:35:12.749 [http-nio-10086-exec-9] DEBUG c.zd.esearch.mapper.UserMapper.selectByPrimaryKey - <==      Total: 1
2022-02-25 15:35:12.749 [http-nio-10086-exec-9] DEBUG c.zd.esearch.mapper.UserMapper.selectByPrimaryKey - ==>  Preparing: select ID, ACCOUNT_ID, NAME, TOKEN, GMT_CREATE, GMT_MODIFIED, AVATAR_URL from USER where ID = ?
2022-02-25 15:35:12.749 [http-nio-10086-exec-9] DEBUG c.zd.esearch.mapper.UserMapper.selectByPrimaryKey - ==> Parameters: 3733(Long)
2022-02-25 15:35:12.749 [http-nio-10086-exec-9] DEBUG c.zd.esearch.mapper.UserMapper.selectByPrimaryKey - <==      Total: 1
2022-02-25 16:06:42.711 [http-nio-10086-exec-3] DEBUG com.zd.esearch.mapper.UserMapper.selectByExample - ==>  Preparing: select ID, ACCOUNT_ID, NAME, TOKEN, GMT_CREATE, GMT_MODIFIED, AVATAR_URL from USER WHERE ( TOKEN = ? )
2022-02-25 16:06:42.713 [http-nio-10086-exec-3] DEBUG com.zd.esearch.mapper.UserMapper.selectByExample - ==> Parameters: 92e9a019-01d9-4af5-837a-8ba83733ffe1(String)
2022-02-25 16:06:42.714 [http-nio-10086-exec-3] DEBUG com.zd.esearch.mapper.UserMapper.selectByExample - <==      Total: 1
2022-02-25 16:06:42.715 [http-nio-10086-exec-3] DEBUG c.z.e.mapper.QuestionMapper.selectByPrimaryKey - ==>  Preparing: select ID, TITLE, GMT_CREATE, GMT_MODIFIED, CREATOR, COMMENT_COUNT, VIEW_COUNT, LIKE_COUNT, TAG , DESCRIPTION from QUESTION where ID = ?
2022-02-25 16:06:42.716 [http-nio-10086-exec-3] DEBUG c.z.e.mapper.QuestionMapper.selectByPrimaryKey - ==> Parameters: 2039(Long)
2022-02-25 16:06:42.717 [http-nio-10086-exec-3] DEBUG c.z.e.mapper.QuestionMapper.selectByPrimaryKey - <==      Total: 1
2022-02-25 16:06:42.717 [http-nio-10086-exec-3] DEBUG c.zd.esearch.mapper.UserMapper.selectByPrimaryKey - ==>  Preparing: select ID, ACCOUNT_ID, NAME, TOKEN, GMT_CREATE, GMT_MODIFIED, AVATAR_URL from USER where ID = ?
2022-02-25 16:06:42.717 [http-nio-10086-exec-3] DEBUG c.zd.esearch.mapper.UserMapper.selectByPrimaryKey - ==> Parameters: 3733(Long)
2022-02-25 16:06:42.718 [http-nio-10086-exec-3] DEBUG c.zd.esearch.mapper.UserMapper.selectByPrimaryKey - <==      Total: 1
2022-02-25 16:06:42.718 [http-nio-10086-exec-3] DEBUG com.zd.esearch.mapper.QuestionExtMapper.incView - ==>  Preparing: update QUESTION set VIEW_COUNT = VIEW_COUNT + ? where id = ?
2022-02-25 16:06:42.718 [http-nio-10086-exec-3] DEBUG com.zd.esearch.mapper.QuestionExtMapper.incView - ==> Parameters: 1(Integer), 2039(Long)
2022-02-25 16:06:42.718 [http-nio-10086-exec-3] DEBUG com.zd.esearch.mapper.QuestionExtMapper.incView - <==    Updates: 1
2022-02-25 16:06:44.774 [http-nio-10086-exec-2] DEBUG com.zd.esearch.mapper.UserMapper.selectByExample - ==>  Preparing: select ID, ACCOUNT_ID, NAME, TOKEN, GMT_CREATE, GMT_MODIFIED, AVATAR_URL from USER WHERE ( TOKEN = ? )
2022-02-25 16:06:44.775 [http-nio-10086-exec-2] DEBUG com.zd.esearch.mapper.UserMapper.selectByExample - ==> Parameters: 92e9a019-01d9-4af5-837a-8ba83733ffe1(String)
2022-02-25 16:06:44.775 [http-nio-10086-exec-2] DEBUG com.zd.esearch.mapper.UserMapper.selectByExample - <==      Total: 1
2022-02-25 16:06:44.775 [http-nio-10086-exec-2] DEBUG c.z.e.mapper.QuestionMapper.selectByPrimaryKey - ==>  Preparing: select ID, TITLE, GMT_CREATE, GMT_MODIFIED, CREATOR, COMMENT_COUNT, VIEW_COUNT, LIKE_COUNT, TAG , DESCRIPTION from QUESTION where ID = ?
2022-02-25 16:06:44.775 [http-nio-10086-exec-2] DEBUG c.z.e.mapper.QuestionMapper.selectByPrimaryKey - ==> Parameters: 2039(Long)
2022-02-25 16:06:44.776 [http-nio-10086-exec-2] DEBUG c.z.e.mapper.QuestionMapper.selectByPrimaryKey - <==      Total: 1
2022-02-25 16:06:44.776 [http-nio-10086-exec-2] DEBUG c.zd.esearch.mapper.UserMapper.selectByPrimaryKey - ==>  Preparing: select ID, ACCOUNT_ID, NAME, TOKEN, GMT_CREATE, GMT_MODIFIED, AVATAR_URL from USER where ID = ?
2022-02-25 16:06:44.776 [http-nio-10086-exec-2] DEBUG c.zd.esearch.mapper.UserMapper.selectByPrimaryKey - ==> Parameters: 3733(Long)
2022-02-25 16:06:44.776 [http-nio-10086-exec-2] DEBUG c.zd.esearch.mapper.UserMapper.selectByPrimaryKey - <==      Total: 1
2022-02-25 16:06:44.776 [http-nio-10086-exec-2] DEBUG com.zd.esearch.mapper.QuestionExtMapper.incView - ==>  Preparing: update QUESTION set VIEW_COUNT = VIEW_COUNT + ? where id = ?
2022-02-25 16:06:44.776 [http-nio-10086-exec-2] DEBUG com.zd.esearch.mapper.QuestionExtMapper.incView - ==> Parameters: 1(Integer), 2039(Long)
2022-02-25 16:06:44.777 [http-nio-10086-exec-2] DEBUG com.zd.esearch.mapper.QuestionExtMapper.incView - <==    Updates: 1
2022-02-25 16:06:45.211 [http-nio-10086-exec-7] DEBUG com.zd.esearch.mapper.UserMapper.selectByExample - ==>  Preparing: select ID, ACCOUNT_ID, NAME, TOKEN, GMT_CREATE, GMT_MODIFIED, AVATAR_URL from USER WHERE ( TOKEN = ? )
2022-02-25 16:06:45.211 [http-nio-10086-exec-7] DEBUG com.zd.esearch.mapper.UserMapper.selectByExample - ==> Parameters: 92e9a019-01d9-4af5-837a-8ba83733ffe1(String)
2022-02-25 16:06:45.211 [http-nio-10086-exec-7] DEBUG com.zd.esearch.mapper.UserMapper.selectByExample - <==      Total: 1
2022-02-25 16:06:45.211 [http-nio-10086-exec-7] DEBUG c.z.e.mapper.QuestionMapper.selectByPrimaryKey - ==>  Preparing: select ID, TITLE, GMT_CREATE, GMT_MODIFIED, CREATOR, COMMENT_COUNT, VIEW_COUNT, LIKE_COUNT, TAG , DESCRIPTION from QUESTION where ID = ?
2022-02-25 16:06:45.212 [http-nio-10086-exec-7] DEBUG c.z.e.mapper.QuestionMapper.selectByPrimaryKey - ==> Parameters: 2039(Long)
2022-02-25 16:06:45.212 [http-nio-10086-exec-7] DEBUG c.z.e.mapper.QuestionMapper.selectByPrimaryKey - <==      Total: 1
2022-02-25 16:06:45.212 [http-nio-10086-exec-7] DEBUG c.zd.esearch.mapper.UserMapper.selectByPrimaryKey - ==>  Preparing: select ID, ACCOUNT_ID, NAME, TOKEN, GMT_CREATE, GMT_MODIFIED, AVATAR_URL from USER where ID = ?
2022-02-25 16:06:45.212 [http-nio-10086-exec-7] DEBUG c.zd.esearch.mapper.UserMapper.selectByPrimaryKey - ==> Parameters: 3733(Long)
2022-02-25 16:06:45.212 [http-nio-10086-exec-7] DEBUG c.zd.esearch.mapper.UserMapper.selectByPrimaryKey - <==      Total: 1
2022-02-25 16:06:45.213 [http-nio-10086-exec-7] DEBUG com.zd.esearch.mapper.QuestionExtMapper.incView - ==>  Preparing: update QUESTION set VIEW_COUNT = VIEW_COUNT + ? where id = ?
2022-02-25 16:06:45.214 [http-nio-10086-exec-7] DEBUG com.zd.esearch.mapper.QuestionExtMapper.incView - ==> Parameters: 1(Integer), 2039(Long)
2022-02-25 16:06:45.214 [http-nio-10086-exec-7] DEBUG com.zd.esearch.mapper.QuestionExtMapper.incView - <==    Updates: 1
2022-02-25 16:06:45.380 [http-nio-10086-exec-8] DEBUG com.zd.esearch.mapper.UserMapper.selectByExample - ==>  Preparing: select ID, ACCOUNT_ID, NAME, TOKEN, GMT_CREATE, GMT_MODIFIED, AVATAR_URL from USER WHERE ( TOKEN = ? )
2022-02-25 16:06:45.380 [http-nio-10086-exec-8] DEBUG com.zd.esearch.mapper.UserMapper.selectByExample - ==> Parameters: 92e9a019-01d9-4af5-837a-8ba83733ffe1(String)
2022-02-25 16:06:45.380 [http-nio-10086-exec-8] DEBUG com.zd.esearch.mapper.UserMapper.selectByExample - <==      Total: 1
2022-02-25 16:06:45.381 [http-nio-10086-exec-8] DEBUG c.z.e.mapper.QuestionMapper.selectByPrimaryKey - ==>  Preparing: select ID, TITLE, GMT_CREATE, GMT_MODIFIED, CREATOR, COMMENT_COUNT, VIEW_COUNT, LIKE_COUNT, TAG , DESCRIPTION from QUESTION where ID = ?
2022-02-25 16:06:45.381 [http-nio-10086-exec-8] DEBUG c.z.e.mapper.QuestionMapper.selectByPrimaryKey - ==> Parameters: 2039(Long)
2022-02-25 16:06:45.381 [http-nio-10086-exec-8] DEBUG c.z.e.mapper.QuestionMapper.selectByPrimaryKey - <==      Total: 1
2022-02-25 16:06:45.382 [http-nio-10086-exec-8] DEBUG c.zd.esearch.mapper.UserMapper.selectByPrimaryKey - ==>  Preparing: select ID, ACCOUNT_ID, NAME, TOKEN, GMT_CREATE, GMT_MODIFIED, AVATAR_URL from USER where ID = ?
2022-02-25 16:06:45.382 [http-nio-10086-exec-8] DEBUG c.zd.esearch.mapper.UserMapper.selectByPrimaryKey - ==> Parameters: 3733(Long)
2022-02-25 16:06:45.382 [http-nio-10086-exec-8] DEBUG c.zd.esearch.mapper.UserMapper.selectByPrimaryKey - <==      Total: 1
2022-02-25 16:06:45.382 [http-nio-10086-exec-8] DEBUG com.zd.esearch.mapper.QuestionExtMapper.incView - ==>  Preparing: update QUESTION set VIEW_COUNT = VIEW_COUNT + ? where id = ?
2022-02-25 16:06:45.382 [http-nio-10086-exec-8] DEBUG com.zd.esearch.mapper.QuestionExtMapper.incView - ==> Parameters: 1(Integer), 2039(Long)
2022-02-25 16:06:45.383 [http-nio-10086-exec-8] DEBUG com.zd.esearch.mapper.QuestionExtMapper.incView - <==    Updates: 1
