2022-05-05 08:00:12.080 [main] INFO  com.zd.esearch.EsearchApplication - Starting EsearchApplication using Java 11.0.12 on ZDSH with PID 32568 (D:\ideaworkspace\esearch\target\classes started by ZD in D:\ideaworkspace\esearch)
2022-05-05 08:00:12.083 [main] INFO  com.zd.esearch.EsearchApplication - No active profile set, falling back to default profiles: default
2022-05-05 08:00:13.464 [main] INFO  o.s.boot.web.embedded.tomcat.TomcatWebServer - Tomcat initialized with port(s): 10086 (http)
2022-05-05 08:00:13.474 [main] INFO  org.apache.coyote.http11.Http11NioProtocol - Initializing ProtocolHandler ["http-nio-10086"]
2022-05-05 08:00:13.475 [main] INFO  org.apache.catalina.core.StandardService - Starting service [Tomcat]
2022-05-05 08:00:13.475 [main] INFO  org.apache.catalina.core.StandardEngine - Starting Servlet engine: [Apache Tomcat/9.0.56]
2022-05-05 08:00:13.583 [main] INFO  o.a.c.core.ContainerBase.[Tomcat].[localhost].[/] - Initializing Spring embedded WebApplicationContext
2022-05-05 08:00:13.583 [main] INFO  o.s.b.w.s.c.ServletWebServerApplicationContext - Root WebApplicationContext: initialization completed in 1431 ms
2022-05-05 08:00:14.246 [main] INFO  o.s.b.a.web.servlet.WelcomePageHandlerMapping - Adding welcome page template: index
2022-05-05 08:00:14.419 [main] INFO  org.apache.coyote.http11.Http11NioProtocol - Starting ProtocolHandler ["http-nio-10086"]
2022-05-05 08:00:14.438 [main] INFO  o.s.boot.web.embedded.tomcat.TomcatWebServer - Tomcat started on port(s): 10086 (http) with context path ''
2022-05-05 08:00:14.454 [main] INFO  com.zd.esearch.EsearchApplication - Started EsearchApplication in 3.064 seconds (JVM running for 6.411)
2022-05-05 08:00:17.854 [http-nio-10086-exec-1] INFO  o.a.c.core.ContainerBase.[Tomcat].[localhost].[/] - Initializing Spring DispatcherServlet 'dispatcherServlet'
2022-05-05 08:00:17.856 [http-nio-10086-exec-1] INFO  org.springframework.web.servlet.DispatcherServlet - Initializing Servlet 'dispatcherServlet'
2022-05-05 08:00:17.857 [http-nio-10086-exec-1] INFO  org.springframework.web.servlet.DispatcherServlet - Completed initialization in 1 ms
2022-05-05 08:00:17.919 [http-nio-10086-exec-1] INFO  com.zaxxer.hikari.HikariDataSource - HikariPool-1 - Starting...
2022-05-05 08:00:18.050 [http-nio-10086-exec-1] INFO  com.zaxxer.hikari.HikariDataSource - HikariPool-1 - Start completed.
2022-05-05 08:00:18.059 [http-nio-10086-exec-1] DEBUG com.zd.esearch.mapper.UserMapper.selectByExample - ==>  Preparing: select ID, ACCOUNT_ID, NAME, TOKEN, GMT_CREATE, GMT_MODIFIED, AVATAR_URL from USER WHERE ( TOKEN = ? )
2022-05-05 08:00:18.077 [http-nio-10086-exec-1] DEBUG com.zd.esearch.mapper.UserMapper.selectByExample - ==> Parameters: 2ac335fd-d5a4-4ec2-8c70-1a918cf2cae6(String)
2022-05-05 08:00:18.092 [http-nio-10086-exec-1] DEBUG com.zd.esearch.mapper.UserMapper.selectByExample - <==      Total: 1
2022-05-05 08:00:18.506 [http-nio-10086-exec-1] WARN  org.apache.catalina.util.SessionIdGeneratorBase - Creation of SecureRandom instance for session ID generation using [SHA1PRNG] took [404] milliseconds.
2022-05-05 08:00:18.523 [http-nio-10086-exec-1] DEBUG c.zd.esearch.mapper.QuestionMapper.countByExample - ==>  Preparing: select count(*) from QUESTION
2022-05-05 08:00:18.524 [http-nio-10086-exec-1] DEBUG c.zd.esearch.mapper.QuestionMapper.countByExample - ==> Parameters: 
2022-05-05 08:00:18.525 [http-nio-10086-exec-1] DEBUG c.zd.esearch.mapper.QuestionMapper.countByExample - <==      Total: 1
2022-05-05 08:00:18.530 [http-nio-10086-exec-1] DEBUG c.z.e.m.Q.selectByExampleWithRowbounds - ==>  Preparing: select ID, TITLE, GMT_CREATE, GMT_MODIFIED, CREATOR, COMMENT_COUNT, VIEW_COUNT, LIKE_COUNT, TAG from QUESTION LIMIT ? OFFSET ?
2022-05-05 08:00:18.531 [http-nio-10086-exec-1] DEBUG c.z.e.m.Q.selectByExampleWithRowbounds - ==> Parameters: 3(Integer), 42(Long)
2022-05-05 08:00:18.532 [http-nio-10086-exec-1] DEBUG c.z.e.m.Q.selectByExampleWithRowbounds - <==      Total: 1
2022-05-05 08:00:18.532 [http-nio-10086-exec-1] DEBUG c.zd.esearch.mapper.UserMapper.selectByPrimaryKey - ==>  Preparing: select ID, ACCOUNT_ID, NAME, TOKEN, GMT_CREATE, GMT_MODIFIED, AVATAR_URL from USER where ID = ?
2022-05-05 08:00:18.533 [http-nio-10086-exec-1] DEBUG c.zd.esearch.mapper.UserMapper.selectByPrimaryKey - ==> Parameters: 3734(Long)
2022-05-05 08:00:18.533 [http-nio-10086-exec-1] DEBUG c.zd.esearch.mapper.UserMapper.selectByPrimaryKey - <==      Total: 1
2022-05-05 08:00:21.395 [http-nio-10086-exec-2] DEBUG com.zd.esearch.mapper.UserMapper.selectByExample - ==>  Preparing: select ID, ACCOUNT_ID, NAME, TOKEN, GMT_CREATE, GMT_MODIFIED, AVATAR_URL from USER WHERE ( TOKEN = ? )
2022-05-05 08:00:21.396 [http-nio-10086-exec-2] DEBUG com.zd.esearch.mapper.UserMapper.selectByExample - ==> Parameters: 2ac335fd-d5a4-4ec2-8c70-1a918cf2cae6(String)
2022-05-05 08:00:21.396 [http-nio-10086-exec-2] DEBUG com.zd.esearch.mapper.UserMapper.selectByExample - <==      Total: 1
2022-05-05 08:00:21.397 [http-nio-10086-exec-2] DEBUG c.zd.esearch.mapper.QuestionMapper.countByExample - ==>  Preparing: select count(*) from QUESTION
2022-05-05 08:00:21.397 [http-nio-10086-exec-2] DEBUG c.zd.esearch.mapper.QuestionMapper.countByExample - ==> Parameters: 
2022-05-05 08:00:21.398 [http-nio-10086-exec-2] DEBUG c.zd.esearch.mapper.QuestionMapper.countByExample - <==      Total: 1
2022-05-05 08:00:21.398 [http-nio-10086-exec-2] DEBUG c.z.e.m.Q.selectByExampleWithRowbounds - ==>  Preparing: select ID, TITLE, GMT_CREATE, GMT_MODIFIED, CREATOR, COMMENT_COUNT, VIEW_COUNT, LIKE_COUNT, TAG from QUESTION LIMIT ? OFFSET ?
2022-05-05 08:00:21.398 [http-nio-10086-exec-2] DEBUG c.z.e.m.Q.selectByExampleWithRowbounds - ==> Parameters: 3(Integer), 39(Long)
2022-05-05 08:00:21.400 [http-nio-10086-exec-2] DEBUG c.z.e.m.Q.selectByExampleWithRowbounds - <==      Total: 3
2022-05-05 08:00:21.400 [http-nio-10086-exec-2] DEBUG c.zd.esearch.mapper.UserMapper.selectByPrimaryKey - ==>  Preparing: select ID, ACCOUNT_ID, NAME, TOKEN, GMT_CREATE, GMT_MODIFIED, AVATAR_URL from USER where ID = ?
2022-05-05 08:00:21.400 [http-nio-10086-exec-2] DEBUG c.zd.esearch.mapper.UserMapper.selectByPrimaryKey - ==> Parameters: 3733(Long)
2022-05-05 08:00:21.401 [http-nio-10086-exec-2] DEBUG c.zd.esearch.mapper.UserMapper.selectByPrimaryKey - <==      Total: 1
2022-05-05 08:00:21.401 [http-nio-10086-exec-2] DEBUG c.zd.esearch.mapper.UserMapper.selectByPrimaryKey - ==>  Preparing: select ID, ACCOUNT_ID, NAME, TOKEN, GMT_CREATE, GMT_MODIFIED, AVATAR_URL from USER where ID = ?
2022-05-05 08:00:21.401 [http-nio-10086-exec-2] DEBUG c.zd.esearch.mapper.UserMapper.selectByPrimaryKey - ==> Parameters: 3733(Long)
2022-05-05 08:00:21.402 [http-nio-10086-exec-2] DEBUG c.zd.esearch.mapper.UserMapper.selectByPrimaryKey - <==      Total: 1
2022-05-05 08:00:21.402 [http-nio-10086-exec-2] DEBUG c.zd.esearch.mapper.UserMapper.selectByPrimaryKey - ==>  Preparing: select ID, ACCOUNT_ID, NAME, TOKEN, GMT_CREATE, GMT_MODIFIED, AVATAR_URL from USER where ID = ?
2022-05-05 08:00:21.402 [http-nio-10086-exec-2] DEBUG c.zd.esearch.mapper.UserMapper.selectByPrimaryKey - ==> Parameters: 3733(Long)
2022-05-05 08:00:21.402 [http-nio-10086-exec-2] DEBUG c.zd.esearch.mapper.UserMapper.selectByPrimaryKey - <==      Total: 1
2022-05-05 08:00:22.883 [http-nio-10086-exec-3] DEBUG com.zd.esearch.mapper.UserMapper.selectByExample - ==>  Preparing: select ID, ACCOUNT_ID, NAME, TOKEN, GMT_CREATE, GMT_MODIFIED, AVATAR_URL from USER WHERE ( TOKEN = ? )
2022-05-05 08:00:22.883 [http-nio-10086-exec-3] DEBUG com.zd.esearch.mapper.UserMapper.selectByExample - ==> Parameters: 2ac335fd-d5a4-4ec2-8c70-1a918cf2cae6(String)
2022-05-05 08:00:22.883 [http-nio-10086-exec-3] DEBUG com.zd.esearch.mapper.UserMapper.selectByExample - <==      Total: 1
2022-05-05 08:00:22.884 [http-nio-10086-exec-3] DEBUG c.zd.esearch.mapper.QuestionMapper.countByExample - ==>  Preparing: select count(*) from QUESTION
2022-05-05 08:00:22.884 [http-nio-10086-exec-3] DEBUG c.zd.esearch.mapper.QuestionMapper.countByExample - ==> Parameters: 
2022-05-05 08:00:22.885 [http-nio-10086-exec-3] DEBUG c.zd.esearch.mapper.QuestionMapper.countByExample - <==      Total: 1
2022-05-05 08:00:22.885 [http-nio-10086-exec-3] DEBUG c.z.e.m.Q.selectByExampleWithRowbounds - ==>  Preparing: select ID, TITLE, GMT_CREATE, GMT_MODIFIED, CREATOR, COMMENT_COUNT, VIEW_COUNT, LIKE_COUNT, TAG from QUESTION LIMIT ?
2022-05-05 08:00:22.886 [http-nio-10086-exec-3] DEBUG c.z.e.m.Q.selectByExampleWithRowbounds - ==> Parameters: 3(Integer)
2022-05-05 08:00:22.887 [http-nio-10086-exec-3] DEBUG c.z.e.m.Q.selectByExampleWithRowbounds - <==      Total: 3
2022-05-05 08:00:22.888 [http-nio-10086-exec-3] DEBUG c.zd.esearch.mapper.UserMapper.selectByPrimaryKey - ==>  Preparing: select ID, ACCOUNT_ID, NAME, TOKEN, GMT_CREATE, GMT_MODIFIED, AVATAR_URL from USER where ID = ?
2022-05-05 08:00:22.888 [http-nio-10086-exec-3] DEBUG c.zd.esearch.mapper.UserMapper.selectByPrimaryKey - ==> Parameters: 3733(Long)
2022-05-05 08:00:22.888 [http-nio-10086-exec-3] DEBUG c.zd.esearch.mapper.UserMapper.selectByPrimaryKey - <==      Total: 1
2022-05-05 08:00:22.889 [http-nio-10086-exec-3] DEBUG c.zd.esearch.mapper.UserMapper.selectByPrimaryKey - ==>  Preparing: select ID, ACCOUNT_ID, NAME, TOKEN, GMT_CREATE, GMT_MODIFIED, AVATAR_URL from USER where ID = ?
2022-05-05 08:00:22.889 [http-nio-10086-exec-3] DEBUG c.zd.esearch.mapper.UserMapper.selectByPrimaryKey - ==> Parameters: 3733(Long)
2022-05-05 08:00:22.890 [http-nio-10086-exec-3] DEBUG c.zd.esearch.mapper.UserMapper.selectByPrimaryKey - <==      Total: 1
2022-05-05 08:00:22.891 [http-nio-10086-exec-3] DEBUG c.zd.esearch.mapper.UserMapper.selectByPrimaryKey - ==>  Preparing: select ID, ACCOUNT_ID, NAME, TOKEN, GMT_CREATE, GMT_MODIFIED, AVATAR_URL from USER where ID = ?
2022-05-05 08:00:22.891 [http-nio-10086-exec-3] DEBUG c.zd.esearch.mapper.UserMapper.selectByPrimaryKey - ==> Parameters: 3733(Long)
2022-05-05 08:00:22.892 [http-nio-10086-exec-3] DEBUG c.zd.esearch.mapper.UserMapper.selectByPrimaryKey - <==      Total: 1
2022-05-05 08:00:23.893 [http-nio-10086-exec-4] DEBUG com.zd.esearch.mapper.UserMapper.selectByExample - ==>  Preparing: select ID, ACCOUNT_ID, NAME, TOKEN, GMT_CREATE, GMT_MODIFIED, AVATAR_URL from USER WHERE ( TOKEN = ? )
2022-05-05 08:00:23.893 [http-nio-10086-exec-4] DEBUG com.zd.esearch.mapper.UserMapper.selectByExample - ==> Parameters: 2ac335fd-d5a4-4ec2-8c70-1a918cf2cae6(String)
2022-05-05 08:00:23.894 [http-nio-10086-exec-4] DEBUG com.zd.esearch.mapper.UserMapper.selectByExample - <==      Total: 1
2022-05-05 08:00:23.895 [http-nio-10086-exec-4] DEBUG c.zd.esearch.mapper.QuestionMapper.countByExample - ==>  Preparing: select count(*) from QUESTION
2022-05-05 08:00:23.895 [http-nio-10086-exec-4] DEBUG c.zd.esearch.mapper.QuestionMapper.countByExample - ==> Parameters: 
2022-05-05 08:00:23.896 [http-nio-10086-exec-4] DEBUG c.zd.esearch.mapper.QuestionMapper.countByExample - <==      Total: 1
2022-05-05 08:00:23.897 [http-nio-10086-exec-4] DEBUG c.z.e.m.Q.selectByExampleWithRowbounds - ==>  Preparing: select ID, TITLE, GMT_CREATE, GMT_MODIFIED, CREATOR, COMMENT_COUNT, VIEW_COUNT, LIKE_COUNT, TAG from QUESTION LIMIT ? OFFSET ?
2022-05-05 08:00:23.897 [http-nio-10086-exec-4] DEBUG c.z.e.m.Q.selectByExampleWithRowbounds - ==> Parameters: 3(Integer), 6(Long)
2022-05-05 08:00:23.898 [http-nio-10086-exec-4] DEBUG c.z.e.m.Q.selectByExampleWithRowbounds - <==      Total: 3
2022-05-05 08:00:23.899 [http-nio-10086-exec-4] DEBUG c.zd.esearch.mapper.UserMapper.selectByPrimaryKey - ==>  Preparing: select ID, ACCOUNT_ID, NAME, TOKEN, GMT_CREATE, GMT_MODIFIED, AVATAR_URL from USER where ID = ?
2022-05-05 08:00:23.899 [http-nio-10086-exec-4] DEBUG c.zd.esearch.mapper.UserMapper.selectByPrimaryKey - ==> Parameters: 3733(Long)
2022-05-05 08:00:23.899 [http-nio-10086-exec-4] DEBUG c.zd.esearch.mapper.UserMapper.selectByPrimaryKey - <==      Total: 1
2022-05-05 08:00:23.899 [http-nio-10086-exec-4] DEBUG c.zd.esearch.mapper.UserMapper.selectByPrimaryKey - ==>  Preparing: select ID, ACCOUNT_ID, NAME, TOKEN, GMT_CREATE, GMT_MODIFIED, AVATAR_URL from USER where ID = ?
2022-05-05 08:00:23.899 [http-nio-10086-exec-4] DEBUG c.zd.esearch.mapper.UserMapper.selectByPrimaryKey - ==> Parameters: 3733(Long)
2022-05-05 08:00:23.900 [http-nio-10086-exec-4] DEBUG c.zd.esearch.mapper.UserMapper.selectByPrimaryKey - <==      Total: 1
2022-05-05 08:00:23.902 [http-nio-10086-exec-4] DEBUG c.zd.esearch.mapper.UserMapper.selectByPrimaryKey - ==>  Preparing: select ID, ACCOUNT_ID, NAME, TOKEN, GMT_CREATE, GMT_MODIFIED, AVATAR_URL from USER where ID = ?
2022-05-05 08:00:23.902 [http-nio-10086-exec-4] DEBUG c.zd.esearch.mapper.UserMapper.selectByPrimaryKey - ==> Parameters: 3733(Long)
2022-05-05 08:00:23.902 [http-nio-10086-exec-4] DEBUG c.zd.esearch.mapper.UserMapper.selectByPrimaryKey - <==      Total: 1
2022-05-05 08:00:24.738 [http-nio-10086-exec-5] DEBUG com.zd.esearch.mapper.UserMapper.selectByExample - ==>  Preparing: select ID, ACCOUNT_ID, NAME, TOKEN, GMT_CREATE, GMT_MODIFIED, AVATAR_URL from USER WHERE ( TOKEN = ? )
2022-05-05 08:00:24.739 [http-nio-10086-exec-5] DEBUG com.zd.esearch.mapper.UserMapper.selectByExample - ==> Parameters: 2ac335fd-d5a4-4ec2-8c70-1a918cf2cae6(String)
2022-05-05 08:00:24.739 [http-nio-10086-exec-5] DEBUG com.zd.esearch.mapper.UserMapper.selectByExample - <==      Total: 1
2022-05-05 08:00:24.740 [http-nio-10086-exec-5] DEBUG c.zd.esearch.mapper.QuestionMapper.countByExample - ==>  Preparing: select count(*) from QUESTION
2022-05-05 08:00:24.740 [http-nio-10086-exec-5] DEBUG c.zd.esearch.mapper.QuestionMapper.countByExample - ==> Parameters: 
2022-05-05 08:00:24.740 [http-nio-10086-exec-5] DEBUG c.zd.esearch.mapper.QuestionMapper.countByExample - <==      Total: 1
2022-05-05 08:00:24.741 [http-nio-10086-exec-5] DEBUG c.z.e.m.Q.selectByExampleWithRowbounds - ==>  Preparing: select ID, TITLE, GMT_CREATE, GMT_MODIFIED, CREATOR, COMMENT_COUNT, VIEW_COUNT, LIKE_COUNT, TAG from QUESTION LIMIT ? OFFSET ?
2022-05-05 08:00:24.741 [http-nio-10086-exec-5] DEBUG c.z.e.m.Q.selectByExampleWithRowbounds - ==> Parameters: 3(Integer), 42(Long)
2022-05-05 08:00:24.752 [http-nio-10086-exec-5] DEBUG c.z.e.m.Q.selectByExampleWithRowbounds - <==      Total: 1
2022-05-05 08:00:24.753 [http-nio-10086-exec-5] DEBUG c.zd.esearch.mapper.UserMapper.selectByPrimaryKey - ==>  Preparing: select ID, ACCOUNT_ID, NAME, TOKEN, GMT_CREATE, GMT_MODIFIED, AVATAR_URL from USER where ID = ?
2022-05-05 08:00:24.753 [http-nio-10086-exec-5] DEBUG c.zd.esearch.mapper.UserMapper.selectByPrimaryKey - ==> Parameters: 3734(Long)
2022-05-05 08:00:24.754 [http-nio-10086-exec-5] DEBUG c.zd.esearch.mapper.UserMapper.selectByPrimaryKey - <==      Total: 1
2022-05-05 08:00:26.251 [http-nio-10086-exec-6] DEBUG com.zd.esearch.mapper.UserMapper.selectByExample - ==>  Preparing: select ID, ACCOUNT_ID, NAME, TOKEN, GMT_CREATE, GMT_MODIFIED, AVATAR_URL from USER WHERE ( TOKEN = ? )
2022-05-05 08:00:26.251 [http-nio-10086-exec-6] DEBUG com.zd.esearch.mapper.UserMapper.selectByExample - ==> Parameters: 2ac335fd-d5a4-4ec2-8c70-1a918cf2cae6(String)
2022-05-05 08:00:26.252 [http-nio-10086-exec-6] DEBUG com.zd.esearch.mapper.UserMapper.selectByExample - <==      Total: 1
2022-05-05 08:00:26.254 [http-nio-10086-exec-6] DEBUG c.z.e.mapper.QuestionMapper.selectByPrimaryKey - ==>  Preparing: select ID, TITLE, GMT_CREATE, GMT_MODIFIED, CREATOR, COMMENT_COUNT, VIEW_COUNT, LIKE_COUNT, TAG , DESCRIPTION from QUESTION where ID = ?
2022-05-05 08:00:26.255 [http-nio-10086-exec-6] DEBUG c.z.e.mapper.QuestionMapper.selectByPrimaryKey - ==> Parameters: 2200(Long)
2022-05-05 08:00:26.257 [http-nio-10086-exec-6] DEBUG c.z.e.mapper.QuestionMapper.selectByPrimaryKey - <==      Total: 1
2022-05-05 08:00:26.257 [http-nio-10086-exec-6] DEBUG c.zd.esearch.mapper.UserMapper.selectByPrimaryKey - ==>  Preparing: select ID, ACCOUNT_ID, NAME, TOKEN, GMT_CREATE, GMT_MODIFIED, AVATAR_URL from USER where ID = ?
2022-05-05 08:00:26.257 [http-nio-10086-exec-6] DEBUG c.zd.esearch.mapper.UserMapper.selectByPrimaryKey - ==> Parameters: 3734(Long)
2022-05-05 08:00:26.257 [http-nio-10086-exec-6] DEBUG c.zd.esearch.mapper.UserMapper.selectByPrimaryKey - <==      Total: 1
2022-05-05 08:00:26.258 [http-nio-10086-exec-6] DEBUG com.zd.esearch.mapper.QuestionExtMapper.incView - ==>  Preparing: update QUESTION set VIEW_COUNT = VIEW_COUNT + ? where id = ?
2022-05-05 08:00:26.262 [http-nio-10086-exec-6] DEBUG com.zd.esearch.mapper.QuestionExtMapper.incView - ==> Parameters: 1(Integer), 2200(Long)
2022-05-05 08:00:26.265 [http-nio-10086-exec-6] DEBUG com.zd.esearch.mapper.QuestionExtMapper.incView - <==    Updates: 1
2022-05-05 08:00:28.100 [http-nio-10086-exec-7] DEBUG com.zd.esearch.mapper.UserMapper.selectByExample - ==>  Preparing: select ID, ACCOUNT_ID, NAME, TOKEN, GMT_CREATE, GMT_MODIFIED, AVATAR_URL from USER WHERE ( TOKEN = ? )
2022-05-05 08:00:28.100 [http-nio-10086-exec-7] DEBUG com.zd.esearch.mapper.UserMapper.selectByExample - ==> Parameters: 2ac335fd-d5a4-4ec2-8c70-1a918cf2cae6(String)
2022-05-05 08:00:28.101 [http-nio-10086-exec-7] DEBUG com.zd.esearch.mapper.UserMapper.selectByExample - <==      Total: 1
2022-05-05 08:00:28.101 [http-nio-10086-exec-7] DEBUG c.zd.esearch.mapper.QuestionMapper.countByExample - ==>  Preparing: select count(*) from QUESTION
2022-05-05 08:00:28.102 [http-nio-10086-exec-7] DEBUG c.zd.esearch.mapper.QuestionMapper.countByExample - ==> Parameters: 
2022-05-05 08:00:28.103 [http-nio-10086-exec-7] DEBUG c.zd.esearch.mapper.QuestionMapper.countByExample - <==      Total: 1
2022-05-05 08:00:28.103 [http-nio-10086-exec-7] DEBUG c.z.e.m.Q.selectByExampleWithRowbounds - ==>  Preparing: select ID, TITLE, GMT_CREATE, GMT_MODIFIED, CREATOR, COMMENT_COUNT, VIEW_COUNT, LIKE_COUNT, TAG from QUESTION LIMIT ?
2022-05-05 08:00:28.103 [http-nio-10086-exec-7] DEBUG c.z.e.m.Q.selectByExampleWithRowbounds - ==> Parameters: 3(Integer)
2022-05-05 08:00:28.104 [http-nio-10086-exec-7] DEBUG c.z.e.m.Q.selectByExampleWithRowbounds - <==      Total: 3
2022-05-05 08:00:28.104 [http-nio-10086-exec-7] DEBUG c.zd.esearch.mapper.UserMapper.selectByPrimaryKey - ==>  Preparing: select ID, ACCOUNT_ID, NAME, TOKEN, GMT_CREATE, GMT_MODIFIED, AVATAR_URL from USER where ID = ?
2022-05-05 08:00:28.104 [http-nio-10086-exec-7] DEBUG c.zd.esearch.mapper.UserMapper.selectByPrimaryKey - ==> Parameters: 3733(Long)
2022-05-05 08:00:28.105 [http-nio-10086-exec-7] DEBUG c.zd.esearch.mapper.UserMapper.selectByPrimaryKey - <==      Total: 1
2022-05-05 08:00:28.105 [http-nio-10086-exec-7] DEBUG c.zd.esearch.mapper.UserMapper.selectByPrimaryKey - ==>  Preparing: select ID, ACCOUNT_ID, NAME, TOKEN, GMT_CREATE, GMT_MODIFIED, AVATAR_URL from USER where ID = ?
2022-05-05 08:00:28.105 [http-nio-10086-exec-7] DEBUG c.zd.esearch.mapper.UserMapper.selectByPrimaryKey - ==> Parameters: 3733(Long)
2022-05-05 08:00:28.105 [http-nio-10086-exec-7] DEBUG c.zd.esearch.mapper.UserMapper.selectByPrimaryKey - <==      Total: 1
2022-05-05 08:00:28.106 [http-nio-10086-exec-7] DEBUG c.zd.esearch.mapper.UserMapper.selectByPrimaryKey - ==>  Preparing: select ID, ACCOUNT_ID, NAME, TOKEN, GMT_CREATE, GMT_MODIFIED, AVATAR_URL from USER where ID = ?
2022-05-05 08:00:28.106 [http-nio-10086-exec-7] DEBUG c.zd.esearch.mapper.UserMapper.selectByPrimaryKey - ==> Parameters: 3733(Long)
2022-05-05 08:00:28.106 [http-nio-10086-exec-7] DEBUG c.zd.esearch.mapper.UserMapper.selectByPrimaryKey - <==      Total: 1
2022-05-05 08:00:29.155 [http-nio-10086-exec-8] DEBUG com.zd.esearch.mapper.UserMapper.selectByExample - ==>  Preparing: select ID, ACCOUNT_ID, NAME, TOKEN, GMT_CREATE, GMT_MODIFIED, AVATAR_URL from USER WHERE ( TOKEN = ? )
2022-05-05 08:00:29.156 [http-nio-10086-exec-8] DEBUG com.zd.esearch.mapper.UserMapper.selectByExample - ==> Parameters: 2ac335fd-d5a4-4ec2-8c70-1a918cf2cae6(String)
2022-05-05 08:00:29.156 [http-nio-10086-exec-8] DEBUG com.zd.esearch.mapper.UserMapper.selectByExample - <==      Total: 1
2022-05-05 08:00:29.157 [http-nio-10086-exec-8] DEBUG c.z.e.mapper.QuestionMapper.selectByPrimaryKey - ==>  Preparing: select ID, TITLE, GMT_CREATE, GMT_MODIFIED, CREATOR, COMMENT_COUNT, VIEW_COUNT, LIKE_COUNT, TAG , DESCRIPTION from QUESTION where ID = ?
2022-05-05 08:00:29.157 [http-nio-10086-exec-8] DEBUG c.z.e.mapper.QuestionMapper.selectByPrimaryKey - ==> Parameters: 1332(Long)
2022-05-05 08:00:29.159 [http-nio-10086-exec-8] DEBUG c.z.e.mapper.QuestionMapper.selectByPrimaryKey - <==      Total: 1
2022-05-05 08:00:29.161 [http-nio-10086-exec-8] DEBUG c.zd.esearch.mapper.UserMapper.selectByPrimaryKey - ==>  Preparing: select ID, ACCOUNT_ID, NAME, TOKEN, GMT_CREATE, GMT_MODIFIED, AVATAR_URL from USER where ID = ?
2022-05-05 08:00:29.162 [http-nio-10086-exec-8] DEBUG c.zd.esearch.mapper.UserMapper.selectByPrimaryKey - ==> Parameters: 3733(Long)
2022-05-05 08:00:29.162 [http-nio-10086-exec-8] DEBUG c.zd.esearch.mapper.UserMapper.selectByPrimaryKey - <==      Total: 1
2022-05-05 08:00:29.162 [http-nio-10086-exec-8] DEBUG com.zd.esearch.mapper.QuestionExtMapper.incView - ==>  Preparing: update QUESTION set VIEW_COUNT = VIEW_COUNT + ? where id = ?
2022-05-05 08:00:29.163 [http-nio-10086-exec-8] DEBUG com.zd.esearch.mapper.QuestionExtMapper.incView - ==> Parameters: 1(Integer), 1332(Long)
2022-05-05 08:00:29.166 [http-nio-10086-exec-8] DEBUG com.zd.esearch.mapper.QuestionExtMapper.incView - <==    Updates: 1
2022-05-05 08:00:30.670 [http-nio-10086-exec-9] DEBUG com.zd.esearch.mapper.UserMapper.selectByExample - ==>  Preparing: select ID, ACCOUNT_ID, NAME, TOKEN, GMT_CREATE, GMT_MODIFIED, AVATAR_URL from USER WHERE ( TOKEN = ? )
2022-05-05 08:00:30.670 [http-nio-10086-exec-9] DEBUG com.zd.esearch.mapper.UserMapper.selectByExample - ==> Parameters: 2ac335fd-d5a4-4ec2-8c70-1a918cf2cae6(String)
2022-05-05 08:00:30.670 [http-nio-10086-exec-9] DEBUG com.zd.esearch.mapper.UserMapper.selectByExample - <==      Total: 1
2022-05-05 08:00:30.671 [http-nio-10086-exec-9] DEBUG c.zd.esearch.mapper.QuestionMapper.countByExample - ==>  Preparing: select count(*) from QUESTION
2022-05-05 08:00:30.672 [http-nio-10086-exec-9] DEBUG c.zd.esearch.mapper.QuestionMapper.countByExample - ==> Parameters: 
2022-05-05 08:00:30.672 [http-nio-10086-exec-9] DEBUG c.zd.esearch.mapper.QuestionMapper.countByExample - <==      Total: 1
2022-05-05 08:00:30.672 [http-nio-10086-exec-9] DEBUG c.z.e.m.Q.selectByExampleWithRowbounds - ==>  Preparing: select ID, TITLE, GMT_CREATE, GMT_MODIFIED, CREATOR, COMMENT_COUNT, VIEW_COUNT, LIKE_COUNT, TAG from QUESTION LIMIT ?
2022-05-05 08:00:30.672 [http-nio-10086-exec-9] DEBUG c.z.e.m.Q.selectByExampleWithRowbounds - ==> Parameters: 3(Integer)
2022-05-05 08:00:30.673 [http-nio-10086-exec-9] DEBUG c.z.e.m.Q.selectByExampleWithRowbounds - <==      Total: 3
2022-05-05 08:00:30.673 [http-nio-10086-exec-9] DEBUG c.zd.esearch.mapper.UserMapper.selectByPrimaryKey - ==>  Preparing: select ID, ACCOUNT_ID, NAME, TOKEN, GMT_CREATE, GMT_MODIFIED, AVATAR_URL from USER where ID = ?
2022-05-05 08:00:30.673 [http-nio-10086-exec-9] DEBUG c.zd.esearch.mapper.UserMapper.selectByPrimaryKey - ==> Parameters: 3733(Long)
2022-05-05 08:00:30.673 [http-nio-10086-exec-9] DEBUG c.zd.esearch.mapper.UserMapper.selectByPrimaryKey - <==      Total: 1
2022-05-05 08:00:30.674 [http-nio-10086-exec-9] DEBUG c.zd.esearch.mapper.UserMapper.selectByPrimaryKey - ==>  Preparing: select ID, ACCOUNT_ID, NAME, TOKEN, GMT_CREATE, GMT_MODIFIED, AVATAR_URL from USER where ID = ?
2022-05-05 08:00:30.674 [http-nio-10086-exec-9] DEBUG c.zd.esearch.mapper.UserMapper.selectByPrimaryKey - ==> Parameters: 3733(Long)
2022-05-05 08:00:30.674 [http-nio-10086-exec-9] DEBUG c.zd.esearch.mapper.UserMapper.selectByPrimaryKey - <==      Total: 1
2022-05-05 08:00:30.674 [http-nio-10086-exec-9] DEBUG c.zd.esearch.mapper.UserMapper.selectByPrimaryKey - ==>  Preparing: select ID, ACCOUNT_ID, NAME, TOKEN, GMT_CREATE, GMT_MODIFIED, AVATAR_URL from USER where ID = ?
2022-05-05 08:00:30.674 [http-nio-10086-exec-9] DEBUG c.zd.esearch.mapper.UserMapper.selectByPrimaryKey - ==> Parameters: 3733(Long)
2022-05-05 08:00:30.674 [http-nio-10086-exec-9] DEBUG c.zd.esearch.mapper.UserMapper.selectByPrimaryKey - <==      Total: 1
2022-05-05 08:00:32.705 [http-nio-10086-exec-10] DEBUG com.zd.esearch.mapper.UserMapper.selectByExample - ==>  Preparing: select ID, ACCOUNT_ID, NAME, TOKEN, GMT_CREATE, GMT_MODIFIED, AVATAR_URL from USER WHERE ( TOKEN = ? )
2022-05-05 08:00:32.705 [http-nio-10086-exec-10] DEBUG com.zd.esearch.mapper.UserMapper.selectByExample - ==> Parameters: 2ac335fd-d5a4-4ec2-8c70-1a918cf2cae6(String)
2022-05-05 08:00:32.706 [http-nio-10086-exec-10] DEBUG com.zd.esearch.mapper.UserMapper.selectByExample - <==      Total: 1
2022-05-05 08:00:32.707 [http-nio-10086-exec-10] DEBUG c.zd.esearch.mapper.QuestionMapper.countByExample - ==>  Preparing: select count(*) from QUESTION
2022-05-05 08:00:32.707 [http-nio-10086-exec-10] DEBUG c.zd.esearch.mapper.QuestionMapper.countByExample - ==> Parameters: 
2022-05-05 08:00:32.707 [http-nio-10086-exec-10] DEBUG c.zd.esearch.mapper.QuestionMapper.countByExample - <==      Total: 1
2022-05-05 08:00:32.709 [http-nio-10086-exec-10] DEBUG c.z.e.m.Q.selectByExampleWithRowbounds - ==>  Preparing: select ID, TITLE, GMT_CREATE, GMT_MODIFIED, CREATOR, COMMENT_COUNT, VIEW_COUNT, LIKE_COUNT, TAG from QUESTION LIMIT ? OFFSET ?
2022-05-05 08:00:32.709 [http-nio-10086-exec-10] DEBUG c.z.e.m.Q.selectByExampleWithRowbounds - ==> Parameters: 3(Integer), 42(Long)
2022-05-05 08:00:32.710 [http-nio-10086-exec-10] DEBUG c.z.e.m.Q.selectByExampleWithRowbounds - <==      Total: 1
2022-05-05 08:00:32.710 [http-nio-10086-exec-10] DEBUG c.zd.esearch.mapper.UserMapper.selectByPrimaryKey - ==>  Preparing: select ID, ACCOUNT_ID, NAME, TOKEN, GMT_CREATE, GMT_MODIFIED, AVATAR_URL from USER where ID = ?
2022-05-05 08:00:32.710 [http-nio-10086-exec-10] DEBUG c.zd.esearch.mapper.UserMapper.selectByPrimaryKey - ==> Parameters: 3734(Long)
2022-05-05 08:00:32.710 [http-nio-10086-exec-10] DEBUG c.zd.esearch.mapper.UserMapper.selectByPrimaryKey - <==      Total: 1
2022-05-05 08:00:34.012 [http-nio-10086-exec-1] DEBUG com.zd.esearch.mapper.UserMapper.selectByExample - ==>  Preparing: select ID, ACCOUNT_ID, NAME, TOKEN, GMT_CREATE, GMT_MODIFIED, AVATAR_URL from USER WHERE ( TOKEN = ? )
2022-05-05 08:00:34.013 [http-nio-10086-exec-1] DEBUG com.zd.esearch.mapper.UserMapper.selectByExample - ==> Parameters: 2ac335fd-d5a4-4ec2-8c70-1a918cf2cae6(String)
2022-05-05 08:00:34.013 [http-nio-10086-exec-1] DEBUG com.zd.esearch.mapper.UserMapper.selectByExample - <==      Total: 1
2022-05-05 08:01:03.235 [http-nio-10086-exec-2] DEBUG com.zd.esearch.mapper.UserMapper.selectByExample - ==>  Preparing: select ID, ACCOUNT_ID, NAME, TOKEN, GMT_CREATE, GMT_MODIFIED, AVATAR_URL from USER WHERE ( TOKEN = ? )
2022-05-05 08:01:03.235 [http-nio-10086-exec-2] DEBUG com.zd.esearch.mapper.UserMapper.selectByExample - ==> Parameters: 2ac335fd-d5a4-4ec2-8c70-1a918cf2cae6(String)
2022-05-05 08:01:03.236 [http-nio-10086-exec-2] DEBUG com.zd.esearch.mapper.UserMapper.selectByExample - <==      Total: 1
2022-05-05 08:01:03.241 [http-nio-10086-exec-2] DEBUG c.zd.esearch.mapper.QuestionMapper.insertSelective - ==>  Preparing: insert into QUESTION ( TITLE, GMT_CREATE, GMT_MODIFIED, CREATOR, COMMENT_COUNT, VIEW_COUNT, LIKE_COUNT, TAG, DESCRIPTION ) values ( ?, ?, ?, ?, ?, ?, ?, ?, ? )
2022-05-05 08:01:03.244 [http-nio-10086-exec-2] DEBUG c.zd.esearch.mapper.QuestionMapper.insertSelective - ==> Parameters: 0505封控(String), 1651708863239(Long), 1651708863239(Long), 3734(Long), 0(Integer), 0(Integer), 0(Integer), 封控(String), java.io.StringReader@1e90bdfb(StringReader)
2022-05-05 08:01:03.245 [http-nio-10086-exec-2] DEBUG c.zd.esearch.mapper.QuestionMapper.insertSelective - <==    Updates: 1
2022-05-05 08:01:03.256 [http-nio-10086-exec-3] DEBUG com.zd.esearch.mapper.UserMapper.selectByExample - ==>  Preparing: select ID, ACCOUNT_ID, NAME, TOKEN, GMT_CREATE, GMT_MODIFIED, AVATAR_URL from USER WHERE ( TOKEN = ? )
2022-05-05 08:01:03.256 [http-nio-10086-exec-3] DEBUG com.zd.esearch.mapper.UserMapper.selectByExample - ==> Parameters: 2ac335fd-d5a4-4ec2-8c70-1a918cf2cae6(String)
2022-05-05 08:01:03.257 [http-nio-10086-exec-3] DEBUG com.zd.esearch.mapper.UserMapper.selectByExample - <==      Total: 1
2022-05-05 08:01:03.257 [http-nio-10086-exec-3] DEBUG c.zd.esearch.mapper.QuestionMapper.countByExample - ==>  Preparing: select count(*) from QUESTION
2022-05-05 08:01:03.258 [http-nio-10086-exec-3] DEBUG c.zd.esearch.mapper.QuestionMapper.countByExample - ==> Parameters: 
2022-05-05 08:01:03.258 [http-nio-10086-exec-3] DEBUG c.zd.esearch.mapper.QuestionMapper.countByExample - <==      Total: 1
2022-05-05 08:01:03.258 [http-nio-10086-exec-3] DEBUG c.z.e.m.Q.selectByExampleWithRowbounds - ==>  Preparing: select ID, TITLE, GMT_CREATE, GMT_MODIFIED, CREATOR, COMMENT_COUNT, VIEW_COUNT, LIKE_COUNT, TAG from QUESTION LIMIT ?
2022-05-05 08:01:03.259 [http-nio-10086-exec-3] DEBUG c.z.e.m.Q.selectByExampleWithRowbounds - ==> Parameters: 3(Integer)
2022-05-05 08:01:03.259 [http-nio-10086-exec-3] DEBUG c.z.e.m.Q.selectByExampleWithRowbounds - <==      Total: 3
2022-05-05 08:01:03.260 [http-nio-10086-exec-3] DEBUG c.zd.esearch.mapper.UserMapper.selectByPrimaryKey - ==>  Preparing: select ID, ACCOUNT_ID, NAME, TOKEN, GMT_CREATE, GMT_MODIFIED, AVATAR_URL from USER where ID = ?
2022-05-05 08:01:03.260 [http-nio-10086-exec-3] DEBUG c.zd.esearch.mapper.UserMapper.selectByPrimaryKey - ==> Parameters: 3733(Long)
2022-05-05 08:01:03.260 [http-nio-10086-exec-3] DEBUG c.zd.esearch.mapper.UserMapper.selectByPrimaryKey - <==      Total: 1
2022-05-05 08:01:03.260 [http-nio-10086-exec-3] DEBUG c.zd.esearch.mapper.UserMapper.selectByPrimaryKey - ==>  Preparing: select ID, ACCOUNT_ID, NAME, TOKEN, GMT_CREATE, GMT_MODIFIED, AVATAR_URL from USER where ID = ?
2022-05-05 08:01:03.260 [http-nio-10086-exec-3] DEBUG c.zd.esearch.mapper.UserMapper.selectByPrimaryKey - ==> Parameters: 3733(Long)
2022-05-05 08:01:03.261 [http-nio-10086-exec-3] DEBUG c.zd.esearch.mapper.UserMapper.selectByPrimaryKey - <==      Total: 1
2022-05-05 08:01:03.261 [http-nio-10086-exec-3] DEBUG c.zd.esearch.mapper.UserMapper.selectByPrimaryKey - ==>  Preparing: select ID, ACCOUNT_ID, NAME, TOKEN, GMT_CREATE, GMT_MODIFIED, AVATAR_URL from USER where ID = ?
2022-05-05 08:01:03.261 [http-nio-10086-exec-3] DEBUG c.zd.esearch.mapper.UserMapper.selectByPrimaryKey - ==> Parameters: 3733(Long)
2022-05-05 08:01:03.261 [http-nio-10086-exec-3] DEBUG c.zd.esearch.mapper.UserMapper.selectByPrimaryKey - <==      Total: 1
2022-05-05 08:01:04.960 [http-nio-10086-exec-4] DEBUG com.zd.esearch.mapper.UserMapper.selectByExample - ==>  Preparing: select ID, ACCOUNT_ID, NAME, TOKEN, GMT_CREATE, GMT_MODIFIED, AVATAR_URL from USER WHERE ( TOKEN = ? )
2022-05-05 08:01:04.960 [http-nio-10086-exec-4] DEBUG com.zd.esearch.mapper.UserMapper.selectByExample - ==> Parameters: 2ac335fd-d5a4-4ec2-8c70-1a918cf2cae6(String)
2022-05-05 08:01:04.960 [http-nio-10086-exec-4] DEBUG com.zd.esearch.mapper.UserMapper.selectByExample - <==      Total: 1
2022-05-05 08:01:04.961 [http-nio-10086-exec-4] DEBUG c.zd.esearch.mapper.QuestionMapper.countByExample - ==>  Preparing: select count(*) from QUESTION
2022-05-05 08:01:04.961 [http-nio-10086-exec-4] DEBUG c.zd.esearch.mapper.QuestionMapper.countByExample - ==> Parameters: 
2022-05-05 08:01:04.962 [http-nio-10086-exec-4] DEBUG c.zd.esearch.mapper.QuestionMapper.countByExample - <==      Total: 1
2022-05-05 08:01:04.963 [http-nio-10086-exec-4] DEBUG c.z.e.m.Q.selectByExampleWithRowbounds - ==>  Preparing: select ID, TITLE, GMT_CREATE, GMT_MODIFIED, CREATOR, COMMENT_COUNT, VIEW_COUNT, LIKE_COUNT, TAG from QUESTION LIMIT ? OFFSET ?
2022-05-05 08:01:04.963 [http-nio-10086-exec-4] DEBUG c.z.e.m.Q.selectByExampleWithRowbounds - ==> Parameters: 3(Integer), 42(Long)
2022-05-05 08:01:04.964 [http-nio-10086-exec-4] DEBUG c.z.e.m.Q.selectByExampleWithRowbounds - <==      Total: 2
2022-05-05 08:01:04.964 [http-nio-10086-exec-4] DEBUG c.zd.esearch.mapper.UserMapper.selectByPrimaryKey - ==>  Preparing: select ID, ACCOUNT_ID, NAME, TOKEN, GMT_CREATE, GMT_MODIFIED, AVATAR_URL from USER where ID = ?
2022-05-05 08:01:04.964 [http-nio-10086-exec-4] DEBUG c.zd.esearch.mapper.UserMapper.selectByPrimaryKey - ==> Parameters: 3734(Long)
2022-05-05 08:01:04.965 [http-nio-10086-exec-4] DEBUG c.zd.esearch.mapper.UserMapper.selectByPrimaryKey - <==      Total: 1
2022-05-05 08:01:04.965 [http-nio-10086-exec-4] DEBUG c.zd.esearch.mapper.UserMapper.selectByPrimaryKey - ==>  Preparing: select ID, ACCOUNT_ID, NAME, TOKEN, GMT_CREATE, GMT_MODIFIED, AVATAR_URL from USER where ID = ?
2022-05-05 08:01:04.965 [http-nio-10086-exec-4] DEBUG c.zd.esearch.mapper.UserMapper.selectByPrimaryKey - ==> Parameters: 3734(Long)
2022-05-05 08:01:04.965 [http-nio-10086-exec-4] DEBUG c.zd.esearch.mapper.UserMapper.selectByPrimaryKey - <==      Total: 1
2022-05-05 08:01:08.997 [http-nio-10086-exec-5] DEBUG com.zd.esearch.mapper.UserMapper.selectByExample - ==>  Preparing: select ID, ACCOUNT_ID, NAME, TOKEN, GMT_CREATE, GMT_MODIFIED, AVATAR_URL from USER WHERE ( TOKEN = ? )
2022-05-05 08:01:08.998 [http-nio-10086-exec-5] DEBUG com.zd.esearch.mapper.UserMapper.selectByExample - ==> Parameters: 2ac335fd-d5a4-4ec2-8c70-1a918cf2cae6(String)
2022-05-05 08:01:08.998 [http-nio-10086-exec-5] DEBUG com.zd.esearch.mapper.UserMapper.selectByExample - <==      Total: 1
2022-05-05 08:01:08.999 [http-nio-10086-exec-5] DEBUG c.z.e.mapper.QuestionMapper.selectByPrimaryKey - ==>  Preparing: select ID, TITLE, GMT_CREATE, GMT_MODIFIED, CREATOR, COMMENT_COUNT, VIEW_COUNT, LIKE_COUNT, TAG , DESCRIPTION from QUESTION where ID = ?
2022-05-05 08:01:08.999 [http-nio-10086-exec-5] DEBUG c.z.e.mapper.QuestionMapper.selectByPrimaryKey - ==> Parameters: 2231(Long)
2022-05-05 08:01:08.999 [http-nio-10086-exec-5] DEBUG c.z.e.mapper.QuestionMapper.selectByPrimaryKey - <==      Total: 1
2022-05-05 08:01:09.000 [http-nio-10086-exec-5] DEBUG c.zd.esearch.mapper.UserMapper.selectByPrimaryKey - ==>  Preparing: select ID, ACCOUNT_ID, NAME, TOKEN, GMT_CREATE, GMT_MODIFIED, AVATAR_URL from USER where ID = ?
2022-05-05 08:01:09.000 [http-nio-10086-exec-5] DEBUG c.zd.esearch.mapper.UserMapper.selectByPrimaryKey - ==> Parameters: 3734(Long)
2022-05-05 08:01:09.000 [http-nio-10086-exec-5] DEBUG c.zd.esearch.mapper.UserMapper.selectByPrimaryKey - <==      Total: 1
2022-05-05 08:01:09.000 [http-nio-10086-exec-5] DEBUG com.zd.esearch.mapper.QuestionExtMapper.incView - ==>  Preparing: update QUESTION set VIEW_COUNT = VIEW_COUNT + ? where id = ?
2022-05-05 08:01:09.000 [http-nio-10086-exec-5] DEBUG com.zd.esearch.mapper.QuestionExtMapper.incView - ==> Parameters: 1(Integer), 2231(Long)
2022-05-05 08:01:09.001 [http-nio-10086-exec-5] DEBUG com.zd.esearch.mapper.QuestionExtMapper.incView - <==    Updates: 1
2022-05-05 08:01:10.140 [http-nio-10086-exec-6] DEBUG com.zd.esearch.mapper.UserMapper.selectByExample - ==>  Preparing: select ID, ACCOUNT_ID, NAME, TOKEN, GMT_CREATE, GMT_MODIFIED, AVATAR_URL from USER WHERE ( TOKEN = ? )
2022-05-05 08:01:10.141 [http-nio-10086-exec-6] DEBUG com.zd.esearch.mapper.UserMapper.selectByExample - ==> Parameters: 2ac335fd-d5a4-4ec2-8c70-1a918cf2cae6(String)
2022-05-05 08:01:10.141 [http-nio-10086-exec-6] DEBUG com.zd.esearch.mapper.UserMapper.selectByExample - <==      Total: 1
2022-05-05 08:01:10.141 [http-nio-10086-exec-6] DEBUG c.zd.esearch.mapper.QuestionMapper.countByExample - ==>  Preparing: select count(*) from QUESTION
2022-05-05 08:01:10.142 [http-nio-10086-exec-6] DEBUG c.zd.esearch.mapper.QuestionMapper.countByExample - ==> Parameters: 
2022-05-05 08:01:10.142 [http-nio-10086-exec-6] DEBUG c.zd.esearch.mapper.QuestionMapper.countByExample - <==      Total: 1
2022-05-05 08:01:10.142 [http-nio-10086-exec-6] DEBUG c.z.e.m.Q.selectByExampleWithRowbounds - ==>  Preparing: select ID, TITLE, GMT_CREATE, GMT_MODIFIED, CREATOR, COMMENT_COUNT, VIEW_COUNT, LIKE_COUNT, TAG from QUESTION LIMIT ?
2022-05-05 08:01:10.142 [http-nio-10086-exec-6] DEBUG c.z.e.m.Q.selectByExampleWithRowbounds - ==> Parameters: 3(Integer)
2022-05-05 08:01:10.142 [http-nio-10086-exec-6] DEBUG c.z.e.m.Q.selectByExampleWithRowbounds - <==      Total: 3
2022-05-05 08:01:10.143 [http-nio-10086-exec-6] DEBUG c.zd.esearch.mapper.UserMapper.selectByPrimaryKey - ==>  Preparing: select ID, ACCOUNT_ID, NAME, TOKEN, GMT_CREATE, GMT_MODIFIED, AVATAR_URL from USER where ID = ?
2022-05-05 08:01:10.143 [http-nio-10086-exec-6] DEBUG c.zd.esearch.mapper.UserMapper.selectByPrimaryKey - ==> Parameters: 3733(Long)
2022-05-05 08:01:10.143 [http-nio-10086-exec-6] DEBUG c.zd.esearch.mapper.UserMapper.selectByPrimaryKey - <==      Total: 1
2022-05-05 08:01:10.143 [http-nio-10086-exec-6] DEBUG c.zd.esearch.mapper.UserMapper.selectByPrimaryKey - ==>  Preparing: select ID, ACCOUNT_ID, NAME, TOKEN, GMT_CREATE, GMT_MODIFIED, AVATAR_URL from USER where ID = ?
2022-05-05 08:01:10.143 [http-nio-10086-exec-6] DEBUG c.zd.esearch.mapper.UserMapper.selectByPrimaryKey - ==> Parameters: 3733(Long)
2022-05-05 08:01:10.143 [http-nio-10086-exec-6] DEBUG c.zd.esearch.mapper.UserMapper.selectByPrimaryKey - <==      Total: 1
2022-05-05 08:01:10.144 [http-nio-10086-exec-6] DEBUG c.zd.esearch.mapper.UserMapper.selectByPrimaryKey - ==>  Preparing: select ID, ACCOUNT_ID, NAME, TOKEN, GMT_CREATE, GMT_MODIFIED, AVATAR_URL from USER where ID = ?
2022-05-05 08:01:10.144 [http-nio-10086-exec-6] DEBUG c.zd.esearch.mapper.UserMapper.selectByPrimaryKey - ==> Parameters: 3733(Long)
2022-05-05 08:01:10.144 [http-nio-10086-exec-6] DEBUG c.zd.esearch.mapper.UserMapper.selectByPrimaryKey - <==      Total: 1
2022-05-05 08:01:11.058 [http-nio-10086-exec-7] DEBUG com.zd.esearch.mapper.UserMapper.selectByExample - ==>  Preparing: select ID, ACCOUNT_ID, NAME, TOKEN, GMT_CREATE, GMT_MODIFIED, AVATAR_URL from USER WHERE ( TOKEN = ? )
2022-05-05 08:01:11.058 [http-nio-10086-exec-7] DEBUG com.zd.esearch.mapper.UserMapper.selectByExample - ==> Parameters: 2ac335fd-d5a4-4ec2-8c70-1a918cf2cae6(String)
2022-05-05 08:01:11.059 [http-nio-10086-exec-7] DEBUG com.zd.esearch.mapper.UserMapper.selectByExample - <==      Total: 1
2022-05-05 08:01:11.060 [http-nio-10086-exec-7] DEBUG c.zd.esearch.mapper.QuestionMapper.countByExample - ==>  Preparing: select count(*) from QUESTION
2022-05-05 08:01:11.060 [http-nio-10086-exec-7] DEBUG c.zd.esearch.mapper.QuestionMapper.countByExample - ==> Parameters: 
2022-05-05 08:01:11.060 [http-nio-10086-exec-7] DEBUG c.zd.esearch.mapper.QuestionMapper.countByExample - <==      Total: 1
2022-05-05 08:01:11.061 [http-nio-10086-exec-7] DEBUG c.z.e.m.Q.selectByExampleWithRowbounds - ==>  Preparing: select ID, TITLE, GMT_CREATE, GMT_MODIFIED, CREATOR, COMMENT_COUNT, VIEW_COUNT, LIKE_COUNT, TAG from QUESTION LIMIT ? OFFSET ?
2022-05-05 08:01:11.061 [http-nio-10086-exec-7] DEBUG c.z.e.m.Q.selectByExampleWithRowbounds - ==> Parameters: 3(Integer), 42(Long)
2022-05-05 08:01:11.061 [http-nio-10086-exec-7] DEBUG c.z.e.m.Q.selectByExampleWithRowbounds - <==      Total: 2
2022-05-05 08:01:11.061 [http-nio-10086-exec-7] DEBUG c.zd.esearch.mapper.UserMapper.selectByPrimaryKey - ==>  Preparing: select ID, ACCOUNT_ID, NAME, TOKEN, GMT_CREATE, GMT_MODIFIED, AVATAR_URL from USER where ID = ?
2022-05-05 08:01:11.061 [http-nio-10086-exec-7] DEBUG c.zd.esearch.mapper.UserMapper.selectByPrimaryKey - ==> Parameters: 3734(Long)
2022-05-05 08:01:11.062 [http-nio-10086-exec-7] DEBUG c.zd.esearch.mapper.UserMapper.selectByPrimaryKey - <==      Total: 1
2022-05-05 08:01:11.062 [http-nio-10086-exec-7] DEBUG c.zd.esearch.mapper.UserMapper.selectByPrimaryKey - ==>  Preparing: select ID, ACCOUNT_ID, NAME, TOKEN, GMT_CREATE, GMT_MODIFIED, AVATAR_URL from USER where ID = ?
2022-05-05 08:01:11.062 [http-nio-10086-exec-7] DEBUG c.zd.esearch.mapper.UserMapper.selectByPrimaryKey - ==> Parameters: 3734(Long)
2022-05-05 08:01:11.062 [http-nio-10086-exec-7] DEBUG c.zd.esearch.mapper.UserMapper.selectByPrimaryKey - <==      Total: 1
2022-05-05 08:01:21.964 [http-nio-10086-exec-9] DEBUG com.zd.esearch.mapper.UserMapper.selectByExample - ==>  Preparing: select ID, ACCOUNT_ID, NAME, TOKEN, GMT_CREATE, GMT_MODIFIED, AVATAR_URL from USER WHERE ( TOKEN = ? )
2022-05-05 08:01:21.964 [http-nio-10086-exec-9] DEBUG com.zd.esearch.mapper.UserMapper.selectByExample - ==> Parameters: 2ac335fd-d5a4-4ec2-8c70-1a918cf2cae6(String)
2022-05-05 08:01:21.965 [http-nio-10086-exec-9] DEBUG com.zd.esearch.mapper.UserMapper.selectByExample - <==      Total: 1
2022-05-05 08:01:21.965 [http-nio-10086-exec-9] DEBUG c.zd.esearch.mapper.QuestionMapper.countByExample - ==>  Preparing: select count(*) from QUESTION
2022-05-05 08:01:21.965 [http-nio-10086-exec-9] DEBUG c.zd.esearch.mapper.QuestionMapper.countByExample - ==> Parameters: 
2022-05-05 08:01:21.966 [http-nio-10086-exec-9] DEBUG c.zd.esearch.mapper.QuestionMapper.countByExample - <==      Total: 1
2022-05-05 08:01:21.966 [http-nio-10086-exec-9] DEBUG c.z.e.m.Q.selectByExampleWithRowbounds - ==>  Preparing: select ID, TITLE, GMT_CREATE, GMT_MODIFIED, CREATOR, COMMENT_COUNT, VIEW_COUNT, LIKE_COUNT, TAG from QUESTION LIMIT ?
2022-05-05 08:01:21.966 [http-nio-10086-exec-9] DEBUG c.z.e.m.Q.selectByExampleWithRowbounds - ==> Parameters: 3(Integer)
2022-05-05 08:01:21.967 [http-nio-10086-exec-9] DEBUG c.z.e.m.Q.selectByExampleWithRowbounds - <==      Total: 3
2022-05-05 08:01:21.967 [http-nio-10086-exec-9] DEBUG c.zd.esearch.mapper.UserMapper.selectByPrimaryKey - ==>  Preparing: select ID, ACCOUNT_ID, NAME, TOKEN, GMT_CREATE, GMT_MODIFIED, AVATAR_URL from USER where ID = ?
2022-05-05 08:01:21.967 [http-nio-10086-exec-9] DEBUG c.zd.esearch.mapper.UserMapper.selectByPrimaryKey - ==> Parameters: 3733(Long)
2022-05-05 08:01:21.967 [http-nio-10086-exec-9] DEBUG c.zd.esearch.mapper.UserMapper.selectByPrimaryKey - <==      Total: 1
2022-05-05 08:01:21.968 [http-nio-10086-exec-9] DEBUG c.zd.esearch.mapper.UserMapper.selectByPrimaryKey - ==>  Preparing: select ID, ACCOUNT_ID, NAME, TOKEN, GMT_CREATE, GMT_MODIFIED, AVATAR_URL from USER where ID = ?
2022-05-05 08:01:21.968 [http-nio-10086-exec-9] DEBUG c.zd.esearch.mapper.UserMapper.selectByPrimaryKey - ==> Parameters: 3733(Long)
2022-05-05 08:01:21.968 [http-nio-10086-exec-9] DEBUG c.zd.esearch.mapper.UserMapper.selectByPrimaryKey - <==      Total: 1
2022-05-05 08:01:21.968 [http-nio-10086-exec-9] DEBUG c.zd.esearch.mapper.UserMapper.selectByPrimaryKey - ==>  Preparing: select ID, ACCOUNT_ID, NAME, TOKEN, GMT_CREATE, GMT_MODIFIED, AVATAR_URL from USER where ID = ?
2022-05-05 08:01:21.968 [http-nio-10086-exec-9] DEBUG c.zd.esearch.mapper.UserMapper.selectByPrimaryKey - ==> Parameters: 3733(Long)
2022-05-05 08:01:21.968 [http-nio-10086-exec-9] DEBUG c.zd.esearch.mapper.UserMapper.selectByPrimaryKey - <==      Total: 1
2022-05-05 08:01:24.135 [http-nio-10086-exec-10] DEBUG com.zd.esearch.mapper.UserMapper.selectByExample - ==>  Preparing: select ID, ACCOUNT_ID, NAME, TOKEN, GMT_CREATE, GMT_MODIFIED, AVATAR_URL from USER WHERE ( TOKEN = ? )
2022-05-05 08:01:24.135 [http-nio-10086-exec-10] DEBUG com.zd.esearch.mapper.UserMapper.selectByExample - ==> Parameters: 2ac335fd-d5a4-4ec2-8c70-1a918cf2cae6(String)
2022-05-05 08:01:24.135 [http-nio-10086-exec-10] DEBUG com.zd.esearch.mapper.UserMapper.selectByExample - <==      Total: 1
2022-05-05 08:01:24.136 [http-nio-10086-exec-10] DEBUG c.zd.esearch.mapper.QuestionMapper.countByExample - ==>  Preparing: select count(*) from QUESTION
2022-05-05 08:01:24.136 [http-nio-10086-exec-10] DEBUG c.zd.esearch.mapper.QuestionMapper.countByExample - ==> Parameters: 
2022-05-05 08:01:24.136 [http-nio-10086-exec-10] DEBUG c.zd.esearch.mapper.QuestionMapper.countByExample - <==      Total: 1
2022-05-05 08:01:24.136 [http-nio-10086-exec-10] DEBUG c.z.e.m.Q.selectByExampleWithRowbounds - ==>  Preparing: select ID, TITLE, GMT_CREATE, GMT_MODIFIED, CREATOR, COMMENT_COUNT, VIEW_COUNT, LIKE_COUNT, TAG from QUESTION LIMIT ? OFFSET ?
2022-05-05 08:01:24.137 [http-nio-10086-exec-10] DEBUG c.z.e.m.Q.selectByExampleWithRowbounds - ==> Parameters: 3(Integer), 42(Long)
2022-05-05 08:01:24.137 [http-nio-10086-exec-10] DEBUG c.z.e.m.Q.selectByExampleWithRowbounds - <==      Total: 2
2022-05-05 08:01:24.137 [http-nio-10086-exec-10] DEBUG c.zd.esearch.mapper.UserMapper.selectByPrimaryKey - ==>  Preparing: select ID, ACCOUNT_ID, NAME, TOKEN, GMT_CREATE, GMT_MODIFIED, AVATAR_URL from USER where ID = ?
2022-05-05 08:01:24.137 [http-nio-10086-exec-10] DEBUG c.zd.esearch.mapper.UserMapper.selectByPrimaryKey - ==> Parameters: 3734(Long)
2022-05-05 08:01:24.137 [http-nio-10086-exec-10] DEBUG c.zd.esearch.mapper.UserMapper.selectByPrimaryKey - <==      Total: 1
2022-05-05 08:01:24.138 [http-nio-10086-exec-10] DEBUG c.zd.esearch.mapper.UserMapper.selectByPrimaryKey - ==>  Preparing: select ID, ACCOUNT_ID, NAME, TOKEN, GMT_CREATE, GMT_MODIFIED, AVATAR_URL from USER where ID = ?
2022-05-05 08:01:24.138 [http-nio-10086-exec-10] DEBUG c.zd.esearch.mapper.UserMapper.selectByPrimaryKey - ==> Parameters: 3734(Long)
2022-05-05 08:01:24.138 [http-nio-10086-exec-10] DEBUG c.zd.esearch.mapper.UserMapper.selectByPrimaryKey - <==      Total: 1
2022-05-05 08:02:05.599 [http-nio-10086-exec-1] DEBUG com.zd.esearch.mapper.UserMapper.selectByExample - ==>  Preparing: select ID, ACCOUNT_ID, NAME, TOKEN, GMT_CREATE, GMT_MODIFIED, AVATAR_URL from USER WHERE ( TOKEN = ? )
2022-05-05 08:02:05.599 [http-nio-10086-exec-1] DEBUG com.zd.esearch.mapper.UserMapper.selectByExample - ==> Parameters: 2ac335fd-d5a4-4ec2-8c70-1a918cf2cae6(String)
2022-05-05 08:02:05.600 [http-nio-10086-exec-1] DEBUG com.zd.esearch.mapper.UserMapper.selectByExample - <==      Total: 1
2022-05-05 08:02:05.601 [http-nio-10086-exec-1] DEBUG c.zd.esearch.mapper.QuestionMapper.countByExample - ==>  Preparing: select count(*) from QUESTION
2022-05-05 08:02:05.601 [http-nio-10086-exec-1] DEBUG c.zd.esearch.mapper.QuestionMapper.countByExample - ==> Parameters: 
2022-05-05 08:02:05.601 [http-nio-10086-exec-1] DEBUG c.zd.esearch.mapper.QuestionMapper.countByExample - <==      Total: 1
2022-05-05 08:02:05.602 [http-nio-10086-exec-1] DEBUG c.z.e.m.Q.selectByExampleWithRowbounds - ==>  Preparing: select ID, TITLE, GMT_CREATE, GMT_MODIFIED, CREATOR, COMMENT_COUNT, VIEW_COUNT, LIKE_COUNT, TAG from QUESTION LIMIT ?
2022-05-05 08:02:05.602 [http-nio-10086-exec-1] DEBUG c.z.e.m.Q.selectByExampleWithRowbounds - ==> Parameters: 3(Integer)
2022-05-05 08:02:05.602 [http-nio-10086-exec-1] DEBUG c.z.e.m.Q.selectByExampleWithRowbounds - <==      Total: 3
2022-05-05 08:02:05.603 [http-nio-10086-exec-1] DEBUG c.zd.esearch.mapper.UserMapper.selectByPrimaryKey - ==>  Preparing: select ID, ACCOUNT_ID, NAME, TOKEN, GMT_CREATE, GMT_MODIFIED, AVATAR_URL from USER where ID = ?
2022-05-05 08:02:05.603 [http-nio-10086-exec-1] DEBUG c.zd.esearch.mapper.UserMapper.selectByPrimaryKey - ==> Parameters: 3733(Long)
2022-05-05 08:02:05.603 [http-nio-10086-exec-1] DEBUG c.zd.esearch.mapper.UserMapper.selectByPrimaryKey - <==      Total: 1
2022-05-05 08:02:05.604 [http-nio-10086-exec-1] DEBUG c.zd.esearch.mapper.UserMapper.selectByPrimaryKey - ==>  Preparing: select ID, ACCOUNT_ID, NAME, TOKEN, GMT_CREATE, GMT_MODIFIED, AVATAR_URL from USER where ID = ?
2022-05-05 08:02:05.604 [http-nio-10086-exec-1] DEBUG c.zd.esearch.mapper.UserMapper.selectByPrimaryKey - ==> Parameters: 3733(Long)
2022-05-05 08:02:05.604 [http-nio-10086-exec-1] DEBUG c.zd.esearch.mapper.UserMapper.selectByPrimaryKey - <==      Total: 1
2022-05-05 08:02:05.605 [http-nio-10086-exec-1] DEBUG c.zd.esearch.mapper.UserMapper.selectByPrimaryKey - ==>  Preparing: select ID, ACCOUNT_ID, NAME, TOKEN, GMT_CREATE, GMT_MODIFIED, AVATAR_URL from USER where ID = ?
2022-05-05 08:02:05.605 [http-nio-10086-exec-1] DEBUG c.zd.esearch.mapper.UserMapper.selectByPrimaryKey - ==> Parameters: 3733(Long)
2022-05-05 08:02:05.605 [http-nio-10086-exec-1] DEBUG c.zd.esearch.mapper.UserMapper.selectByPrimaryKey - <==      Total: 1
2022-05-05 08:02:06.547 [http-nio-10086-exec-2] DEBUG com.zd.esearch.mapper.UserMapper.selectByExample - ==>  Preparing: select ID, ACCOUNT_ID, NAME, TOKEN, GMT_CREATE, GMT_MODIFIED, AVATAR_URL from USER WHERE ( TOKEN = ? )
2022-05-05 08:02:06.547 [http-nio-10086-exec-2] DEBUG com.zd.esearch.mapper.UserMapper.selectByExample - ==> Parameters: 2ac335fd-d5a4-4ec2-8c70-1a918cf2cae6(String)
2022-05-05 08:02:06.548 [http-nio-10086-exec-2] DEBUG com.zd.esearch.mapper.UserMapper.selectByExample - <==      Total: 1
2022-05-05 08:02:06.549 [http-nio-10086-exec-2] DEBUG c.zd.esearch.mapper.QuestionMapper.countByExample - ==>  Preparing: select count(*) from QUESTION
2022-05-05 08:02:06.549 [http-nio-10086-exec-2] DEBUG c.zd.esearch.mapper.QuestionMapper.countByExample - ==> Parameters: 
2022-05-05 08:02:06.550 [http-nio-10086-exec-2] DEBUG c.zd.esearch.mapper.QuestionMapper.countByExample - <==      Total: 1
2022-05-05 08:02:06.550 [http-nio-10086-exec-2] DEBUG c.z.e.m.Q.selectByExampleWithRowbounds - ==>  Preparing: select ID, TITLE, GMT_CREATE, GMT_MODIFIED, CREATOR, COMMENT_COUNT, VIEW_COUNT, LIKE_COUNT, TAG from QUESTION LIMIT ? OFFSET ?
2022-05-05 08:02:06.550 [http-nio-10086-exec-2] DEBUG c.z.e.m.Q.selectByExampleWithRowbounds - ==> Parameters: 3(Integer), 42(Long)
2022-05-05 08:02:06.551 [http-nio-10086-exec-2] DEBUG c.z.e.m.Q.selectByExampleWithRowbounds - <==      Total: 2
2022-05-05 08:02:06.551 [http-nio-10086-exec-2] DEBUG c.zd.esearch.mapper.UserMapper.selectByPrimaryKey - ==>  Preparing: select ID, ACCOUNT_ID, NAME, TOKEN, GMT_CREATE, GMT_MODIFIED, AVATAR_URL from USER where ID = ?
2022-05-05 08:02:06.551 [http-nio-10086-exec-2] DEBUG c.zd.esearch.mapper.UserMapper.selectByPrimaryKey - ==> Parameters: 3734(Long)
2022-05-05 08:02:06.551 [http-nio-10086-exec-2] DEBUG c.zd.esearch.mapper.UserMapper.selectByPrimaryKey - <==      Total: 1
2022-05-05 08:02:06.552 [http-nio-10086-exec-2] DEBUG c.zd.esearch.mapper.UserMapper.selectByPrimaryKey - ==>  Preparing: select ID, ACCOUNT_ID, NAME, TOKEN, GMT_CREATE, GMT_MODIFIED, AVATAR_URL from USER where ID = ?
2022-05-05 08:02:06.552 [http-nio-10086-exec-2] DEBUG c.zd.esearch.mapper.UserMapper.selectByPrimaryKey - ==> Parameters: 3734(Long)
2022-05-05 08:02:06.552 [http-nio-10086-exec-2] DEBUG c.zd.esearch.mapper.UserMapper.selectByPrimaryKey - <==      Total: 1
2022-05-05 08:51:34.936 [restartedMain] INFO  com.zd.esearch.EsearchApplication - Starting EsearchApplication using Java 11.0.12 on ZDSH with PID 26828 (D:\ideaworkspace\esearch\target\classes started by ZD in D:\ideaworkspace\esearch)
2022-05-05 08:51:34.941 [restartedMain] INFO  com.zd.esearch.EsearchApplication - No active profile set, falling back to default profiles: default
2022-05-05 08:51:35.058 [restartedMain] INFO  o.s.b.d.env.DevToolsPropertyDefaultsPostProcessor - Devtools property defaults active! Set 'spring.devtools.add-properties' to 'false' to disable
2022-05-05 08:51:35.059 [restartedMain] INFO  o.s.b.d.env.DevToolsPropertyDefaultsPostProcessor - For additional web related logging consider setting the 'logging.level.web' property to 'DEBUG'
2022-05-05 08:51:37.129 [restartedMain] INFO  o.s.boot.web.embedded.tomcat.TomcatWebServer - Tomcat initialized with port(s): 10086 (http)
2022-05-05 08:51:37.148 [restartedMain] INFO  org.apache.coyote.http11.Http11NioProtocol - Initializing ProtocolHandler ["http-nio-10086"]
2022-05-05 08:51:37.149 [restartedMain] INFO  org.apache.catalina.core.StandardService - Starting service [Tomcat]
2022-05-05 08:51:37.149 [restartedMain] INFO  org.apache.catalina.core.StandardEngine - Starting Servlet engine: [Apache Tomcat/9.0.56]
2022-05-05 08:51:37.336 [restartedMain] INFO  o.a.c.core.ContainerBase.[Tomcat].[localhost].[/] - Initializing Spring embedded WebApplicationContext
2022-05-05 08:51:37.337 [restartedMain] INFO  o.s.b.w.s.c.ServletWebServerApplicationContext - Root WebApplicationContext: initialization completed in 2277 ms
2022-05-05 08:51:37.401 [restartedMain] INFO  com.zaxxer.hikari.HikariDataSource - HikariPool-1 - Starting...
2022-05-05 08:51:37.628 [restartedMain] INFO  com.zaxxer.hikari.HikariDataSource - HikariPool-1 - Start completed.
2022-05-05 08:51:37.645 [restartedMain] INFO  o.s.b.autoconfigure.h2.H2ConsoleAutoConfiguration - H2 console available at '/h2-console'. Database available at 'jdbc:h2:~/community'
2022-05-05 08:51:38.482 [restartedMain] INFO  o.s.b.a.web.servlet.WelcomePageHandlerMapping - Adding welcome page template: index
2022-05-05 08:51:38.756 [restartedMain] INFO  o.s.b.d.autoconfigure.OptionalLiveReloadServer - LiveReload server is running on port 35729
2022-05-05 08:51:38.783 [restartedMain] INFO  org.apache.coyote.http11.Http11NioProtocol - Starting ProtocolHandler ["http-nio-10086"]
2022-05-05 08:51:38.809 [restartedMain] INFO  o.s.boot.web.embedded.tomcat.TomcatWebServer - Tomcat started on port(s): 10086 (http) with context path ''
2022-05-05 08:51:38.829 [restartedMain] INFO  com.zd.esearch.EsearchApplication - Started EsearchApplication in 5.109 seconds (JVM running for 11.56)
2022-05-05 08:55:15.082 [Thread-6] INFO  com.zaxxer.hikari.HikariDataSource - HikariPool-1 - Shutdown initiated...
2022-05-05 08:55:15.110 [Thread-6] INFO  com.zaxxer.hikari.HikariDataSource - HikariPool-1 - Shutdown completed.
