2022-05-08 10:32:59.790 [restartedMain] INFO  com.zd.esearch.EsearchApplication - Starting EsearchApplication using Java 11.0.12 on ZDSH with PID 37016 (D:\ideaworkspace\esearch\target\classes started by ZD in D:\ideaworkspace\esearch)
2022-05-08 10:32:59.792 [restartedMain] INFO  com.zd.esearch.EsearchApplication - No active profile set, falling back to default profiles: default
2022-05-08 10:32:59.854 [restartedMain] INFO  o.s.b.d.env.DevToolsPropertyDefaultsPostProcessor - Devtools property defaults active! Set 'spring.devtools.add-properties' to 'false' to disable
2022-05-08 10:32:59.854 [restartedMain] INFO  o.s.b.d.env.DevToolsPropertyDefaultsPostProcessor - For additional web related logging consider setting the 'logging.level.web' property to 'DEBUG'
2022-05-08 10:33:01.039 [restartedMain] INFO  o.s.boot.web.embedded.tomcat.TomcatWebServer - Tomcat initialized with port(s): 10086 (http)
2022-05-08 10:33:01.052 [restartedMain] INFO  org.apache.coyote.http11.Http11NioProtocol - Initializing ProtocolHandler ["http-nio-10086"]
2022-05-08 10:33:01.053 [restartedMain] INFO  org.apache.catalina.core.StandardService - Starting service [Tomcat]
2022-05-08 10:33:01.053 [restartedMain] INFO  org.apache.catalina.core.StandardEngine - Starting Servlet engine: [Apache Tomcat/9.0.56]
2022-05-08 10:33:01.234 [restartedMain] INFO  o.a.c.core.ContainerBase.[Tomcat].[localhost].[/] - Initializing Spring embedded WebApplicationContext
2022-05-08 10:33:01.234 [restartedMain] INFO  o.s.b.w.s.c.ServletWebServerApplicationContext - Root WebApplicationContext: initialization completed in 1378 ms
2022-05-08 10:33:01.276 [restartedMain] INFO  com.zaxxer.hikari.HikariDataSource - HikariPool-1 - Starting...
2022-05-08 10:33:01.445 [restartedMain] INFO  com.zaxxer.hikari.HikariDataSource - HikariPool-1 - Start completed.
2022-05-08 10:33:01.459 [restartedMain] INFO  o.s.b.autoconfigure.h2.H2ConsoleAutoConfiguration - H2 console available at '/h2-console'. Database available at 'jdbc:h2:~/community'
2022-05-08 10:33:01.859 [restartedMain] INFO  o.s.b.a.web.servlet.WelcomePageHandlerMapping - Adding welcome page template: index
2022-05-08 10:33:01.995 [restartedMain] INFO  o.s.b.d.autoconfigure.OptionalLiveReloadServer - LiveReload server is running on port 35729
2022-05-08 10:33:02.010 [restartedMain] INFO  org.apache.coyote.http11.Http11NioProtocol - Starting ProtocolHandler ["http-nio-10086"]
2022-05-08 10:33:02.023 [restartedMain] INFO  o.s.boot.web.embedded.tomcat.TomcatWebServer - Tomcat started on port(s): 10086 (http) with context path ''
2022-05-08 10:33:02.034 [restartedMain] INFO  com.zd.esearch.EsearchApplication - Started EsearchApplication in 2.805 seconds (JVM running for 4.166)
2022-05-08 10:33:03.574 [http-nio-10086-exec-1] INFO  o.a.c.core.ContainerBase.[Tomcat].[localhost].[/] - Initializing Spring DispatcherServlet 'dispatcherServlet'
2022-05-08 10:33:03.575 [http-nio-10086-exec-1] INFO  org.springframework.web.servlet.DispatcherServlet - Initializing Servlet 'dispatcherServlet'
2022-05-08 10:33:03.576 [http-nio-10086-exec-1] INFO  org.springframework.web.servlet.DispatcherServlet - Completed initialization in 1 ms
2022-05-08 10:33:03.713 [http-nio-10086-exec-1] DEBUG com.zd.esearch.mapper.UserMapper.selectByExample - ==>  Preparing: select ID, ACCOUNT_ID, NAME, TOKEN, GMT_CREATE, GMT_MODIFIED, AVATAR_URL from USER WHERE ( TOKEN = ? )
2022-05-08 10:33:03.749 [http-nio-10086-exec-1] DEBUG com.zd.esearch.mapper.UserMapper.selectByExample - ==> Parameters: b4a8c678-2eb3-4210-baa0-8489899a6c44(String)
2022-05-08 10:33:03.772 [http-nio-10086-exec-1] DEBUG com.zd.esearch.mapper.UserMapper.selectByExample - <==      Total: 1
2022-05-08 10:33:04.243 [http-nio-10086-exec-1] WARN  org.apache.catalina.util.SessionIdGeneratorBase - Creation of SecureRandom instance for session ID generation using [SHA1PRNG] took [466] milliseconds.
2022-05-08 10:33:04.259 [http-nio-10086-exec-1] DEBUG c.zd.esearch.mapper.QuestionMapper.countByExample - ==>  Preparing: select count(*) from QUESTION
2022-05-08 10:33:04.260 [http-nio-10086-exec-1] DEBUG c.zd.esearch.mapper.QuestionMapper.countByExample - ==> Parameters: 
2022-05-08 10:33:04.261 [http-nio-10086-exec-1] DEBUG c.zd.esearch.mapper.QuestionMapper.countByExample - <==      Total: 1
2022-05-08 10:33:04.266 [http-nio-10086-exec-1] DEBUG c.z.e.m.Q.selectByExampleWithRowbounds - ==>  Preparing: select ID, TITLE, GMT_CREATE, GMT_MODIFIED, CREATOR, COMMENT_COUNT, VIEW_COUNT, LIKE_COUNT, TAG from QUESTION LIMIT ?
2022-05-08 10:33:04.267 [http-nio-10086-exec-1] DEBUG c.z.e.m.Q.selectByExampleWithRowbounds - ==> Parameters: 3(Integer)
2022-05-08 10:33:04.269 [http-nio-10086-exec-1] DEBUG c.z.e.m.Q.selectByExampleWithRowbounds - <==      Total: 3
2022-05-08 10:33:04.269 [http-nio-10086-exec-1] DEBUG c.zd.esearch.mapper.UserMapper.selectByPrimaryKey - ==>  Preparing: select ID, ACCOUNT_ID, NAME, TOKEN, GMT_CREATE, GMT_MODIFIED, AVATAR_URL from USER where ID = ?
2022-05-08 10:33:04.270 [http-nio-10086-exec-1] DEBUG c.zd.esearch.mapper.UserMapper.selectByPrimaryKey - ==> Parameters: 3733(Long)
2022-05-08 10:33:04.270 [http-nio-10086-exec-1] DEBUG c.zd.esearch.mapper.UserMapper.selectByPrimaryKey - <==      Total: 1
2022-05-08 10:33:04.277 [http-nio-10086-exec-1] DEBUG c.zd.esearch.mapper.UserMapper.selectByPrimaryKey - ==>  Preparing: select ID, ACCOUNT_ID, NAME, TOKEN, GMT_CREATE, GMT_MODIFIED, AVATAR_URL from USER where ID = ?
2022-05-08 10:33:04.278 [http-nio-10086-exec-1] DEBUG c.zd.esearch.mapper.UserMapper.selectByPrimaryKey - ==> Parameters: 3733(Long)
2022-05-08 10:33:04.279 [http-nio-10086-exec-1] DEBUG c.zd.esearch.mapper.UserMapper.selectByPrimaryKey - <==      Total: 1
2022-05-08 10:33:04.279 [http-nio-10086-exec-1] DEBUG c.zd.esearch.mapper.UserMapper.selectByPrimaryKey - ==>  Preparing: select ID, ACCOUNT_ID, NAME, TOKEN, GMT_CREATE, GMT_MODIFIED, AVATAR_URL from USER where ID = ?
2022-05-08 10:33:04.279 [http-nio-10086-exec-1] DEBUG c.zd.esearch.mapper.UserMapper.selectByPrimaryKey - ==> Parameters: 3733(Long)
2022-05-08 10:33:04.280 [http-nio-10086-exec-1] DEBUG c.zd.esearch.mapper.UserMapper.selectByPrimaryKey - <==      Total: 1
2022-05-08 10:33:04.574 [http-nio-10086-exec-3] DEBUG com.zd.esearch.mapper.UserMapper.selectByExample - ==>  Preparing: select ID, ACCOUNT_ID, NAME, TOKEN, GMT_CREATE, GMT_MODIFIED, AVATAR_URL from USER WHERE ( TOKEN = ? )
2022-05-08 10:33:04.574 [http-nio-10086-exec-2] DEBUG com.zd.esearch.mapper.UserMapper.selectByExample - ==>  Preparing: select ID, ACCOUNT_ID, NAME, TOKEN, GMT_CREATE, GMT_MODIFIED, AVATAR_URL from USER WHERE ( TOKEN = ? )
2022-05-08 10:33:04.575 [http-nio-10086-exec-3] DEBUG com.zd.esearch.mapper.UserMapper.selectByExample - ==> Parameters: b4a8c678-2eb3-4210-baa0-8489899a6c44(String)
2022-05-08 10:33:04.575 [http-nio-10086-exec-2] DEBUG com.zd.esearch.mapper.UserMapper.selectByExample - ==> Parameters: b4a8c678-2eb3-4210-baa0-8489899a6c44(String)
2022-05-08 10:33:04.576 [http-nio-10086-exec-3] DEBUG com.zd.esearch.mapper.UserMapper.selectByExample - <==      Total: 1
2022-05-08 10:33:04.576 [http-nio-10086-exec-2] DEBUG com.zd.esearch.mapper.UserMapper.selectByExample - <==      Total: 1
2022-05-08 10:33:07.828 [http-nio-10086-exec-4] DEBUG com.zd.esearch.mapper.UserMapper.selectByExample - ==>  Preparing: select ID, ACCOUNT_ID, NAME, TOKEN, GMT_CREATE, GMT_MODIFIED, AVATAR_URL from USER WHERE ( TOKEN = ? )
2022-05-08 10:33:07.829 [http-nio-10086-exec-4] DEBUG com.zd.esearch.mapper.UserMapper.selectByExample - ==> Parameters: b4a8c678-2eb3-4210-baa0-8489899a6c44(String)
2022-05-08 10:33:07.829 [http-nio-10086-exec-4] DEBUG com.zd.esearch.mapper.UserMapper.selectByExample - <==      Total: 1
2022-05-08 10:33:07.830 [http-nio-10086-exec-4] DEBUG c.zd.esearch.mapper.QuestionMapper.countByExample - ==>  Preparing: select count(*) from QUESTION
2022-05-08 10:33:07.830 [http-nio-10086-exec-4] DEBUG c.zd.esearch.mapper.QuestionMapper.countByExample - ==> Parameters: 
2022-05-08 10:33:07.830 [http-nio-10086-exec-4] DEBUG c.zd.esearch.mapper.QuestionMapper.countByExample - <==      Total: 1
2022-05-08 10:33:07.831 [http-nio-10086-exec-4] DEBUG c.z.e.m.Q.selectByExampleWithRowbounds - ==>  Preparing: select ID, TITLE, GMT_CREATE, GMT_MODIFIED, CREATOR, COMMENT_COUNT, VIEW_COUNT, LIKE_COUNT, TAG from QUESTION LIMIT ? OFFSET ?
2022-05-08 10:33:07.831 [http-nio-10086-exec-4] DEBUG c.z.e.m.Q.selectByExampleWithRowbounds - ==> Parameters: 3(Integer), 45(Long)
2022-05-08 10:33:07.832 [http-nio-10086-exec-4] DEBUG c.z.e.m.Q.selectByExampleWithRowbounds - <==      Total: 2
2022-05-08 10:33:07.832 [http-nio-10086-exec-4] DEBUG c.zd.esearch.mapper.UserMapper.selectByPrimaryKey - ==>  Preparing: select ID, ACCOUNT_ID, NAME, TOKEN, GMT_CREATE, GMT_MODIFIED, AVATAR_URL from USER where ID = ?
2022-05-08 10:33:07.832 [http-nio-10086-exec-4] DEBUG c.zd.esearch.mapper.UserMapper.selectByPrimaryKey - ==> Parameters: 3733(Long)
2022-05-08 10:33:07.833 [http-nio-10086-exec-4] DEBUG c.zd.esearch.mapper.UserMapper.selectByPrimaryKey - <==      Total: 1
2022-05-08 10:33:07.834 [http-nio-10086-exec-4] DEBUG c.zd.esearch.mapper.UserMapper.selectByPrimaryKey - ==>  Preparing: select ID, ACCOUNT_ID, NAME, TOKEN, GMT_CREATE, GMT_MODIFIED, AVATAR_URL from USER where ID = ?
2022-05-08 10:33:07.834 [http-nio-10086-exec-4] DEBUG c.zd.esearch.mapper.UserMapper.selectByPrimaryKey - ==> Parameters: 3733(Long)
2022-05-08 10:33:07.834 [http-nio-10086-exec-4] DEBUG c.zd.esearch.mapper.UserMapper.selectByPrimaryKey - <==      Total: 1
2022-05-08 10:33:07.863 [http-nio-10086-exec-5] DEBUG com.zd.esearch.mapper.UserMapper.selectByExample - ==>  Preparing: select ID, ACCOUNT_ID, NAME, TOKEN, GMT_CREATE, GMT_MODIFIED, AVATAR_URL from USER WHERE ( TOKEN = ? )
2022-05-08 10:33:07.864 [http-nio-10086-exec-6] DEBUG com.zd.esearch.mapper.UserMapper.selectByExample - ==>  Preparing: select ID, ACCOUNT_ID, NAME, TOKEN, GMT_CREATE, GMT_MODIFIED, AVATAR_URL from USER WHERE ( TOKEN = ? )
2022-05-08 10:33:07.864 [http-nio-10086-exec-5] DEBUG com.zd.esearch.mapper.UserMapper.selectByExample - ==> Parameters: b4a8c678-2eb3-4210-baa0-8489899a6c44(String)
2022-05-08 10:33:07.864 [http-nio-10086-exec-6] DEBUG com.zd.esearch.mapper.UserMapper.selectByExample - ==> Parameters: b4a8c678-2eb3-4210-baa0-8489899a6c44(String)
2022-05-08 10:33:07.864 [http-nio-10086-exec-5] DEBUG com.zd.esearch.mapper.UserMapper.selectByExample - <==      Total: 1
2022-05-08 10:33:07.864 [http-nio-10086-exec-6] DEBUG com.zd.esearch.mapper.UserMapper.selectByExample - <==      Total: 1
2022-05-08 10:33:09.002 [http-nio-10086-exec-7] DEBUG com.zd.esearch.mapper.UserMapper.selectByExample - ==>  Preparing: select ID, ACCOUNT_ID, NAME, TOKEN, GMT_CREATE, GMT_MODIFIED, AVATAR_URL from USER WHERE ( TOKEN = ? )
2022-05-08 10:33:09.003 [http-nio-10086-exec-7] DEBUG com.zd.esearch.mapper.UserMapper.selectByExample - ==> Parameters: b4a8c678-2eb3-4210-baa0-8489899a6c44(String)
2022-05-08 10:33:09.004 [http-nio-10086-exec-7] DEBUG com.zd.esearch.mapper.UserMapper.selectByExample - <==      Total: 1
2022-05-08 10:33:09.006 [http-nio-10086-exec-7] DEBUG c.zd.esearch.mapper.QuestionMapper.countByExample - ==>  Preparing: select count(*) from QUESTION
2022-05-08 10:33:09.006 [http-nio-10086-exec-7] DEBUG c.zd.esearch.mapper.QuestionMapper.countByExample - ==> Parameters: 
2022-05-08 10:33:09.007 [http-nio-10086-exec-7] DEBUG c.zd.esearch.mapper.QuestionMapper.countByExample - <==      Total: 1
2022-05-08 10:33:09.007 [http-nio-10086-exec-7] DEBUG c.z.e.m.Q.selectByExampleWithRowbounds - ==>  Preparing: select ID, TITLE, GMT_CREATE, GMT_MODIFIED, CREATOR, COMMENT_COUNT, VIEW_COUNT, LIKE_COUNT, TAG from QUESTION LIMIT ?
2022-05-08 10:33:09.007 [http-nio-10086-exec-7] DEBUG c.z.e.m.Q.selectByExampleWithRowbounds - ==> Parameters: 3(Integer)
2022-05-08 10:33:09.008 [http-nio-10086-exec-7] DEBUG c.z.e.m.Q.selectByExampleWithRowbounds - <==      Total: 3
2022-05-08 10:33:09.008 [http-nio-10086-exec-7] DEBUG c.zd.esearch.mapper.UserMapper.selectByPrimaryKey - ==>  Preparing: select ID, ACCOUNT_ID, NAME, TOKEN, GMT_CREATE, GMT_MODIFIED, AVATAR_URL from USER where ID = ?
2022-05-08 10:33:09.008 [http-nio-10086-exec-7] DEBUG c.zd.esearch.mapper.UserMapper.selectByPrimaryKey - ==> Parameters: 3733(Long)
2022-05-08 10:33:09.008 [http-nio-10086-exec-7] DEBUG c.zd.esearch.mapper.UserMapper.selectByPrimaryKey - <==      Total: 1
2022-05-08 10:33:09.009 [http-nio-10086-exec-7] DEBUG c.zd.esearch.mapper.UserMapper.selectByPrimaryKey - ==>  Preparing: select ID, ACCOUNT_ID, NAME, TOKEN, GMT_CREATE, GMT_MODIFIED, AVATAR_URL from USER where ID = ?
2022-05-08 10:33:09.009 [http-nio-10086-exec-7] DEBUG c.zd.esearch.mapper.UserMapper.selectByPrimaryKey - ==> Parameters: 3733(Long)
2022-05-08 10:33:09.009 [http-nio-10086-exec-7] DEBUG c.zd.esearch.mapper.UserMapper.selectByPrimaryKey - <==      Total: 1
2022-05-08 10:33:09.009 [http-nio-10086-exec-7] DEBUG c.zd.esearch.mapper.UserMapper.selectByPrimaryKey - ==>  Preparing: select ID, ACCOUNT_ID, NAME, TOKEN, GMT_CREATE, GMT_MODIFIED, AVATAR_URL from USER where ID = ?
2022-05-08 10:33:09.010 [http-nio-10086-exec-7] DEBUG c.zd.esearch.mapper.UserMapper.selectByPrimaryKey - ==> Parameters: 3733(Long)
2022-05-08 10:33:09.010 [http-nio-10086-exec-7] DEBUG c.zd.esearch.mapper.UserMapper.selectByPrimaryKey - <==      Total: 1
2022-05-08 10:33:09.044 [http-nio-10086-exec-8] DEBUG com.zd.esearch.mapper.UserMapper.selectByExample - ==>  Preparing: select ID, ACCOUNT_ID, NAME, TOKEN, GMT_CREATE, GMT_MODIFIED, AVATAR_URL from USER WHERE ( TOKEN = ? )
2022-05-08 10:33:09.044 [http-nio-10086-exec-9] DEBUG com.zd.esearch.mapper.UserMapper.selectByExample - ==>  Preparing: select ID, ACCOUNT_ID, NAME, TOKEN, GMT_CREATE, GMT_MODIFIED, AVATAR_URL from USER WHERE ( TOKEN = ? )
2022-05-08 10:33:09.045 [http-nio-10086-exec-8] DEBUG com.zd.esearch.mapper.UserMapper.selectByExample - ==> Parameters: b4a8c678-2eb3-4210-baa0-8489899a6c44(String)
2022-05-08 10:33:09.045 [http-nio-10086-exec-9] DEBUG com.zd.esearch.mapper.UserMapper.selectByExample - ==> Parameters: b4a8c678-2eb3-4210-baa0-8489899a6c44(String)
2022-05-08 10:33:09.046 [http-nio-10086-exec-9] DEBUG com.zd.esearch.mapper.UserMapper.selectByExample - <==      Total: 1
2022-05-08 10:33:09.046 [http-nio-10086-exec-8] DEBUG com.zd.esearch.mapper.UserMapper.selectByExample - <==      Total: 1
2022-05-08 10:33:09.810 [http-nio-10086-exec-10] DEBUG com.zd.esearch.mapper.UserMapper.selectByExample - ==>  Preparing: select ID, ACCOUNT_ID, NAME, TOKEN, GMT_CREATE, GMT_MODIFIED, AVATAR_URL from USER WHERE ( TOKEN = ? )
2022-05-08 10:33:09.811 [http-nio-10086-exec-10] DEBUG com.zd.esearch.mapper.UserMapper.selectByExample - ==> Parameters: b4a8c678-2eb3-4210-baa0-8489899a6c44(String)
2022-05-08 10:33:09.811 [http-nio-10086-exec-10] DEBUG com.zd.esearch.mapper.UserMapper.selectByExample - <==      Total: 1
2022-05-08 10:33:09.812 [http-nio-10086-exec-10] DEBUG c.zd.esearch.mapper.QuestionMapper.countByExample - ==>  Preparing: select count(*) from QUESTION
2022-05-08 10:33:09.812 [http-nio-10086-exec-10] DEBUG c.zd.esearch.mapper.QuestionMapper.countByExample - ==> Parameters: 
2022-05-08 10:33:09.812 [http-nio-10086-exec-10] DEBUG c.zd.esearch.mapper.QuestionMapper.countByExample - <==      Total: 1
2022-05-08 10:33:09.812 [http-nio-10086-exec-10] DEBUG c.z.e.m.Q.selectByExampleWithRowbounds - ==>  Preparing: select ID, TITLE, GMT_CREATE, GMT_MODIFIED, CREATOR, COMMENT_COUNT, VIEW_COUNT, LIKE_COUNT, TAG from QUESTION LIMIT ? OFFSET ?
2022-05-08 10:33:09.813 [http-nio-10086-exec-10] DEBUG c.z.e.m.Q.selectByExampleWithRowbounds - ==> Parameters: 3(Integer), 3(Long)
2022-05-08 10:33:09.813 [http-nio-10086-exec-10] DEBUG c.z.e.m.Q.selectByExampleWithRowbounds - <==      Total: 3
2022-05-08 10:33:09.813 [http-nio-10086-exec-10] DEBUG c.zd.esearch.mapper.UserMapper.selectByPrimaryKey - ==>  Preparing: select ID, ACCOUNT_ID, NAME, TOKEN, GMT_CREATE, GMT_MODIFIED, AVATAR_URL from USER where ID = ?
2022-05-08 10:33:09.814 [http-nio-10086-exec-10] DEBUG c.zd.esearch.mapper.UserMapper.selectByPrimaryKey - ==> Parameters: 3733(Long)
2022-05-08 10:33:09.814 [http-nio-10086-exec-10] DEBUG c.zd.esearch.mapper.UserMapper.selectByPrimaryKey - <==      Total: 1
2022-05-08 10:33:09.814 [http-nio-10086-exec-10] DEBUG c.zd.esearch.mapper.UserMapper.selectByPrimaryKey - ==>  Preparing: select ID, ACCOUNT_ID, NAME, TOKEN, GMT_CREATE, GMT_MODIFIED, AVATAR_URL from USER where ID = ?
2022-05-08 10:33:09.814 [http-nio-10086-exec-10] DEBUG c.zd.esearch.mapper.UserMapper.selectByPrimaryKey - ==> Parameters: 3733(Long)
2022-05-08 10:33:09.814 [http-nio-10086-exec-10] DEBUG c.zd.esearch.mapper.UserMapper.selectByPrimaryKey - <==      Total: 1
2022-05-08 10:33:09.815 [http-nio-10086-exec-10] DEBUG c.zd.esearch.mapper.UserMapper.selectByPrimaryKey - ==>  Preparing: select ID, ACCOUNT_ID, NAME, TOKEN, GMT_CREATE, GMT_MODIFIED, AVATAR_URL from USER where ID = ?
2022-05-08 10:33:09.815 [http-nio-10086-exec-10] DEBUG c.zd.esearch.mapper.UserMapper.selectByPrimaryKey - ==> Parameters: 3733(Long)
2022-05-08 10:33:09.815 [http-nio-10086-exec-10] DEBUG c.zd.esearch.mapper.UserMapper.selectByPrimaryKey - <==      Total: 1
2022-05-08 10:33:09.947 [http-nio-10086-exec-1] DEBUG com.zd.esearch.mapper.UserMapper.selectByExample - ==>  Preparing: select ID, ACCOUNT_ID, NAME, TOKEN, GMT_CREATE, GMT_MODIFIED, AVATAR_URL from USER WHERE ( TOKEN = ? )
2022-05-08 10:33:09.947 [http-nio-10086-exec-1] DEBUG com.zd.esearch.mapper.UserMapper.selectByExample - ==> Parameters: b4a8c678-2eb3-4210-baa0-8489899a6c44(String)
2022-05-08 10:33:09.947 [http-nio-10086-exec-2] DEBUG com.zd.esearch.mapper.UserMapper.selectByExample - ==>  Preparing: select ID, ACCOUNT_ID, NAME, TOKEN, GMT_CREATE, GMT_MODIFIED, AVATAR_URL from USER WHERE ( TOKEN = ? )
2022-05-08 10:33:09.947 [http-nio-10086-exec-2] DEBUG com.zd.esearch.mapper.UserMapper.selectByExample - ==> Parameters: b4a8c678-2eb3-4210-baa0-8489899a6c44(String)
2022-05-08 10:33:09.948 [http-nio-10086-exec-1] DEBUG com.zd.esearch.mapper.UserMapper.selectByExample - <==      Total: 1
2022-05-08 10:33:09.948 [http-nio-10086-exec-2] DEBUG com.zd.esearch.mapper.UserMapper.selectByExample - <==      Total: 1
2022-05-08 10:33:10.391 [http-nio-10086-exec-3] DEBUG com.zd.esearch.mapper.UserMapper.selectByExample - ==>  Preparing: select ID, ACCOUNT_ID, NAME, TOKEN, GMT_CREATE, GMT_MODIFIED, AVATAR_URL from USER WHERE ( TOKEN = ? )
2022-05-08 10:33:10.392 [http-nio-10086-exec-3] DEBUG com.zd.esearch.mapper.UserMapper.selectByExample - ==> Parameters: b4a8c678-2eb3-4210-baa0-8489899a6c44(String)
2022-05-08 10:33:10.392 [http-nio-10086-exec-3] DEBUG com.zd.esearch.mapper.UserMapper.selectByExample - <==      Total: 1
2022-05-08 10:33:10.393 [http-nio-10086-exec-3] DEBUG c.zd.esearch.mapper.QuestionMapper.countByExample - ==>  Preparing: select count(*) from QUESTION
2022-05-08 10:33:10.393 [http-nio-10086-exec-3] DEBUG c.zd.esearch.mapper.QuestionMapper.countByExample - ==> Parameters: 
2022-05-08 10:33:10.393 [http-nio-10086-exec-3] DEBUG c.zd.esearch.mapper.QuestionMapper.countByExample - <==      Total: 1
2022-05-08 10:33:10.393 [http-nio-10086-exec-3] DEBUG c.z.e.m.Q.selectByExampleWithRowbounds - ==>  Preparing: select ID, TITLE, GMT_CREATE, GMT_MODIFIED, CREATOR, COMMENT_COUNT, VIEW_COUNT, LIKE_COUNT, TAG from QUESTION LIMIT ? OFFSET ?
2022-05-08 10:33:10.394 [http-nio-10086-exec-3] DEBUG c.z.e.m.Q.selectByExampleWithRowbounds - ==> Parameters: 3(Integer), 3(Long)
2022-05-08 10:33:10.394 [http-nio-10086-exec-3] DEBUG c.z.e.m.Q.selectByExampleWithRowbounds - <==      Total: 3
2022-05-08 10:33:10.394 [http-nio-10086-exec-3] DEBUG c.zd.esearch.mapper.UserMapper.selectByPrimaryKey - ==>  Preparing: select ID, ACCOUNT_ID, NAME, TOKEN, GMT_CREATE, GMT_MODIFIED, AVATAR_URL from USER where ID = ?
2022-05-08 10:33:10.394 [http-nio-10086-exec-3] DEBUG c.zd.esearch.mapper.UserMapper.selectByPrimaryKey - ==> Parameters: 3733(Long)
2022-05-08 10:33:10.395 [http-nio-10086-exec-3] DEBUG c.zd.esearch.mapper.UserMapper.selectByPrimaryKey - <==      Total: 1
2022-05-08 10:33:10.395 [http-nio-10086-exec-3] DEBUG c.zd.esearch.mapper.UserMapper.selectByPrimaryKey - ==>  Preparing: select ID, ACCOUNT_ID, NAME, TOKEN, GMT_CREATE, GMT_MODIFIED, AVATAR_URL from USER where ID = ?
2022-05-08 10:33:10.395 [http-nio-10086-exec-3] DEBUG c.zd.esearch.mapper.UserMapper.selectByPrimaryKey - ==> Parameters: 3733(Long)
2022-05-08 10:33:10.396 [http-nio-10086-exec-3] DEBUG c.zd.esearch.mapper.UserMapper.selectByPrimaryKey - <==      Total: 1
2022-05-08 10:33:10.396 [http-nio-10086-exec-3] DEBUG c.zd.esearch.mapper.UserMapper.selectByPrimaryKey - ==>  Preparing: select ID, ACCOUNT_ID, NAME, TOKEN, GMT_CREATE, GMT_MODIFIED, AVATAR_URL from USER where ID = ?
2022-05-08 10:33:10.396 [http-nio-10086-exec-3] DEBUG c.zd.esearch.mapper.UserMapper.selectByPrimaryKey - ==> Parameters: 3733(Long)
2022-05-08 10:33:10.396 [http-nio-10086-exec-3] DEBUG c.zd.esearch.mapper.UserMapper.selectByPrimaryKey - <==      Total: 1
2022-05-08 10:33:10.420 [http-nio-10086-exec-4] DEBUG com.zd.esearch.mapper.UserMapper.selectByExample - ==>  Preparing: select ID, ACCOUNT_ID, NAME, TOKEN, GMT_CREATE, GMT_MODIFIED, AVATAR_URL from USER WHERE ( TOKEN = ? )
2022-05-08 10:33:10.420 [http-nio-10086-exec-6] DEBUG com.zd.esearch.mapper.UserMapper.selectByExample - ==>  Preparing: select ID, ACCOUNT_ID, NAME, TOKEN, GMT_CREATE, GMT_MODIFIED, AVATAR_URL from USER WHERE ( TOKEN = ? )
2022-05-08 10:33:10.420 [http-nio-10086-exec-6] DEBUG com.zd.esearch.mapper.UserMapper.selectByExample - ==> Parameters: b4a8c678-2eb3-4210-baa0-8489899a6c44(String)
2022-05-08 10:33:10.420 [http-nio-10086-exec-4] DEBUG com.zd.esearch.mapper.UserMapper.selectByExample - ==> Parameters: b4a8c678-2eb3-4210-baa0-8489899a6c44(String)
2022-05-08 10:33:10.421 [http-nio-10086-exec-6] DEBUG com.zd.esearch.mapper.UserMapper.selectByExample - <==      Total: 1
2022-05-08 10:33:10.421 [http-nio-10086-exec-4] DEBUG com.zd.esearch.mapper.UserMapper.selectByExample - <==      Total: 1
2022-05-08 10:33:10.842 [http-nio-10086-exec-5] DEBUG com.zd.esearch.mapper.UserMapper.selectByExample - ==>  Preparing: select ID, ACCOUNT_ID, NAME, TOKEN, GMT_CREATE, GMT_MODIFIED, AVATAR_URL from USER WHERE ( TOKEN = ? )
2022-05-08 10:33:10.843 [http-nio-10086-exec-5] DEBUG com.zd.esearch.mapper.UserMapper.selectByExample - ==> Parameters: b4a8c678-2eb3-4210-baa0-8489899a6c44(String)
2022-05-08 10:33:10.843 [http-nio-10086-exec-5] DEBUG com.zd.esearch.mapper.UserMapper.selectByExample - <==      Total: 1
2022-05-08 10:33:10.844 [http-nio-10086-exec-5] DEBUG c.zd.esearch.mapper.QuestionMapper.countByExample - ==>  Preparing: select count(*) from QUESTION
2022-05-08 10:33:10.844 [http-nio-10086-exec-5] DEBUG c.zd.esearch.mapper.QuestionMapper.countByExample - ==> Parameters: 
2022-05-08 10:33:10.844 [http-nio-10086-exec-5] DEBUG c.zd.esearch.mapper.QuestionMapper.countByExample - <==      Total: 1
2022-05-08 10:33:10.845 [http-nio-10086-exec-5] DEBUG c.z.e.m.Q.selectByExampleWithRowbounds - ==>  Preparing: select ID, TITLE, GMT_CREATE, GMT_MODIFIED, CREATOR, COMMENT_COUNT, VIEW_COUNT, LIKE_COUNT, TAG from QUESTION LIMIT ? OFFSET ?
2022-05-08 10:33:10.845 [http-nio-10086-exec-5] DEBUG c.z.e.m.Q.selectByExampleWithRowbounds - ==> Parameters: 3(Integer), 6(Long)
2022-05-08 10:33:10.847 [http-nio-10086-exec-5] DEBUG c.z.e.m.Q.selectByExampleWithRowbounds - <==      Total: 3
2022-05-08 10:33:10.847 [http-nio-10086-exec-5] DEBUG c.zd.esearch.mapper.UserMapper.selectByPrimaryKey - ==>  Preparing: select ID, ACCOUNT_ID, NAME, TOKEN, GMT_CREATE, GMT_MODIFIED, AVATAR_URL from USER where ID = ?
2022-05-08 10:33:10.847 [http-nio-10086-exec-5] DEBUG c.zd.esearch.mapper.UserMapper.selectByPrimaryKey - ==> Parameters: 3733(Long)
2022-05-08 10:33:10.847 [http-nio-10086-exec-5] DEBUG c.zd.esearch.mapper.UserMapper.selectByPrimaryKey - <==      Total: 1
2022-05-08 10:33:10.848 [http-nio-10086-exec-5] DEBUG c.zd.esearch.mapper.UserMapper.selectByPrimaryKey - ==>  Preparing: select ID, ACCOUNT_ID, NAME, TOKEN, GMT_CREATE, GMT_MODIFIED, AVATAR_URL from USER where ID = ?
2022-05-08 10:33:10.848 [http-nio-10086-exec-5] DEBUG c.zd.esearch.mapper.UserMapper.selectByPrimaryKey - ==> Parameters: 3733(Long)
2022-05-08 10:33:10.849 [http-nio-10086-exec-5] DEBUG c.zd.esearch.mapper.UserMapper.selectByPrimaryKey - <==      Total: 1
2022-05-08 10:33:10.851 [http-nio-10086-exec-5] DEBUG c.zd.esearch.mapper.UserMapper.selectByPrimaryKey - ==>  Preparing: select ID, ACCOUNT_ID, NAME, TOKEN, GMT_CREATE, GMT_MODIFIED, AVATAR_URL from USER where ID = ?
2022-05-08 10:33:10.851 [http-nio-10086-exec-5] DEBUG c.zd.esearch.mapper.UserMapper.selectByPrimaryKey - ==> Parameters: 3733(Long)
2022-05-08 10:33:10.851 [http-nio-10086-exec-5] DEBUG c.zd.esearch.mapper.UserMapper.selectByPrimaryKey - <==      Total: 1
2022-05-08 10:33:10.894 [http-nio-10086-exec-7] DEBUG com.zd.esearch.mapper.UserMapper.selectByExample - ==>  Preparing: select ID, ACCOUNT_ID, NAME, TOKEN, GMT_CREATE, GMT_MODIFIED, AVATAR_URL from USER WHERE ( TOKEN = ? )
2022-05-08 10:33:10.895 [http-nio-10086-exec-7] DEBUG com.zd.esearch.mapper.UserMapper.selectByExample - ==> Parameters: b4a8c678-2eb3-4210-baa0-8489899a6c44(String)
2022-05-08 10:33:10.895 [http-nio-10086-exec-7] DEBUG com.zd.esearch.mapper.UserMapper.selectByExample - <==      Total: 1
2022-05-08 10:33:10.895 [http-nio-10086-exec-8] DEBUG com.zd.esearch.mapper.UserMapper.selectByExample - ==>  Preparing: select ID, ACCOUNT_ID, NAME, TOKEN, GMT_CREATE, GMT_MODIFIED, AVATAR_URL from USER WHERE ( TOKEN = ? )
2022-05-08 10:33:10.896 [http-nio-10086-exec-8] DEBUG com.zd.esearch.mapper.UserMapper.selectByExample - ==> Parameters: b4a8c678-2eb3-4210-baa0-8489899a6c44(String)
2022-05-08 10:33:10.896 [http-nio-10086-exec-8] DEBUG com.zd.esearch.mapper.UserMapper.selectByExample - <==      Total: 1
2022-05-08 10:33:11.422 [http-nio-10086-exec-9] DEBUG com.zd.esearch.mapper.UserMapper.selectByExample - ==>  Preparing: select ID, ACCOUNT_ID, NAME, TOKEN, GMT_CREATE, GMT_MODIFIED, AVATAR_URL from USER WHERE ( TOKEN = ? )
2022-05-08 10:33:11.422 [http-nio-10086-exec-9] DEBUG com.zd.esearch.mapper.UserMapper.selectByExample - ==> Parameters: b4a8c678-2eb3-4210-baa0-8489899a6c44(String)
2022-05-08 10:33:11.423 [http-nio-10086-exec-9] DEBUG com.zd.esearch.mapper.UserMapper.selectByExample - <==      Total: 1
2022-05-08 10:33:11.424 [http-nio-10086-exec-9] DEBUG c.zd.esearch.mapper.QuestionMapper.countByExample - ==>  Preparing: select count(*) from QUESTION
2022-05-08 10:33:11.424 [http-nio-10086-exec-9] DEBUG c.zd.esearch.mapper.QuestionMapper.countByExample - ==> Parameters: 
2022-05-08 10:33:11.425 [http-nio-10086-exec-9] DEBUG c.zd.esearch.mapper.QuestionMapper.countByExample - <==      Total: 1
2022-05-08 10:33:11.425 [http-nio-10086-exec-9] DEBUG c.z.e.m.Q.selectByExampleWithRowbounds - ==>  Preparing: select ID, TITLE, GMT_CREATE, GMT_MODIFIED, CREATOR, COMMENT_COUNT, VIEW_COUNT, LIKE_COUNT, TAG from QUESTION LIMIT ? OFFSET ?
2022-05-08 10:33:11.425 [http-nio-10086-exec-9] DEBUG c.z.e.m.Q.selectByExampleWithRowbounds - ==> Parameters: 3(Integer), 9(Long)
2022-05-08 10:33:11.425 [http-nio-10086-exec-9] DEBUG c.z.e.m.Q.selectByExampleWithRowbounds - <==      Total: 3
2022-05-08 10:33:11.426 [http-nio-10086-exec-9] DEBUG c.zd.esearch.mapper.UserMapper.selectByPrimaryKey - ==>  Preparing: select ID, ACCOUNT_ID, NAME, TOKEN, GMT_CREATE, GMT_MODIFIED, AVATAR_URL from USER where ID = ?
2022-05-08 10:33:11.426 [http-nio-10086-exec-9] DEBUG c.zd.esearch.mapper.UserMapper.selectByPrimaryKey - ==> Parameters: 3733(Long)
2022-05-08 10:33:11.426 [http-nio-10086-exec-9] DEBUG c.zd.esearch.mapper.UserMapper.selectByPrimaryKey - <==      Total: 1
2022-05-08 10:33:11.426 [http-nio-10086-exec-9] DEBUG c.zd.esearch.mapper.UserMapper.selectByPrimaryKey - ==>  Preparing: select ID, ACCOUNT_ID, NAME, TOKEN, GMT_CREATE, GMT_MODIFIED, AVATAR_URL from USER where ID = ?
2022-05-08 10:33:11.426 [http-nio-10086-exec-9] DEBUG c.zd.esearch.mapper.UserMapper.selectByPrimaryKey - ==> Parameters: 3733(Long)
2022-05-08 10:33:11.426 [http-nio-10086-exec-9] DEBUG c.zd.esearch.mapper.UserMapper.selectByPrimaryKey - <==      Total: 1
2022-05-08 10:33:11.427 [http-nio-10086-exec-9] DEBUG c.zd.esearch.mapper.UserMapper.selectByPrimaryKey - ==>  Preparing: select ID, ACCOUNT_ID, NAME, TOKEN, GMT_CREATE, GMT_MODIFIED, AVATAR_URL from USER where ID = ?
2022-05-08 10:33:11.427 [http-nio-10086-exec-9] DEBUG c.zd.esearch.mapper.UserMapper.selectByPrimaryKey - ==> Parameters: 3733(Long)
2022-05-08 10:33:11.427 [http-nio-10086-exec-9] DEBUG c.zd.esearch.mapper.UserMapper.selectByPrimaryKey - <==      Total: 1
2022-05-08 10:33:11.462 [http-nio-10086-exec-1] DEBUG com.zd.esearch.mapper.UserMapper.selectByExample - ==>  Preparing: select ID, ACCOUNT_ID, NAME, TOKEN, GMT_CREATE, GMT_MODIFIED, AVATAR_URL from USER WHERE ( TOKEN = ? )
2022-05-08 10:33:11.462 [http-nio-10086-exec-10] DEBUG com.zd.esearch.mapper.UserMapper.selectByExample - ==>  Preparing: select ID, ACCOUNT_ID, NAME, TOKEN, GMT_CREATE, GMT_MODIFIED, AVATAR_URL from USER WHERE ( TOKEN = ? )
2022-05-08 10:33:11.462 [http-nio-10086-exec-10] DEBUG com.zd.esearch.mapper.UserMapper.selectByExample - ==> Parameters: b4a8c678-2eb3-4210-baa0-8489899a6c44(String)
2022-05-08 10:33:11.462 [http-nio-10086-exec-1] DEBUG com.zd.esearch.mapper.UserMapper.selectByExample - ==> Parameters: b4a8c678-2eb3-4210-baa0-8489899a6c44(String)
2022-05-08 10:33:11.462 [http-nio-10086-exec-1] DEBUG com.zd.esearch.mapper.UserMapper.selectByExample - <==      Total: 1
2022-05-08 10:33:11.462 [http-nio-10086-exec-10] DEBUG com.zd.esearch.mapper.UserMapper.selectByExample - <==      Total: 1
2022-05-08 10:33:11.892 [http-nio-10086-exec-2] DEBUG com.zd.esearch.mapper.UserMapper.selectByExample - ==>  Preparing: select ID, ACCOUNT_ID, NAME, TOKEN, GMT_CREATE, GMT_MODIFIED, AVATAR_URL from USER WHERE ( TOKEN = ? )
2022-05-08 10:33:11.892 [http-nio-10086-exec-2] DEBUG com.zd.esearch.mapper.UserMapper.selectByExample - ==> Parameters: b4a8c678-2eb3-4210-baa0-8489899a6c44(String)
2022-05-08 10:33:11.892 [http-nio-10086-exec-2] DEBUG com.zd.esearch.mapper.UserMapper.selectByExample - <==      Total: 1
2022-05-08 10:33:11.893 [http-nio-10086-exec-2] DEBUG c.zd.esearch.mapper.QuestionMapper.countByExample - ==>  Preparing: select count(*) from QUESTION
2022-05-08 10:33:11.893 [http-nio-10086-exec-2] DEBUG c.zd.esearch.mapper.QuestionMapper.countByExample - ==> Parameters: 
2022-05-08 10:33:11.893 [http-nio-10086-exec-2] DEBUG c.zd.esearch.mapper.QuestionMapper.countByExample - <==      Total: 1
2022-05-08 10:33:11.894 [http-nio-10086-exec-2] DEBUG c.z.e.m.Q.selectByExampleWithRowbounds - ==>  Preparing: select ID, TITLE, GMT_CREATE, GMT_MODIFIED, CREATOR, COMMENT_COUNT, VIEW_COUNT, LIKE_COUNT, TAG from QUESTION LIMIT ? OFFSET ?
2022-05-08 10:33:11.894 [http-nio-10086-exec-2] DEBUG c.z.e.m.Q.selectByExampleWithRowbounds - ==> Parameters: 3(Integer), 12(Long)
2022-05-08 10:33:11.894 [http-nio-10086-exec-2] DEBUG c.z.e.m.Q.selectByExampleWithRowbounds - <==      Total: 3
2022-05-08 10:33:11.894 [http-nio-10086-exec-2] DEBUG c.zd.esearch.mapper.UserMapper.selectByPrimaryKey - ==>  Preparing: select ID, ACCOUNT_ID, NAME, TOKEN, GMT_CREATE, GMT_MODIFIED, AVATAR_URL from USER where ID = ?
2022-05-08 10:33:11.894 [http-nio-10086-exec-2] DEBUG c.zd.esearch.mapper.UserMapper.selectByPrimaryKey - ==> Parameters: 3733(Long)
2022-05-08 10:33:11.895 [http-nio-10086-exec-2] DEBUG c.zd.esearch.mapper.UserMapper.selectByPrimaryKey - <==      Total: 1
2022-05-08 10:33:11.895 [http-nio-10086-exec-2] DEBUG c.zd.esearch.mapper.UserMapper.selectByPrimaryKey - ==>  Preparing: select ID, ACCOUNT_ID, NAME, TOKEN, GMT_CREATE, GMT_MODIFIED, AVATAR_URL from USER where ID = ?
2022-05-08 10:33:11.895 [http-nio-10086-exec-2] DEBUG c.zd.esearch.mapper.UserMapper.selectByPrimaryKey - ==> Parameters: 3733(Long)
2022-05-08 10:33:11.895 [http-nio-10086-exec-2] DEBUG c.zd.esearch.mapper.UserMapper.selectByPrimaryKey - <==      Total: 1
2022-05-08 10:33:11.895 [http-nio-10086-exec-2] DEBUG c.zd.esearch.mapper.UserMapper.selectByPrimaryKey - ==>  Preparing: select ID, ACCOUNT_ID, NAME, TOKEN, GMT_CREATE, GMT_MODIFIED, AVATAR_URL from USER where ID = ?
2022-05-08 10:33:11.895 [http-nio-10086-exec-2] DEBUG c.zd.esearch.mapper.UserMapper.selectByPrimaryKey - ==> Parameters: 3733(Long)
2022-05-08 10:33:11.896 [http-nio-10086-exec-2] DEBUG c.zd.esearch.mapper.UserMapper.selectByPrimaryKey - <==      Total: 1
2022-05-08 10:33:11.931 [http-nio-10086-exec-3] DEBUG com.zd.esearch.mapper.UserMapper.selectByExample - ==>  Preparing: select ID, ACCOUNT_ID, NAME, TOKEN, GMT_CREATE, GMT_MODIFIED, AVATAR_URL from USER WHERE ( TOKEN = ? )
2022-05-08 10:33:11.932 [http-nio-10086-exec-3] DEBUG com.zd.esearch.mapper.UserMapper.selectByExample - ==> Parameters: b4a8c678-2eb3-4210-baa0-8489899a6c44(String)
2022-05-08 10:33:11.932 [http-nio-10086-exec-3] DEBUG com.zd.esearch.mapper.UserMapper.selectByExample - <==      Total: 1
2022-05-08 10:33:11.932 [http-nio-10086-exec-4] DEBUG com.zd.esearch.mapper.UserMapper.selectByExample - ==>  Preparing: select ID, ACCOUNT_ID, NAME, TOKEN, GMT_CREATE, GMT_MODIFIED, AVATAR_URL from USER WHERE ( TOKEN = ? )
2022-05-08 10:33:11.933 [http-nio-10086-exec-4] DEBUG com.zd.esearch.mapper.UserMapper.selectByExample - ==> Parameters: b4a8c678-2eb3-4210-baa0-8489899a6c44(String)
2022-05-08 10:33:11.933 [http-nio-10086-exec-4] DEBUG com.zd.esearch.mapper.UserMapper.selectByExample - <==      Total: 1
2022-05-08 10:33:12.637 [http-nio-10086-exec-6] DEBUG com.zd.esearch.mapper.UserMapper.selectByExample - ==>  Preparing: select ID, ACCOUNT_ID, NAME, TOKEN, GMT_CREATE, GMT_MODIFIED, AVATAR_URL from USER WHERE ( TOKEN = ? )
2022-05-08 10:33:12.638 [http-nio-10086-exec-6] DEBUG com.zd.esearch.mapper.UserMapper.selectByExample - ==> Parameters: b4a8c678-2eb3-4210-baa0-8489899a6c44(String)
2022-05-08 10:33:12.638 [http-nio-10086-exec-6] DEBUG com.zd.esearch.mapper.UserMapper.selectByExample - <==      Total: 1
2022-05-08 10:33:12.639 [http-nio-10086-exec-6] DEBUG c.zd.esearch.mapper.QuestionMapper.countByExample - ==>  Preparing: select count(*) from QUESTION
2022-05-08 10:33:12.639 [http-nio-10086-exec-6] DEBUG c.zd.esearch.mapper.QuestionMapper.countByExample - ==> Parameters: 
2022-05-08 10:33:12.640 [http-nio-10086-exec-6] DEBUG c.zd.esearch.mapper.QuestionMapper.countByExample - <==      Total: 1
2022-05-08 10:33:12.640 [http-nio-10086-exec-6] DEBUG c.z.e.m.Q.selectByExampleWithRowbounds - ==>  Preparing: select ID, TITLE, GMT_CREATE, GMT_MODIFIED, CREATOR, COMMENT_COUNT, VIEW_COUNT, LIKE_COUNT, TAG from QUESTION LIMIT ? OFFSET ?
2022-05-08 10:33:12.640 [http-nio-10086-exec-6] DEBUG c.z.e.m.Q.selectByExampleWithRowbounds - ==> Parameters: 3(Integer), 15(Long)
2022-05-08 10:33:12.640 [http-nio-10086-exec-6] DEBUG c.z.e.m.Q.selectByExampleWithRowbounds - <==      Total: 3
2022-05-08 10:33:12.641 [http-nio-10086-exec-6] DEBUG c.zd.esearch.mapper.UserMapper.selectByPrimaryKey - ==>  Preparing: select ID, ACCOUNT_ID, NAME, TOKEN, GMT_CREATE, GMT_MODIFIED, AVATAR_URL from USER where ID = ?
2022-05-08 10:33:12.641 [http-nio-10086-exec-6] DEBUG c.zd.esearch.mapper.UserMapper.selectByPrimaryKey - ==> Parameters: 3733(Long)
2022-05-08 10:33:12.641 [http-nio-10086-exec-6] DEBUG c.zd.esearch.mapper.UserMapper.selectByPrimaryKey - <==      Total: 1
2022-05-08 10:33:12.641 [http-nio-10086-exec-6] DEBUG c.zd.esearch.mapper.UserMapper.selectByPrimaryKey - ==>  Preparing: select ID, ACCOUNT_ID, NAME, TOKEN, GMT_CREATE, GMT_MODIFIED, AVATAR_URL from USER where ID = ?
2022-05-08 10:33:12.641 [http-nio-10086-exec-6] DEBUG c.zd.esearch.mapper.UserMapper.selectByPrimaryKey - ==> Parameters: 3733(Long)
2022-05-08 10:33:12.641 [http-nio-10086-exec-6] DEBUG c.zd.esearch.mapper.UserMapper.selectByPrimaryKey - <==      Total: 1
2022-05-08 10:33:12.642 [http-nio-10086-exec-6] DEBUG c.zd.esearch.mapper.UserMapper.selectByPrimaryKey - ==>  Preparing: select ID, ACCOUNT_ID, NAME, TOKEN, GMT_CREATE, GMT_MODIFIED, AVATAR_URL from USER where ID = ?
2022-05-08 10:33:12.650 [http-nio-10086-exec-6] DEBUG c.zd.esearch.mapper.UserMapper.selectByPrimaryKey - ==> Parameters: 3733(Long)
2022-05-08 10:33:12.651 [http-nio-10086-exec-6] DEBUG c.zd.esearch.mapper.UserMapper.selectByPrimaryKey - <==      Total: 1
2022-05-08 10:33:12.681 [http-nio-10086-exec-5] DEBUG com.zd.esearch.mapper.UserMapper.selectByExample - ==>  Preparing: select ID, ACCOUNT_ID, NAME, TOKEN, GMT_CREATE, GMT_MODIFIED, AVATAR_URL from USER WHERE ( TOKEN = ? )
2022-05-08 10:33:12.681 [http-nio-10086-exec-5] DEBUG com.zd.esearch.mapper.UserMapper.selectByExample - ==> Parameters: b4a8c678-2eb3-4210-baa0-8489899a6c44(String)
2022-05-08 10:33:12.682 [http-nio-10086-exec-5] DEBUG com.zd.esearch.mapper.UserMapper.selectByExample - <==      Total: 1
2022-05-08 10:33:12.682 [http-nio-10086-exec-7] DEBUG com.zd.esearch.mapper.UserMapper.selectByExample - ==>  Preparing: select ID, ACCOUNT_ID, NAME, TOKEN, GMT_CREATE, GMT_MODIFIED, AVATAR_URL from USER WHERE ( TOKEN = ? )
2022-05-08 10:33:12.682 [http-nio-10086-exec-7] DEBUG com.zd.esearch.mapper.UserMapper.selectByExample - ==> Parameters: b4a8c678-2eb3-4210-baa0-8489899a6c44(String)
2022-05-08 10:33:12.682 [http-nio-10086-exec-7] DEBUG com.zd.esearch.mapper.UserMapper.selectByExample - <==      Total: 1
2022-05-08 10:33:13.333 [http-nio-10086-exec-8] DEBUG com.zd.esearch.mapper.UserMapper.selectByExample - ==>  Preparing: select ID, ACCOUNT_ID, NAME, TOKEN, GMT_CREATE, GMT_MODIFIED, AVATAR_URL from USER WHERE ( TOKEN = ? )
2022-05-08 10:33:13.333 [http-nio-10086-exec-8] DEBUG com.zd.esearch.mapper.UserMapper.selectByExample - ==> Parameters: b4a8c678-2eb3-4210-baa0-8489899a6c44(String)
2022-05-08 10:33:13.333 [http-nio-10086-exec-8] DEBUG com.zd.esearch.mapper.UserMapper.selectByExample - <==      Total: 1
2022-05-08 10:33:13.334 [http-nio-10086-exec-8] DEBUG c.zd.esearch.mapper.QuestionMapper.countByExample - ==>  Preparing: select count(*) from QUESTION
2022-05-08 10:33:13.334 [http-nio-10086-exec-8] DEBUG c.zd.esearch.mapper.QuestionMapper.countByExample - ==> Parameters: 
2022-05-08 10:33:13.335 [http-nio-10086-exec-8] DEBUG c.zd.esearch.mapper.QuestionMapper.countByExample - <==      Total: 1
2022-05-08 10:33:13.335 [http-nio-10086-exec-8] DEBUG c.z.e.m.Q.selectByExampleWithRowbounds - ==>  Preparing: select ID, TITLE, GMT_CREATE, GMT_MODIFIED, CREATOR, COMMENT_COUNT, VIEW_COUNT, LIKE_COUNT, TAG from QUESTION LIMIT ? OFFSET ?
2022-05-08 10:33:13.335 [http-nio-10086-exec-8] DEBUG c.z.e.m.Q.selectByExampleWithRowbounds - ==> Parameters: 3(Integer), 18(Long)
2022-05-08 10:33:13.336 [http-nio-10086-exec-8] DEBUG c.z.e.m.Q.selectByExampleWithRowbounds - <==      Total: 3
2022-05-08 10:33:13.336 [http-nio-10086-exec-8] DEBUG c.zd.esearch.mapper.UserMapper.selectByPrimaryKey - ==>  Preparing: select ID, ACCOUNT_ID, NAME, TOKEN, GMT_CREATE, GMT_MODIFIED, AVATAR_URL from USER where ID = ?
2022-05-08 10:33:13.336 [http-nio-10086-exec-8] DEBUG c.zd.esearch.mapper.UserMapper.selectByPrimaryKey - ==> Parameters: 3733(Long)
2022-05-08 10:33:13.336 [http-nio-10086-exec-8] DEBUG c.zd.esearch.mapper.UserMapper.selectByPrimaryKey - <==      Total: 1
2022-05-08 10:33:13.336 [http-nio-10086-exec-8] DEBUG c.zd.esearch.mapper.UserMapper.selectByPrimaryKey - ==>  Preparing: select ID, ACCOUNT_ID, NAME, TOKEN, GMT_CREATE, GMT_MODIFIED, AVATAR_URL from USER where ID = ?
2022-05-08 10:33:13.337 [http-nio-10086-exec-8] DEBUG c.zd.esearch.mapper.UserMapper.selectByPrimaryKey - ==> Parameters: 3733(Long)
2022-05-08 10:33:13.337 [http-nio-10086-exec-8] DEBUG c.zd.esearch.mapper.UserMapper.selectByPrimaryKey - <==      Total: 1
2022-05-08 10:33:13.337 [http-nio-10086-exec-8] DEBUG c.zd.esearch.mapper.UserMapper.selectByPrimaryKey - ==>  Preparing: select ID, ACCOUNT_ID, NAME, TOKEN, GMT_CREATE, GMT_MODIFIED, AVATAR_URL from USER where ID = ?
2022-05-08 10:33:13.337 [http-nio-10086-exec-8] DEBUG c.zd.esearch.mapper.UserMapper.selectByPrimaryKey - ==> Parameters: 3733(Long)
2022-05-08 10:33:13.337 [http-nio-10086-exec-8] DEBUG c.zd.esearch.mapper.UserMapper.selectByPrimaryKey - <==      Total: 1
2022-05-08 10:33:13.373 [http-nio-10086-exec-1] DEBUG com.zd.esearch.mapper.UserMapper.selectByExample - ==>  Preparing: select ID, ACCOUNT_ID, NAME, TOKEN, GMT_CREATE, GMT_MODIFIED, AVATAR_URL from USER WHERE ( TOKEN = ? )
2022-05-08 10:33:13.373 [http-nio-10086-exec-9] DEBUG com.zd.esearch.mapper.UserMapper.selectByExample - ==>  Preparing: select ID, ACCOUNT_ID, NAME, TOKEN, GMT_CREATE, GMT_MODIFIED, AVATAR_URL from USER WHERE ( TOKEN = ? )
2022-05-08 10:33:13.373 [http-nio-10086-exec-9] DEBUG com.zd.esearch.mapper.UserMapper.selectByExample - ==> Parameters: b4a8c678-2eb3-4210-baa0-8489899a6c44(String)
2022-05-08 10:33:13.373 [http-nio-10086-exec-1] DEBUG com.zd.esearch.mapper.UserMapper.selectByExample - ==> Parameters: b4a8c678-2eb3-4210-baa0-8489899a6c44(String)
2022-05-08 10:33:13.373 [http-nio-10086-exec-9] DEBUG com.zd.esearch.mapper.UserMapper.selectByExample - <==      Total: 1
2022-05-08 10:33:13.373 [http-nio-10086-exec-1] DEBUG com.zd.esearch.mapper.UserMapper.selectByExample - <==      Total: 1
2022-05-08 10:33:14.393 [http-nio-10086-exec-10] DEBUG com.zd.esearch.mapper.UserMapper.selectByExample - ==>  Preparing: select ID, ACCOUNT_ID, NAME, TOKEN, GMT_CREATE, GMT_MODIFIED, AVATAR_URL from USER WHERE ( TOKEN = ? )
2022-05-08 10:33:14.394 [http-nio-10086-exec-10] DEBUG com.zd.esearch.mapper.UserMapper.selectByExample - ==> Parameters: b4a8c678-2eb3-4210-baa0-8489899a6c44(String)
2022-05-08 10:33:14.394 [http-nio-10086-exec-10] DEBUG com.zd.esearch.mapper.UserMapper.selectByExample - <==      Total: 1
2022-05-08 10:33:14.395 [http-nio-10086-exec-10] DEBUG c.zd.esearch.mapper.QuestionMapper.countByExample - ==>  Preparing: select count(*) from QUESTION
2022-05-08 10:33:14.395 [http-nio-10086-exec-10] DEBUG c.zd.esearch.mapper.QuestionMapper.countByExample - ==> Parameters: 
2022-05-08 10:33:14.395 [http-nio-10086-exec-10] DEBUG c.zd.esearch.mapper.QuestionMapper.countByExample - <==      Total: 1
2022-05-08 10:33:14.395 [http-nio-10086-exec-10] DEBUG c.z.e.m.Q.selectByExampleWithRowbounds - ==>  Preparing: select ID, TITLE, GMT_CREATE, GMT_MODIFIED, CREATOR, COMMENT_COUNT, VIEW_COUNT, LIKE_COUNT, TAG from QUESTION LIMIT ? OFFSET ?
2022-05-08 10:33:14.395 [http-nio-10086-exec-10] DEBUG c.z.e.m.Q.selectByExampleWithRowbounds - ==> Parameters: 3(Integer), 45(Long)
2022-05-08 10:33:14.396 [http-nio-10086-exec-10] DEBUG c.z.e.m.Q.selectByExampleWithRowbounds - <==      Total: 2
2022-05-08 10:33:14.396 [http-nio-10086-exec-10] DEBUG c.zd.esearch.mapper.UserMapper.selectByPrimaryKey - ==>  Preparing: select ID, ACCOUNT_ID, NAME, TOKEN, GMT_CREATE, GMT_MODIFIED, AVATAR_URL from USER where ID = ?
2022-05-08 10:33:14.396 [http-nio-10086-exec-10] DEBUG c.zd.esearch.mapper.UserMapper.selectByPrimaryKey - ==> Parameters: 3733(Long)
2022-05-08 10:33:14.396 [http-nio-10086-exec-10] DEBUG c.zd.esearch.mapper.UserMapper.selectByPrimaryKey - <==      Total: 1
2022-05-08 10:33:14.396 [http-nio-10086-exec-10] DEBUG c.zd.esearch.mapper.UserMapper.selectByPrimaryKey - ==>  Preparing: select ID, ACCOUNT_ID, NAME, TOKEN, GMT_CREATE, GMT_MODIFIED, AVATAR_URL from USER where ID = ?
2022-05-08 10:33:14.396 [http-nio-10086-exec-10] DEBUG c.zd.esearch.mapper.UserMapper.selectByPrimaryKey - ==> Parameters: 3733(Long)
2022-05-08 10:33:14.397 [http-nio-10086-exec-10] DEBUG c.zd.esearch.mapper.UserMapper.selectByPrimaryKey - <==      Total: 1
2022-05-08 10:33:14.426 [http-nio-10086-exec-2] DEBUG com.zd.esearch.mapper.UserMapper.selectByExample - ==>  Preparing: select ID, ACCOUNT_ID, NAME, TOKEN, GMT_CREATE, GMT_MODIFIED, AVATAR_URL from USER WHERE ( TOKEN = ? )
2022-05-08 10:33:14.426 [http-nio-10086-exec-2] DEBUG com.zd.esearch.mapper.UserMapper.selectByExample - ==> Parameters: b4a8c678-2eb3-4210-baa0-8489899a6c44(String)
2022-05-08 10:33:14.426 [http-nio-10086-exec-3] DEBUG com.zd.esearch.mapper.UserMapper.selectByExample - ==>  Preparing: select ID, ACCOUNT_ID, NAME, TOKEN, GMT_CREATE, GMT_MODIFIED, AVATAR_URL from USER WHERE ( TOKEN = ? )
2022-05-08 10:33:14.426 [http-nio-10086-exec-2] DEBUG com.zd.esearch.mapper.UserMapper.selectByExample - <==      Total: 1
2022-05-08 10:33:14.426 [http-nio-10086-exec-3] DEBUG com.zd.esearch.mapper.UserMapper.selectByExample - ==> Parameters: b4a8c678-2eb3-4210-baa0-8489899a6c44(String)
2022-05-08 10:33:14.427 [http-nio-10086-exec-3] DEBUG com.zd.esearch.mapper.UserMapper.selectByExample - <==      Total: 1
2022-05-08 10:33:15.658 [http-nio-10086-exec-4] DEBUG com.zd.esearch.mapper.UserMapper.selectByExample - ==>  Preparing: select ID, ACCOUNT_ID, NAME, TOKEN, GMT_CREATE, GMT_MODIFIED, AVATAR_URL from USER WHERE ( TOKEN = ? )
2022-05-08 10:33:15.658 [http-nio-10086-exec-4] DEBUG com.zd.esearch.mapper.UserMapper.selectByExample - ==> Parameters: b4a8c678-2eb3-4210-baa0-8489899a6c44(String)
2022-05-08 10:33:15.658 [http-nio-10086-exec-4] DEBUG com.zd.esearch.mapper.UserMapper.selectByExample - <==      Total: 1
2022-05-08 10:33:15.659 [http-nio-10086-exec-4] DEBUG c.zd.esearch.mapper.QuestionMapper.countByExample - ==>  Preparing: select count(*) from QUESTION
2022-05-08 10:33:15.659 [http-nio-10086-exec-4] DEBUG c.zd.esearch.mapper.QuestionMapper.countByExample - ==> Parameters: 
2022-05-08 10:33:15.659 [http-nio-10086-exec-4] DEBUG c.zd.esearch.mapper.QuestionMapper.countByExample - <==      Total: 1
2022-05-08 10:33:15.659 [http-nio-10086-exec-4] DEBUG c.z.e.m.Q.selectByExampleWithRowbounds - ==>  Preparing: select ID, TITLE, GMT_CREATE, GMT_MODIFIED, CREATOR, COMMENT_COUNT, VIEW_COUNT, LIKE_COUNT, TAG from QUESTION LIMIT ?
2022-05-08 10:33:15.660 [http-nio-10086-exec-4] DEBUG c.z.e.m.Q.selectByExampleWithRowbounds - ==> Parameters: 3(Integer)
2022-05-08 10:33:15.660 [http-nio-10086-exec-4] DEBUG c.z.e.m.Q.selectByExampleWithRowbounds - <==      Total: 3
2022-05-08 10:33:15.660 [http-nio-10086-exec-4] DEBUG c.zd.esearch.mapper.UserMapper.selectByPrimaryKey - ==>  Preparing: select ID, ACCOUNT_ID, NAME, TOKEN, GMT_CREATE, GMT_MODIFIED, AVATAR_URL from USER where ID = ?
2022-05-08 10:33:15.660 [http-nio-10086-exec-4] DEBUG c.zd.esearch.mapper.UserMapper.selectByPrimaryKey - ==> Parameters: 3733(Long)
2022-05-08 10:33:15.660 [http-nio-10086-exec-4] DEBUG c.zd.esearch.mapper.UserMapper.selectByPrimaryKey - <==      Total: 1
2022-05-08 10:33:15.661 [http-nio-10086-exec-4] DEBUG c.zd.esearch.mapper.UserMapper.selectByPrimaryKey - ==>  Preparing: select ID, ACCOUNT_ID, NAME, TOKEN, GMT_CREATE, GMT_MODIFIED, AVATAR_URL from USER where ID = ?
2022-05-08 10:33:15.661 [http-nio-10086-exec-4] DEBUG c.zd.esearch.mapper.UserMapper.selectByPrimaryKey - ==> Parameters: 3733(Long)
2022-05-08 10:33:15.661 [http-nio-10086-exec-4] DEBUG c.zd.esearch.mapper.UserMapper.selectByPrimaryKey - <==      Total: 1
2022-05-08 10:33:15.661 [http-nio-10086-exec-4] DEBUG c.zd.esearch.mapper.UserMapper.selectByPrimaryKey - ==>  Preparing: select ID, ACCOUNT_ID, NAME, TOKEN, GMT_CREATE, GMT_MODIFIED, AVATAR_URL from USER where ID = ?
2022-05-08 10:33:15.661 [http-nio-10086-exec-4] DEBUG c.zd.esearch.mapper.UserMapper.selectByPrimaryKey - ==> Parameters: 3733(Long)
2022-05-08 10:33:15.661 [http-nio-10086-exec-4] DEBUG c.zd.esearch.mapper.UserMapper.selectByPrimaryKey - <==      Total: 1
2022-05-08 10:33:15.690 [http-nio-10086-exec-5] DEBUG com.zd.esearch.mapper.UserMapper.selectByExample - ==>  Preparing: select ID, ACCOUNT_ID, NAME, TOKEN, GMT_CREATE, GMT_MODIFIED, AVATAR_URL from USER WHERE ( TOKEN = ? )
2022-05-08 10:33:15.690 [http-nio-10086-exec-5] DEBUG com.zd.esearch.mapper.UserMapper.selectByExample - ==> Parameters: b4a8c678-2eb3-4210-baa0-8489899a6c44(String)
2022-05-08 10:33:15.690 [http-nio-10086-exec-6] DEBUG com.zd.esearch.mapper.UserMapper.selectByExample - ==>  Preparing: select ID, ACCOUNT_ID, NAME, TOKEN, GMT_CREATE, GMT_MODIFIED, AVATAR_URL from USER WHERE ( TOKEN = ? )
2022-05-08 10:33:15.690 [http-nio-10086-exec-6] DEBUG com.zd.esearch.mapper.UserMapper.selectByExample - ==> Parameters: b4a8c678-2eb3-4210-baa0-8489899a6c44(String)
2022-05-08 10:33:15.690 [http-nio-10086-exec-5] DEBUG com.zd.esearch.mapper.UserMapper.selectByExample - <==      Total: 1
2022-05-08 10:33:15.691 [http-nio-10086-exec-6] DEBUG com.zd.esearch.mapper.UserMapper.selectByExample - <==      Total: 1
